GAS LISTING C:\Users\kenne\AppData\Local\Temp\ccVVzDCb.s 			page 1


   1               		.file	"bitbang.cpp"
   2               	__SP_H__ = 0x3e
   3               	__SP_L__ = 0x3d
   4               	__SREG__ = 0x3f
   5               	__tmp_reg__ = 0
   6               	__zero_reg__ = 1
   7               		.text
   8               	.Ltext0:
   9               		.cfi_sections	.debug_frame
  10               		.file 0 "C:\\D\\IFSC\\MCC\\projects\\bitbang timer1" "bitbang.cpp"
  11               	.Letext0:
GAS LISTING C:\Users\kenne\AppData\Local\Temp\ccVVzDCb.s 			page 2


DEFINED SYMBOLS
                            *ABS*:00000000 bitbang.cpp
C:\Users\kenne\AppData\Local\Temp\ccVVzDCb.s:2      *ABS*:0000003e __SP_H__
C:\Users\kenne\AppData\Local\Temp\ccVVzDCb.s:3      *ABS*:0000003d __SP_L__
C:\Users\kenne\AppData\Local\Temp\ccVVzDCb.s:4      *ABS*:0000003f __SREG__
C:\Users\kenne\AppData\Local\Temp\ccVVzDCb.s:5      *ABS*:00000000 __tmp_reg__
C:\Users\kenne\AppData\Local\Temp\ccVVzDCb.s:6      *ABS*:00000001 __zero_reg__

NO UNDEFINED SYMBOLS
