GAS LISTING C:\Users\kenne\AppData\Local\Temp\cciKt14m.s 			page 1


   1               		.file	"LCD_program.c"
   2               	__SP_H__ = 0x3e
   3               	__SP_L__ = 0x3d
   4               	__SREG__ = 0x3f
   5               	__tmp_reg__ = 0
   6               	__zero_reg__ = 1
   7               		.text
   8               	.Ltext0:
   9               		.cfi_sections	.debug_frame
  10               		.file 0 "C:\\D\\IFSC\\MCC\\projects\\mohamed" "src/LCD_program.c"
  11               		.section	.text.lcdwrite,"ax",@progbits
  12               	.global	lcdwrite
  14               	lcdwrite:
  15               	.LVL0:
  16               	.LFB6:
  17               		.file 1 "src/LCD_program.c"
   1:src/LCD_program.c **** /*
   2:src/LCD_program.c ****  * LCD_program.c
   3:src/LCD_program.c ****  *
   4:src/LCD_program.c ****  * Created: 3/23/2022 5:20:48 PM
   5:src/LCD_program.c ****  *  Author: mmyra
   6:src/LCD_program.c ****  */ 
   7:src/LCD_program.c **** 
   8:src/LCD_program.c **** #include "../inc/LCD_private.h"
   9:src/LCD_program.c **** #include "../inc/LCD_interface.h"
  10:src/LCD_program.c **** #include <util/delay.h>
  11:src/LCD_program.c **** 
  12:src/LCD_program.c **** void lcdwrite(char ch,char r)
  13:src/LCD_program.c **** {
  18               		.loc 1 13 1 view -0
  19               		.cfi_startproc
  20               	/* prologue: function */
  21               	/* frame size = 0 */
  22               	/* stack size = 0 */
  23               	.L__stack_usage = 0
  14:src/LCD_program.c **** 	LCDPORT=ch & 0xF0;
  24               		.loc 1 14 2 view .LVU1
  25               		.loc 1 14 13 is_stmt 0 view .LVU2
  26 0000 982F      		mov r25,r24
  27 0002 907F      		andi r25,lo8(-16)
  28               		.loc 1 14 9 view .LVU3
  29 0004 95B9      		out 0x5,r25
  15:src/LCD_program.c **** 	RWLow;
  30               		.loc 1 15 2 is_stmt 1 view .LVU4
  31 0006 95B1      		in r25,0x5
  32 0008 9D7F      		andi r25,lo8(-3)
  33 000a 95B9      		out 0x5,r25
  16:src/LCD_program.c **** 	if(r == 1)
  34               		.loc 1 16 2 view .LVU5
  35               		.loc 1 16 4 is_stmt 0 view .LVU6
  36 000c 6130      		cpi r22,lo8(1)
  37 000e 01F0      		breq .L6
  17:src/LCD_program.c **** 	RSHigh;
  18:src/LCD_program.c **** 	else
  19:src/LCD_program.c **** 	RSLow;
  38               		.loc 1 19 2 is_stmt 1 view .LVU7
  39 0010 95B1      		in r25,0x5
GAS LISTING C:\Users\kenne\AppData\Local\Temp\cciKt14m.s 			page 2


  40 0012 9E7F      		andi r25,lo8(-2)
  41 0014 95B9      		out 0x5,r25
  42               	.L3:
  20:src/LCD_program.c **** 	ENHigh;
  43               		.loc 1 20 2 view .LVU8
  44 0016 95B1      		in r25,0x5
  45 0018 9460      		ori r25,lo8(4)
  46 001a 95B9      		out 0x5,r25
  21:src/LCD_program.c **** 	_delay_ms(5);
  47               		.loc 1 21 2 view .LVU9
  48               	.LVL1:
  49               	.LBB12:
  50               	.LBI12:
  51               		.file 2 "c:\\d\\ifsc\\vscodeleandro\\ex\\toolchains\\avr-gcc\\avr\\include\\util\\delay.h"
   1:c:\d\ifsc\vscodeleandro\ex\toolchains\avr-gcc\avr\include\util\delay.h **** /* Copyright (c) 2002, Marek Michalkiewicz
   2:c:\d\ifsc\vscodeleandro\ex\toolchains\avr-gcc\avr\include\util\delay.h ****    Copyright (c) 2004,2005,2007 Joerg Wunsch
   3:c:\d\ifsc\vscodeleandro\ex\toolchains\avr-gcc\avr\include\util\delay.h ****    Copyright (c) 2007  Florin-Viorel Petrov
   4:c:\d\ifsc\vscodeleandro\ex\toolchains\avr-gcc\avr\include\util\delay.h ****    All rights reserved.
   5:c:\d\ifsc\vscodeleandro\ex\toolchains\avr-gcc\avr\include\util\delay.h **** 
   6:c:\d\ifsc\vscodeleandro\ex\toolchains\avr-gcc\avr\include\util\delay.h ****    Redistribution and use in source and binary forms, with or without
   7:c:\d\ifsc\vscodeleandro\ex\toolchains\avr-gcc\avr\include\util\delay.h ****    modification, are permitted provided that the following conditions are met:
   8:c:\d\ifsc\vscodeleandro\ex\toolchains\avr-gcc\avr\include\util\delay.h **** 
   9:c:\d\ifsc\vscodeleandro\ex\toolchains\avr-gcc\avr\include\util\delay.h ****    * Redistributions of source code must retain the above copyright
  10:c:\d\ifsc\vscodeleandro\ex\toolchains\avr-gcc\avr\include\util\delay.h ****      notice, this list of conditions and the following disclaimer.
  11:c:\d\ifsc\vscodeleandro\ex\toolchains\avr-gcc\avr\include\util\delay.h **** 
  12:c:\d\ifsc\vscodeleandro\ex\toolchains\avr-gcc\avr\include\util\delay.h ****    * Redistributions in binary form must reproduce the above copyright
  13:c:\d\ifsc\vscodeleandro\ex\toolchains\avr-gcc\avr\include\util\delay.h ****      notice, this list of conditions and the following disclaimer in
  14:c:\d\ifsc\vscodeleandro\ex\toolchains\avr-gcc\avr\include\util\delay.h ****      the documentation and/or other materials provided with the
  15:c:\d\ifsc\vscodeleandro\ex\toolchains\avr-gcc\avr\include\util\delay.h ****      distribution.
  16:c:\d\ifsc\vscodeleandro\ex\toolchains\avr-gcc\avr\include\util\delay.h **** 
  17:c:\d\ifsc\vscodeleandro\ex\toolchains\avr-gcc\avr\include\util\delay.h ****    * Neither the name of the copyright holders nor the names of
  18:c:\d\ifsc\vscodeleandro\ex\toolchains\avr-gcc\avr\include\util\delay.h ****      contributors may be used to endorse or promote products derived
  19:c:\d\ifsc\vscodeleandro\ex\toolchains\avr-gcc\avr\include\util\delay.h ****      from this software without specific prior written permission.
  20:c:\d\ifsc\vscodeleandro\ex\toolchains\avr-gcc\avr\include\util\delay.h **** 
  21:c:\d\ifsc\vscodeleandro\ex\toolchains\avr-gcc\avr\include\util\delay.h ****   THIS SOFTWARE IS PROVIDED BY THE COPYRIGHT HOLDERS AND CONTRIBUTORS "AS IS"
  22:c:\d\ifsc\vscodeleandro\ex\toolchains\avr-gcc\avr\include\util\delay.h ****   AND ANY EXPRESS OR IMPLIED WARRANTIES, INCLUDING, BUT NOT LIMITED TO, THE
  23:c:\d\ifsc\vscodeleandro\ex\toolchains\avr-gcc\avr\include\util\delay.h ****   IMPLIED WARRANTIES OF MERCHANTABILITY AND FITNESS FOR A PARTICULAR PURPOSE
  24:c:\d\ifsc\vscodeleandro\ex\toolchains\avr-gcc\avr\include\util\delay.h ****   ARE DISCLAIMED. IN NO EVENT SHALL THE COPYRIGHT OWNER OR CONTRIBUTORS BE
  25:c:\d\ifsc\vscodeleandro\ex\toolchains\avr-gcc\avr\include\util\delay.h ****   LIABLE FOR ANY DIRECT, INDIRECT, INCIDENTAL, SPECIAL, EXEMPLARY, OR
  26:c:\d\ifsc\vscodeleandro\ex\toolchains\avr-gcc\avr\include\util\delay.h ****   CONSEQUENTIAL DAMAGES (INCLUDING, BUT NOT LIMITED TO, PROCUREMENT OF
  27:c:\d\ifsc\vscodeleandro\ex\toolchains\avr-gcc\avr\include\util\delay.h ****   SUBSTITUTE GOODS OR SERVICES; LOSS OF USE, DATA, OR PROFITS; OR BUSINESS
  28:c:\d\ifsc\vscodeleandro\ex\toolchains\avr-gcc\avr\include\util\delay.h ****   INTERRUPTION) HOWEVER CAUSED AND ON ANY THEORY OF LIABILITY, WHETHER IN
  29:c:\d\ifsc\vscodeleandro\ex\toolchains\avr-gcc\avr\include\util\delay.h ****   CONTRACT, STRICT LIABILITY, OR TORT (INCLUDING NEGLIGENCE OR OTHERWISE)
  30:c:\d\ifsc\vscodeleandro\ex\toolchains\avr-gcc\avr\include\util\delay.h ****   ARISING IN ANY WAY OUT OF THE USE OF THIS SOFTWARE, EVEN IF ADVISED OF THE
  31:c:\d\ifsc\vscodeleandro\ex\toolchains\avr-gcc\avr\include\util\delay.h ****   POSSIBILITY OF SUCH DAMAGE. */
  32:c:\d\ifsc\vscodeleandro\ex\toolchains\avr-gcc\avr\include\util\delay.h **** 
  33:c:\d\ifsc\vscodeleandro\ex\toolchains\avr-gcc\avr\include\util\delay.h **** /* $Id$ */
  34:c:\d\ifsc\vscodeleandro\ex\toolchains\avr-gcc\avr\include\util\delay.h **** 
  35:c:\d\ifsc\vscodeleandro\ex\toolchains\avr-gcc\avr\include\util\delay.h **** #ifndef _UTIL_DELAY_H_
  36:c:\d\ifsc\vscodeleandro\ex\toolchains\avr-gcc\avr\include\util\delay.h **** #define _UTIL_DELAY_H_ 1
  37:c:\d\ifsc\vscodeleandro\ex\toolchains\avr-gcc\avr\include\util\delay.h **** 
  38:c:\d\ifsc\vscodeleandro\ex\toolchains\avr-gcc\avr\include\util\delay.h **** #ifndef __DOXYGEN__
  39:c:\d\ifsc\vscodeleandro\ex\toolchains\avr-gcc\avr\include\util\delay.h **** #  ifndef __HAS_DELAY_CYCLES
  40:c:\d\ifsc\vscodeleandro\ex\toolchains\avr-gcc\avr\include\util\delay.h **** #    define __HAS_DELAY_CYCLES 1
  41:c:\d\ifsc\vscodeleandro\ex\toolchains\avr-gcc\avr\include\util\delay.h **** #  endif
  42:c:\d\ifsc\vscodeleandro\ex\toolchains\avr-gcc\avr\include\util\delay.h **** #endif  /* __DOXYGEN__ */
  43:c:\d\ifsc\vscodeleandro\ex\toolchains\avr-gcc\avr\include\util\delay.h **** 
GAS LISTING C:\Users\kenne\AppData\Local\Temp\cciKt14m.s 			page 3


  44:c:\d\ifsc\vscodeleandro\ex\toolchains\avr-gcc\avr\include\util\delay.h **** #include <inttypes.h>
  45:c:\d\ifsc\vscodeleandro\ex\toolchains\avr-gcc\avr\include\util\delay.h **** #include <util/delay_basic.h>
  46:c:\d\ifsc\vscodeleandro\ex\toolchains\avr-gcc\avr\include\util\delay.h **** #include <math.h>
  47:c:\d\ifsc\vscodeleandro\ex\toolchains\avr-gcc\avr\include\util\delay.h **** 
  48:c:\d\ifsc\vscodeleandro\ex\toolchains\avr-gcc\avr\include\util\delay.h **** /** \file */
  49:c:\d\ifsc\vscodeleandro\ex\toolchains\avr-gcc\avr\include\util\delay.h **** /** \defgroup util_delay <util/delay.h>: Convenience functions for busy-wait delay loops
  50:c:\d\ifsc\vscodeleandro\ex\toolchains\avr-gcc\avr\include\util\delay.h ****     \code
  51:c:\d\ifsc\vscodeleandro\ex\toolchains\avr-gcc\avr\include\util\delay.h ****     #define F_CPU 1000000UL  // 1 MHz
  52:c:\d\ifsc\vscodeleandro\ex\toolchains\avr-gcc\avr\include\util\delay.h ****     //#define F_CPU 14.7456E6
  53:c:\d\ifsc\vscodeleandro\ex\toolchains\avr-gcc\avr\include\util\delay.h ****     #include <util/delay.h>
  54:c:\d\ifsc\vscodeleandro\ex\toolchains\avr-gcc\avr\include\util\delay.h ****     \endcode
  55:c:\d\ifsc\vscodeleandro\ex\toolchains\avr-gcc\avr\include\util\delay.h **** 
  56:c:\d\ifsc\vscodeleandro\ex\toolchains\avr-gcc\avr\include\util\delay.h ****     \note As an alternative method, it is possible to pass the
  57:c:\d\ifsc\vscodeleandro\ex\toolchains\avr-gcc\avr\include\util\delay.h ****     F_CPU macro down to the compiler from the Makefile.
  58:c:\d\ifsc\vscodeleandro\ex\toolchains\avr-gcc\avr\include\util\delay.h ****     Obviously, in that case, no \c \#define statement should be
  59:c:\d\ifsc\vscodeleandro\ex\toolchains\avr-gcc\avr\include\util\delay.h ****     used.
  60:c:\d\ifsc\vscodeleandro\ex\toolchains\avr-gcc\avr\include\util\delay.h **** 
  61:c:\d\ifsc\vscodeleandro\ex\toolchains\avr-gcc\avr\include\util\delay.h ****     The functions in this header file are wrappers around the basic
  62:c:\d\ifsc\vscodeleandro\ex\toolchains\avr-gcc\avr\include\util\delay.h ****     busy-wait functions from <util/delay_basic.h>.  They are meant as
  63:c:\d\ifsc\vscodeleandro\ex\toolchains\avr-gcc\avr\include\util\delay.h ****     convenience functions where actual time values can be specified
  64:c:\d\ifsc\vscodeleandro\ex\toolchains\avr-gcc\avr\include\util\delay.h ****     rather than a number of cycles to wait for.  The idea behind is
  65:c:\d\ifsc\vscodeleandro\ex\toolchains\avr-gcc\avr\include\util\delay.h ****     that compile-time constant expressions will be eliminated by
  66:c:\d\ifsc\vscodeleandro\ex\toolchains\avr-gcc\avr\include\util\delay.h ****     compiler optimization so floating-point expressions can be used
  67:c:\d\ifsc\vscodeleandro\ex\toolchains\avr-gcc\avr\include\util\delay.h ****     to calculate the number of delay cycles needed based on the CPU
  68:c:\d\ifsc\vscodeleandro\ex\toolchains\avr-gcc\avr\include\util\delay.h ****     frequency passed by the macro F_CPU.
  69:c:\d\ifsc\vscodeleandro\ex\toolchains\avr-gcc\avr\include\util\delay.h **** 
  70:c:\d\ifsc\vscodeleandro\ex\toolchains\avr-gcc\avr\include\util\delay.h ****     \note In order for these functions to work as intended, compiler
  71:c:\d\ifsc\vscodeleandro\ex\toolchains\avr-gcc\avr\include\util\delay.h ****     optimizations <em>must</em> be enabled, and the delay time
  72:c:\d\ifsc\vscodeleandro\ex\toolchains\avr-gcc\avr\include\util\delay.h ****     <em>must</em> be an expression that is a known constant at
  73:c:\d\ifsc\vscodeleandro\ex\toolchains\avr-gcc\avr\include\util\delay.h ****     compile-time.  If these requirements are not met, the resulting
  74:c:\d\ifsc\vscodeleandro\ex\toolchains\avr-gcc\avr\include\util\delay.h ****     delay will be much longer (and basically unpredictable), and
  75:c:\d\ifsc\vscodeleandro\ex\toolchains\avr-gcc\avr\include\util\delay.h ****     applications that otherwise do not use floating-point calculations
  76:c:\d\ifsc\vscodeleandro\ex\toolchains\avr-gcc\avr\include\util\delay.h ****     will experience severe code bloat by the floating-point library
  77:c:\d\ifsc\vscodeleandro\ex\toolchains\avr-gcc\avr\include\util\delay.h ****     routines linked into the application.
  78:c:\d\ifsc\vscodeleandro\ex\toolchains\avr-gcc\avr\include\util\delay.h **** 
  79:c:\d\ifsc\vscodeleandro\ex\toolchains\avr-gcc\avr\include\util\delay.h ****     The functions available allow the specification of microsecond, and
  80:c:\d\ifsc\vscodeleandro\ex\toolchains\avr-gcc\avr\include\util\delay.h ****     millisecond delays directly, using the application-supplied macro
  81:c:\d\ifsc\vscodeleandro\ex\toolchains\avr-gcc\avr\include\util\delay.h ****     F_CPU as the CPU clock frequency (in Hertz).
  82:c:\d\ifsc\vscodeleandro\ex\toolchains\avr-gcc\avr\include\util\delay.h **** 
  83:c:\d\ifsc\vscodeleandro\ex\toolchains\avr-gcc\avr\include\util\delay.h **** */
  84:c:\d\ifsc\vscodeleandro\ex\toolchains\avr-gcc\avr\include\util\delay.h **** 
  85:c:\d\ifsc\vscodeleandro\ex\toolchains\avr-gcc\avr\include\util\delay.h **** #if !defined(__DOXYGEN__)
  86:c:\d\ifsc\vscodeleandro\ex\toolchains\avr-gcc\avr\include\util\delay.h **** static __inline__ void _delay_us(double __us) __attribute__((__always_inline__));
  87:c:\d\ifsc\vscodeleandro\ex\toolchains\avr-gcc\avr\include\util\delay.h **** static __inline__ void _delay_ms(double __ms) __attribute__((__always_inline__));
  88:c:\d\ifsc\vscodeleandro\ex\toolchains\avr-gcc\avr\include\util\delay.h **** #endif
  89:c:\d\ifsc\vscodeleandro\ex\toolchains\avr-gcc\avr\include\util\delay.h **** 
  90:c:\d\ifsc\vscodeleandro\ex\toolchains\avr-gcc\avr\include\util\delay.h **** #ifndef F_CPU
  91:c:\d\ifsc\vscodeleandro\ex\toolchains\avr-gcc\avr\include\util\delay.h **** /* prevent compiler error by supplying a default */
  92:c:\d\ifsc\vscodeleandro\ex\toolchains\avr-gcc\avr\include\util\delay.h **** # warning "F_CPU not defined for <util/delay.h>"
  93:c:\d\ifsc\vscodeleandro\ex\toolchains\avr-gcc\avr\include\util\delay.h **** /** \ingroup util_delay
  94:c:\d\ifsc\vscodeleandro\ex\toolchains\avr-gcc\avr\include\util\delay.h ****     \def F_CPU
  95:c:\d\ifsc\vscodeleandro\ex\toolchains\avr-gcc\avr\include\util\delay.h ****     \brief CPU frequency in Hz
  96:c:\d\ifsc\vscodeleandro\ex\toolchains\avr-gcc\avr\include\util\delay.h **** 
  97:c:\d\ifsc\vscodeleandro\ex\toolchains\avr-gcc\avr\include\util\delay.h ****     The macro F_CPU specifies the CPU frequency to be considered by
  98:c:\d\ifsc\vscodeleandro\ex\toolchains\avr-gcc\avr\include\util\delay.h ****     the delay macros.  This macro is normally supplied by the
  99:c:\d\ifsc\vscodeleandro\ex\toolchains\avr-gcc\avr\include\util\delay.h ****     environment (e.g. from within a project header, or the project's
 100:c:\d\ifsc\vscodeleandro\ex\toolchains\avr-gcc\avr\include\util\delay.h ****     Makefile).  The value 1 MHz here is only provided as a "vanilla"
GAS LISTING C:\Users\kenne\AppData\Local\Temp\cciKt14m.s 			page 4


 101:c:\d\ifsc\vscodeleandro\ex\toolchains\avr-gcc\avr\include\util\delay.h ****     fallback if no such user-provided definition could be found.
 102:c:\d\ifsc\vscodeleandro\ex\toolchains\avr-gcc\avr\include\util\delay.h **** 
 103:c:\d\ifsc\vscodeleandro\ex\toolchains\avr-gcc\avr\include\util\delay.h ****     In terms of the delay functions, the CPU frequency can be given as
 104:c:\d\ifsc\vscodeleandro\ex\toolchains\avr-gcc\avr\include\util\delay.h ****     a floating-point constant (e.g. 3.6864E6 for 3.6864 MHz).
 105:c:\d\ifsc\vscodeleandro\ex\toolchains\avr-gcc\avr\include\util\delay.h ****     However, the macros in <util/setbaud.h> require it to be an
 106:c:\d\ifsc\vscodeleandro\ex\toolchains\avr-gcc\avr\include\util\delay.h ****     integer value.
 107:c:\d\ifsc\vscodeleandro\ex\toolchains\avr-gcc\avr\include\util\delay.h ****  */
 108:c:\d\ifsc\vscodeleandro\ex\toolchains\avr-gcc\avr\include\util\delay.h **** # define F_CPU 1000000UL
 109:c:\d\ifsc\vscodeleandro\ex\toolchains\avr-gcc\avr\include\util\delay.h **** #endif
 110:c:\d\ifsc\vscodeleandro\ex\toolchains\avr-gcc\avr\include\util\delay.h **** 
 111:c:\d\ifsc\vscodeleandro\ex\toolchains\avr-gcc\avr\include\util\delay.h **** #ifndef __OPTIMIZE__
 112:c:\d\ifsc\vscodeleandro\ex\toolchains\avr-gcc\avr\include\util\delay.h **** # warning "Compiler optimizations disabled; functions from <util/delay.h> won't work as designed"
 113:c:\d\ifsc\vscodeleandro\ex\toolchains\avr-gcc\avr\include\util\delay.h **** #endif
 114:c:\d\ifsc\vscodeleandro\ex\toolchains\avr-gcc\avr\include\util\delay.h **** 
 115:c:\d\ifsc\vscodeleandro\ex\toolchains\avr-gcc\avr\include\util\delay.h **** #if __HAS_DELAY_CYCLES && defined(__OPTIMIZE__) && \
 116:c:\d\ifsc\vscodeleandro\ex\toolchains\avr-gcc\avr\include\util\delay.h ****   !defined(__DELAY_BACKWARD_COMPATIBLE__) &&	   \
 117:c:\d\ifsc\vscodeleandro\ex\toolchains\avr-gcc\avr\include\util\delay.h ****   __STDC_HOSTED__
 118:c:\d\ifsc\vscodeleandro\ex\toolchains\avr-gcc\avr\include\util\delay.h **** #  include <math.h>
 119:c:\d\ifsc\vscodeleandro\ex\toolchains\avr-gcc\avr\include\util\delay.h **** #endif
 120:c:\d\ifsc\vscodeleandro\ex\toolchains\avr-gcc\avr\include\util\delay.h **** 
 121:c:\d\ifsc\vscodeleandro\ex\toolchains\avr-gcc\avr\include\util\delay.h **** /**
 122:c:\d\ifsc\vscodeleandro\ex\toolchains\avr-gcc\avr\include\util\delay.h ****    \ingroup util_delay
 123:c:\d\ifsc\vscodeleandro\ex\toolchains\avr-gcc\avr\include\util\delay.h **** 
 124:c:\d\ifsc\vscodeleandro\ex\toolchains\avr-gcc\avr\include\util\delay.h ****    Perform a delay of \c __ms milliseconds, using _delay_loop_2().
 125:c:\d\ifsc\vscodeleandro\ex\toolchains\avr-gcc\avr\include\util\delay.h **** 
 126:c:\d\ifsc\vscodeleandro\ex\toolchains\avr-gcc\avr\include\util\delay.h ****    The macro F_CPU is supposed to be defined to a
 127:c:\d\ifsc\vscodeleandro\ex\toolchains\avr-gcc\avr\include\util\delay.h ****    constant defining the CPU clock frequency (in Hertz).
 128:c:\d\ifsc\vscodeleandro\ex\toolchains\avr-gcc\avr\include\util\delay.h **** 
 129:c:\d\ifsc\vscodeleandro\ex\toolchains\avr-gcc\avr\include\util\delay.h ****    The maximal possible delay is 262.14 ms / F_CPU in MHz.
 130:c:\d\ifsc\vscodeleandro\ex\toolchains\avr-gcc\avr\include\util\delay.h **** 
 131:c:\d\ifsc\vscodeleandro\ex\toolchains\avr-gcc\avr\include\util\delay.h ****    When the user request delay which exceed the maximum possible one,
 132:c:\d\ifsc\vscodeleandro\ex\toolchains\avr-gcc\avr\include\util\delay.h ****    _delay_ms() provides a decreased resolution functionality. In this
 133:c:\d\ifsc\vscodeleandro\ex\toolchains\avr-gcc\avr\include\util\delay.h ****    mode _delay_ms() will work with a resolution of 1/10 ms, providing
 134:c:\d\ifsc\vscodeleandro\ex\toolchains\avr-gcc\avr\include\util\delay.h ****    delays up to 6.5535 seconds (independent from CPU frequency).  The
 135:c:\d\ifsc\vscodeleandro\ex\toolchains\avr-gcc\avr\include\util\delay.h ****    user will not be informed about decreased resolution.
 136:c:\d\ifsc\vscodeleandro\ex\toolchains\avr-gcc\avr\include\util\delay.h **** 
 137:c:\d\ifsc\vscodeleandro\ex\toolchains\avr-gcc\avr\include\util\delay.h ****    If the avr-gcc toolchain has __builtin_avr_delay_cycles()
 138:c:\d\ifsc\vscodeleandro\ex\toolchains\avr-gcc\avr\include\util\delay.h ****    support, maximal possible delay is 4294967.295 ms/ F_CPU in MHz. For
 139:c:\d\ifsc\vscodeleandro\ex\toolchains\avr-gcc\avr\include\util\delay.h ****    values greater than the maximal possible delay, overflows results in
 140:c:\d\ifsc\vscodeleandro\ex\toolchains\avr-gcc\avr\include\util\delay.h ****    no delay i.e., 0ms.
 141:c:\d\ifsc\vscodeleandro\ex\toolchains\avr-gcc\avr\include\util\delay.h **** 
 142:c:\d\ifsc\vscodeleandro\ex\toolchains\avr-gcc\avr\include\util\delay.h ****    Conversion of \c __ms into clock cycles may not always result in
 143:c:\d\ifsc\vscodeleandro\ex\toolchains\avr-gcc\avr\include\util\delay.h ****    integer.  By default, the clock cycles rounded up to next
 144:c:\d\ifsc\vscodeleandro\ex\toolchains\avr-gcc\avr\include\util\delay.h ****    integer. This ensures that the user gets at least \c __ms
 145:c:\d\ifsc\vscodeleandro\ex\toolchains\avr-gcc\avr\include\util\delay.h ****    microseconds of delay.
 146:c:\d\ifsc\vscodeleandro\ex\toolchains\avr-gcc\avr\include\util\delay.h **** 
 147:c:\d\ifsc\vscodeleandro\ex\toolchains\avr-gcc\avr\include\util\delay.h ****    Alternatively, by defining the macro \c __DELAY_ROUND_DOWN__, or
 148:c:\d\ifsc\vscodeleandro\ex\toolchains\avr-gcc\avr\include\util\delay.h ****    \c __DELAY_ROUND_CLOSEST__, before including this header file, the
 149:c:\d\ifsc\vscodeleandro\ex\toolchains\avr-gcc\avr\include\util\delay.h ****    algorithm can be made to round down, or round to closest integer,
 150:c:\d\ifsc\vscodeleandro\ex\toolchains\avr-gcc\avr\include\util\delay.h ****    respectively.
 151:c:\d\ifsc\vscodeleandro\ex\toolchains\avr-gcc\avr\include\util\delay.h **** 
 152:c:\d\ifsc\vscodeleandro\ex\toolchains\avr-gcc\avr\include\util\delay.h ****    \note
 153:c:\d\ifsc\vscodeleandro\ex\toolchains\avr-gcc\avr\include\util\delay.h **** 
 154:c:\d\ifsc\vscodeleandro\ex\toolchains\avr-gcc\avr\include\util\delay.h ****    The implementation of _delay_ms() based on
 155:c:\d\ifsc\vscodeleandro\ex\toolchains\avr-gcc\avr\include\util\delay.h ****    __builtin_avr_delay_cycles() is not backward compatible with older
 156:c:\d\ifsc\vscodeleandro\ex\toolchains\avr-gcc\avr\include\util\delay.h ****    implementations.  In order to get functionality backward compatible
 157:c:\d\ifsc\vscodeleandro\ex\toolchains\avr-gcc\avr\include\util\delay.h ****    with previous versions, the macro \c "__DELAY_BACKWARD_COMPATIBLE__"
GAS LISTING C:\Users\kenne\AppData\Local\Temp\cciKt14m.s 			page 5


 158:c:\d\ifsc\vscodeleandro\ex\toolchains\avr-gcc\avr\include\util\delay.h ****    must be defined before including this header file. Also, the
 159:c:\d\ifsc\vscodeleandro\ex\toolchains\avr-gcc\avr\include\util\delay.h ****    backward compatible algorithm will be chosen if the code is
 160:c:\d\ifsc\vscodeleandro\ex\toolchains\avr-gcc\avr\include\util\delay.h ****    compiled in a <em>freestanding environment</em> (GCC option
 161:c:\d\ifsc\vscodeleandro\ex\toolchains\avr-gcc\avr\include\util\delay.h ****    \c -ffreestanding), as the math functions required for rounding are
 162:c:\d\ifsc\vscodeleandro\ex\toolchains\avr-gcc\avr\include\util\delay.h ****    not available to the compiler then.
 163:c:\d\ifsc\vscodeleandro\ex\toolchains\avr-gcc\avr\include\util\delay.h **** 
 164:c:\d\ifsc\vscodeleandro\ex\toolchains\avr-gcc\avr\include\util\delay.h ****  */
 165:c:\d\ifsc\vscodeleandro\ex\toolchains\avr-gcc\avr\include\util\delay.h **** void
 166:c:\d\ifsc\vscodeleandro\ex\toolchains\avr-gcc\avr\include\util\delay.h **** _delay_ms(double __ms)
  52               		.loc 2 166 1 view .LVU10
  53               	.LBB13:
 167:c:\d\ifsc\vscodeleandro\ex\toolchains\avr-gcc\avr\include\util\delay.h **** {
 168:c:\d\ifsc\vscodeleandro\ex\toolchains\avr-gcc\avr\include\util\delay.h **** 	double __tmp ;
  54               		.loc 2 168 2 view .LVU11
 169:c:\d\ifsc\vscodeleandro\ex\toolchains\avr-gcc\avr\include\util\delay.h **** #if __HAS_DELAY_CYCLES && defined(__OPTIMIZE__) && \
 170:c:\d\ifsc\vscodeleandro\ex\toolchains\avr-gcc\avr\include\util\delay.h ****   !defined(__DELAY_BACKWARD_COMPATIBLE__) &&	   \
 171:c:\d\ifsc\vscodeleandro\ex\toolchains\avr-gcc\avr\include\util\delay.h ****   __STDC_HOSTED__
 172:c:\d\ifsc\vscodeleandro\ex\toolchains\avr-gcc\avr\include\util\delay.h **** 	uint32_t __ticks_dc;
  55               		.loc 2 172 2 view .LVU12
 173:c:\d\ifsc\vscodeleandro\ex\toolchains\avr-gcc\avr\include\util\delay.h **** 	extern void __builtin_avr_delay_cycles(unsigned long);
  56               		.loc 2 173 2 view .LVU13
 174:c:\d\ifsc\vscodeleandro\ex\toolchains\avr-gcc\avr\include\util\delay.h **** 	__tmp = ((F_CPU) / 1e3) * __ms;
  57               		.loc 2 174 2 view .LVU14
 175:c:\d\ifsc\vscodeleandro\ex\toolchains\avr-gcc\avr\include\util\delay.h **** 
 176:c:\d\ifsc\vscodeleandro\ex\toolchains\avr-gcc\avr\include\util\delay.h **** 	#if defined(__DELAY_ROUND_DOWN__)
 177:c:\d\ifsc\vscodeleandro\ex\toolchains\avr-gcc\avr\include\util\delay.h **** 		__ticks_dc = (uint32_t)fabs(__tmp);
 178:c:\d\ifsc\vscodeleandro\ex\toolchains\avr-gcc\avr\include\util\delay.h **** 
 179:c:\d\ifsc\vscodeleandro\ex\toolchains\avr-gcc\avr\include\util\delay.h **** 	#elif defined(__DELAY_ROUND_CLOSEST__)
 180:c:\d\ifsc\vscodeleandro\ex\toolchains\avr-gcc\avr\include\util\delay.h **** 		__ticks_dc = (uint32_t)(fabs(__tmp)+0.5);
 181:c:\d\ifsc\vscodeleandro\ex\toolchains\avr-gcc\avr\include\util\delay.h **** 
 182:c:\d\ifsc\vscodeleandro\ex\toolchains\avr-gcc\avr\include\util\delay.h **** 	#else
 183:c:\d\ifsc\vscodeleandro\ex\toolchains\avr-gcc\avr\include\util\delay.h **** 		//round up by default
 184:c:\d\ifsc\vscodeleandro\ex\toolchains\avr-gcc\avr\include\util\delay.h **** 		__ticks_dc = (uint32_t)(ceil(fabs(__tmp)));
  58               		.loc 2 184 3 view .LVU15
 185:c:\d\ifsc\vscodeleandro\ex\toolchains\avr-gcc\avr\include\util\delay.h **** 	#endif
 186:c:\d\ifsc\vscodeleandro\ex\toolchains\avr-gcc\avr\include\util\delay.h **** 
 187:c:\d\ifsc\vscodeleandro\ex\toolchains\avr-gcc\avr\include\util\delay.h **** 	__builtin_avr_delay_cycles(__ticks_dc);
  59               		.loc 2 187 2 view .LVU16
  60 001c E1EE      		ldi r30,lo8(1249)
  61 001e F4E0      		ldi r31,hi8(1249)
  62 0020 3197      	1:	sbiw r30,1
  63 0022 01F4      		brne 1b
  64 0024 00C0      		rjmp .
  65 0026 0000      		nop
  66               	.LVL2:
  67               		.loc 2 187 2 is_stmt 0 view .LVU17
  68               	.LBE13:
  69               	.LBE12:
  22:src/LCD_program.c **** 	ENLow;
  70               		.loc 1 22 2 is_stmt 1 view .LVU18
  71 0028 95B1      		in r25,0x5
  72 002a 9B7F      		andi r25,lo8(-5)
  73 002c 95B9      		out 0x5,r25
  23:src/LCD_program.c **** 	_delay_ms(15);
  74               		.loc 1 23 2 view .LVU19
  75               	.LVL3:
  76               	.LBB14:
GAS LISTING C:\Users\kenne\AppData\Local\Temp\cciKt14m.s 			page 6


  77               	.LBI14:
 166:c:\d\ifsc\vscodeleandro\ex\toolchains\avr-gcc\avr\include\util\delay.h **** {
  78               		.loc 2 166 1 view .LVU20
  79               	.LBB15:
 168:c:\d\ifsc\vscodeleandro\ex\toolchains\avr-gcc\avr\include\util\delay.h **** #if __HAS_DELAY_CYCLES && defined(__OPTIMIZE__) && \
  80               		.loc 2 168 2 view .LVU21
 172:c:\d\ifsc\vscodeleandro\ex\toolchains\avr-gcc\avr\include\util\delay.h **** 	extern void __builtin_avr_delay_cycles(unsigned long);
  81               		.loc 2 172 2 view .LVU22
 173:c:\d\ifsc\vscodeleandro\ex\toolchains\avr-gcc\avr\include\util\delay.h **** 	__tmp = ((F_CPU) / 1e3) * __ms;
  82               		.loc 2 173 2 view .LVU23
 174:c:\d\ifsc\vscodeleandro\ex\toolchains\avr-gcc\avr\include\util\delay.h **** 
  83               		.loc 2 174 2 view .LVU24
 184:c:\d\ifsc\vscodeleandro\ex\toolchains\avr-gcc\avr\include\util\delay.h **** 	#endif
  84               		.loc 2 184 3 view .LVU25
  85               		.loc 2 187 2 view .LVU26
  86 002e E5EA      		ldi r30,lo8(3749)
  87 0030 FEE0      		ldi r31,hi8(3749)
  88 0032 3197      	1:	sbiw r30,1
  89 0034 01F4      		brne 1b
  90 0036 00C0      		rjmp .
  91 0038 0000      		nop
  92               	.LVL4:
  93               		.loc 2 187 2 is_stmt 0 view .LVU27
  94               	.LBE15:
  95               	.LBE14:
  24:src/LCD_program.c **** 	
  25:src/LCD_program.c **** 	LCDPORT=ch<<4 & 0xF0;
  96               		.loc 1 25 2 is_stmt 1 view .LVU28
  97               		.loc 1 25 12 is_stmt 0 view .LVU29
  98 003a F0E1      		ldi r31,lo8(16)
  99 003c 8F02      		muls r24,r31
 100 003e C001      		movw r24,r0
 101 0040 1124      		clr __zero_reg__
 102               	.LVL5:
 103               		.loc 1 25 9 view .LVU30
 104 0042 85B9      		out 0x5,r24
  26:src/LCD_program.c **** 	RWLow;
 105               		.loc 1 26 2 is_stmt 1 view .LVU31
 106 0044 85B1      		in r24,0x5
 107 0046 8D7F      		andi r24,lo8(-3)
 108 0048 85B9      		out 0x5,r24
  27:src/LCD_program.c **** 	if(r == 1)
 109               		.loc 1 27 2 view .LVU32
 110               		.loc 1 27 4 is_stmt 0 view .LVU33
 111 004a 6130      		cpi r22,lo8(1)
 112 004c 01F0      		breq .L7
  28:src/LCD_program.c **** 	RSHigh;
  29:src/LCD_program.c **** 	else
  30:src/LCD_program.c **** 	RSLow;
 113               		.loc 1 30 2 is_stmt 1 view .LVU34
 114 004e 85B1      		in r24,0x5
 115 0050 8E7F      		andi r24,lo8(-2)
 116 0052 85B9      		out 0x5,r24
 117               	.L5:
  31:src/LCD_program.c **** 	ENHigh;
 118               		.loc 1 31 2 view .LVU35
 119 0054 85B1      		in r24,0x5
GAS LISTING C:\Users\kenne\AppData\Local\Temp\cciKt14m.s 			page 7


 120 0056 8460      		ori r24,lo8(4)
 121 0058 85B9      		out 0x5,r24
  32:src/LCD_program.c **** 	_delay_ms(5);
 122               		.loc 1 32 2 view .LVU36
 123               	.LVL6:
 124               	.LBB16:
 125               	.LBI16:
 166:c:\d\ifsc\vscodeleandro\ex\toolchains\avr-gcc\avr\include\util\delay.h **** {
 126               		.loc 2 166 1 view .LVU37
 127               	.LBB17:
 168:c:\d\ifsc\vscodeleandro\ex\toolchains\avr-gcc\avr\include\util\delay.h **** #if __HAS_DELAY_CYCLES && defined(__OPTIMIZE__) && \
 128               		.loc 2 168 2 view .LVU38
 172:c:\d\ifsc\vscodeleandro\ex\toolchains\avr-gcc\avr\include\util\delay.h **** 	extern void __builtin_avr_delay_cycles(unsigned long);
 129               		.loc 2 172 2 view .LVU39
 173:c:\d\ifsc\vscodeleandro\ex\toolchains\avr-gcc\avr\include\util\delay.h **** 	__tmp = ((F_CPU) / 1e3) * __ms;
 130               		.loc 2 173 2 view .LVU40
 174:c:\d\ifsc\vscodeleandro\ex\toolchains\avr-gcc\avr\include\util\delay.h **** 
 131               		.loc 2 174 2 view .LVU41
 184:c:\d\ifsc\vscodeleandro\ex\toolchains\avr-gcc\avr\include\util\delay.h **** 	#endif
 132               		.loc 2 184 3 view .LVU42
 133               		.loc 2 187 2 view .LVU43
 134 005a 81EE      		ldi r24,lo8(1249)
 135 005c 94E0      		ldi r25,hi8(1249)
 136 005e 0197      	1:	sbiw r24,1
 137 0060 01F4      		brne 1b
 138 0062 00C0      		rjmp .
 139 0064 0000      		nop
 140               	.LVL7:
 141               		.loc 2 187 2 is_stmt 0 view .LVU44
 142               	.LBE17:
 143               	.LBE16:
  33:src/LCD_program.c **** 	ENLow;
 144               		.loc 1 33 2 is_stmt 1 view .LVU45
 145 0066 85B1      		in r24,0x5
 146 0068 8B7F      		andi r24,lo8(-5)
 147 006a 85B9      		out 0x5,r24
  34:src/LCD_program.c **** 	_delay_ms(15);
 148               		.loc 1 34 2 view .LVU46
 149               	.LVL8:
 150               	.LBB18:
 151               	.LBI18:
 166:c:\d\ifsc\vscodeleandro\ex\toolchains\avr-gcc\avr\include\util\delay.h **** {
 152               		.loc 2 166 1 view .LVU47
 153               	.LBB19:
 168:c:\d\ifsc\vscodeleandro\ex\toolchains\avr-gcc\avr\include\util\delay.h **** #if __HAS_DELAY_CYCLES && defined(__OPTIMIZE__) && \
 154               		.loc 2 168 2 view .LVU48
 172:c:\d\ifsc\vscodeleandro\ex\toolchains\avr-gcc\avr\include\util\delay.h **** 	extern void __builtin_avr_delay_cycles(unsigned long);
 155               		.loc 2 172 2 view .LVU49
 173:c:\d\ifsc\vscodeleandro\ex\toolchains\avr-gcc\avr\include\util\delay.h **** 	__tmp = ((F_CPU) / 1e3) * __ms;
 156               		.loc 2 173 2 view .LVU50
 174:c:\d\ifsc\vscodeleandro\ex\toolchains\avr-gcc\avr\include\util\delay.h **** 
 157               		.loc 2 174 2 view .LVU51
 184:c:\d\ifsc\vscodeleandro\ex\toolchains\avr-gcc\avr\include\util\delay.h **** 	#endif
 158               		.loc 2 184 3 view .LVU52
 159               		.loc 2 187 2 view .LVU53
 160 006c E5EA      		ldi r30,lo8(3749)
 161 006e FEE0      		ldi r31,hi8(3749)
GAS LISTING C:\Users\kenne\AppData\Local\Temp\cciKt14m.s 			page 8


 162 0070 3197      	1:	sbiw r30,1
 163 0072 01F4      		brne 1b
 164 0074 00C0      		rjmp .
 165 0076 0000      		nop
 166               	.LVL9:
 167               	/* epilogue start */
 168               		.loc 2 187 2 is_stmt 0 view .LVU54
 169               	.LBE19:
 170               	.LBE18:
  35:src/LCD_program.c **** }
 171               		.loc 1 35 1 view .LVU55
 172 0078 0895      		ret
 173               	.LVL10:
 174               	.L6:
  17:src/LCD_program.c **** 	else
 175               		.loc 1 17 2 is_stmt 1 view .LVU56
 176 007a 95B1      		in r25,0x5
 177 007c 9160      		ori r25,lo8(1)
 178 007e 95B9      		out 0x5,r25
 179 0080 00C0      		rjmp .L3
 180               	.LVL11:
 181               	.L7:
  28:src/LCD_program.c **** 	else
 182               		.loc 1 28 2 view .LVU57
 183 0082 85B1      		in r24,0x5
 184 0084 8160      		ori r24,lo8(1)
 185 0086 85B9      		out 0x5,r24
 186 0088 00C0      		rjmp .L5
 187               		.cfi_endproc
 188               	.LFE6:
 190               		.section	.text.lcdprint,"ax",@progbits
 191               	.global	lcdprint
 193               	lcdprint:
 194               	.LVL12:
 195               	.LFB7:
  36:src/LCD_program.c **** 
  37:src/LCD_program.c **** void lcdprint(const char *str)
  38:src/LCD_program.c **** {
 196               		.loc 1 38 1 view -0
 197               		.cfi_startproc
 198               		.loc 1 38 1 is_stmt 0 view .LVU59
 199 0000 CF93      		push r28
 200               		.cfi_def_cfa_offset 3
 201               		.cfi_offset 28, -2
 202 0002 DF93      		push r29
 203               		.cfi_def_cfa_offset 4
 204               		.cfi_offset 29, -3
 205               	/* prologue: function */
 206               	/* frame size = 0 */
 207               	/* stack size = 2 */
 208               	.L__stack_usage = 2
 209 0004 C82F      		mov r28,r24
 210 0006 D92F      		mov r29,r25
  39:src/LCD_program.c **** 	while(*str)
 211               		.loc 1 39 2 is_stmt 1 view .LVU60
 212               		.loc 1 39 7 is_stmt 0 view .LVU61
 213 0008 00C0      		rjmp .L9
GAS LISTING C:\Users\kenne\AppData\Local\Temp\cciKt14m.s 			page 9


 214               	.LVL13:
 215               	.L10:
  40:src/LCD_program.c **** 	{
  41:src/LCD_program.c **** 		lcdwrite(*str++,DATA);
 216               		.loc 1 41 3 is_stmt 1 view .LVU62
 217               		.loc 1 41 16 is_stmt 0 view .LVU63
 218 000a 2196      		adiw r28,1
 219               	.LVL14:
 220               		.loc 1 41 3 view .LVU64
 221 000c 61E0      		ldi r22,lo8(1)
 222 000e 0E94 0000 		call lcdwrite
 223               	.LVL15:
 224               	.L9:
  39:src/LCD_program.c **** 	while(*str)
 225               		.loc 1 39 8 is_stmt 1 view .LVU65
 226 0012 8881      		ld r24,Y
 227 0014 8111      		cpse r24,__zero_reg__
 228 0016 00C0      		rjmp .L10
 229               	/* epilogue start */
  42:src/LCD_program.c **** 	}
  43:src/LCD_program.c **** }
 230               		.loc 1 43 1 is_stmt 0 view .LVU66
 231 0018 DF91      		pop r29
 232 001a CF91      		pop r28
 233               	.LVL16:
 234               		.loc 1 43 1 view .LVU67
 235 001c 0895      		ret
 236               		.cfi_endproc
 237               	.LFE7:
 239               		.section	.text.lcdgotoxy,"ax",@progbits
 240               	.global	lcdgotoxy
 242               	lcdgotoxy:
 243               	.LVL17:
 244               	.LFB8:
  44:src/LCD_program.c **** 
  45:src/LCD_program.c **** void lcdgotoxy(int x, int y)
  46:src/LCD_program.c **** {
 245               		.loc 1 46 1 is_stmt 1 view -0
 246               		.cfi_startproc
 247               		.loc 1 46 1 is_stmt 0 view .LVU69
 248 0000 0F93      		push r16
 249               		.cfi_def_cfa_offset 3
 250               		.cfi_offset 16, -2
 251 0002 1F93      		push r17
 252               		.cfi_def_cfa_offset 4
 253               		.cfi_offset 17, -3
 254 0004 CF93      		push r28
 255               		.cfi_def_cfa_offset 5
 256               		.cfi_offset 28, -4
 257 0006 DF93      		push r29
 258               		.cfi_def_cfa_offset 6
 259               		.cfi_offset 29, -5
 260               	/* prologue: function */
 261               	/* frame size = 0 */
 262               	/* stack size = 4 */
 263               	.L__stack_usage = 4
 264 0008 C82F      		mov r28,r24
GAS LISTING C:\Users\kenne\AppData\Local\Temp\cciKt14m.s 			page 10


 265 000a D92F      		mov r29,r25
  47:src/LCD_program.c **** 	y--;
 266               		.loc 1 47 2 is_stmt 1 view .LVU70
 267               		.loc 1 47 3 is_stmt 0 view .LVU71
 268 000c 8B01      		movw r16,r22
 269 000e 0150      		subi r16,1
 270 0010 1109      		sbc r17,__zero_reg__
 271               	.LVL18:
  48:src/LCD_program.c **** 	if (x==1)
 272               		.loc 1 48 2 is_stmt 1 view .LVU72
 273               		.loc 1 48 5 is_stmt 0 view .LVU73
 274 0012 C130      		cpi r28,1
 275 0014 D105      		cpc r29,__zero_reg__
 276 0016 01F0      		breq .L14
 277               	.LVL19:
 278               	.L12:
  49:src/LCD_program.c **** 	{
  50:src/LCD_program.c **** 		lcdwrite(0x80+y, CMD);
  51:src/LCD_program.c **** 	}
  52:src/LCD_program.c **** 	if (x==2)
 279               		.loc 1 52 2 is_stmt 1 view .LVU74
 280               		.loc 1 52 5 is_stmt 0 view .LVU75
 281 0018 2297      		sbiw r28,2
 282 001a 01F0      		breq .L15
 283               	.L11:
 284               	/* epilogue start */
  53:src/LCD_program.c **** 	{
  54:src/LCD_program.c **** 		lcdwrite(0xC0+y, CMD);
  55:src/LCD_program.c **** 	}
  56:src/LCD_program.c **** }
 285               		.loc 1 56 1 view .LVU76
 286 001c DF91      		pop r29
 287 001e CF91      		pop r28
 288 0020 1F91      		pop r17
 289 0022 0F91      		pop r16
 290 0024 0895      		ret
 291               	.LVL20:
 292               	.L14:
  50:src/LCD_program.c **** 	}
 293               		.loc 1 50 3 is_stmt 1 view .LVU77
 294 0026 60E0      		ldi r22,0
 295 0028 80E8      		ldi r24,lo8(-128)
 296               	.LVL21:
  50:src/LCD_program.c **** 	}
 297               		.loc 1 50 3 is_stmt 0 view .LVU78
 298 002a 800F      		add r24,r16
 299 002c 0E94 0000 		call lcdwrite
 300               	.LVL22:
 301 0030 00C0      		rjmp .L12
 302               	.L15:
  54:src/LCD_program.c **** 	}
 303               		.loc 1 54 3 is_stmt 1 view .LVU79
 304 0032 60E0      		ldi r22,0
 305 0034 80EC      		ldi r24,lo8(-64)
 306 0036 800F      		add r24,r16
 307 0038 0E94 0000 		call lcdwrite
 308               	.LVL23:
GAS LISTING C:\Users\kenne\AppData\Local\Temp\cciKt14m.s 			page 11


 309               		.loc 1 56 1 is_stmt 0 view .LVU80
 310 003c 00C0      		rjmp .L11
 311               		.cfi_endproc
 312               	.LFE8:
 314               		.section	.text.lcdclear,"ax",@progbits
 315               	.global	lcdclear
 317               	lcdclear:
 318               	.LFB9:
  57:src/LCD_program.c **** 
  58:src/LCD_program.c **** void lcdclear()
  59:src/LCD_program.c **** {
 319               		.loc 1 59 1 is_stmt 1 view -0
 320               		.cfi_startproc
 321               	/* prologue: function */
 322               	/* frame size = 0 */
 323               	/* stack size = 0 */
 324               	.L__stack_usage = 0
  60:src/LCD_program.c **** 	lcdwrite(0x01, CMD);
 325               		.loc 1 60 2 view .LVU82
 326 0000 60E0      		ldi r22,0
 327 0002 81E0      		ldi r24,lo8(1)
 328 0004 0E94 0000 		call lcdwrite
 329               	.LVL24:
 330               	/* epilogue start */
  61:src/LCD_program.c **** }
 331               		.loc 1 61 1 is_stmt 0 view .LVU83
 332 0008 0895      		ret
 333               		.cfi_endproc
 334               	.LFE9:
 336               		.section	.text.lcdfirstrow,"ax",@progbits
 337               	.global	lcdfirstrow
 339               	lcdfirstrow:
 340               	.LFB10:
  62:src/LCD_program.c **** 
  63:src/LCD_program.c **** void lcdfirstrow()
  64:src/LCD_program.c **** {
 341               		.loc 1 64 1 is_stmt 1 view -0
 342               		.cfi_startproc
 343               	/* prologue: function */
 344               	/* frame size = 0 */
 345               	/* stack size = 0 */
 346               	.L__stack_usage = 0
  65:src/LCD_program.c **** 	lcdwrite(0x80, CMD);
 347               		.loc 1 65 2 view .LVU85
 348 0000 60E0      		ldi r22,0
 349 0002 80E8      		ldi r24,lo8(-128)
 350 0004 0E94 0000 		call lcdwrite
 351               	.LVL25:
 352               	/* epilogue start */
  66:src/LCD_program.c **** }
 353               		.loc 1 66 1 is_stmt 0 view .LVU86
 354 0008 0895      		ret
 355               		.cfi_endproc
 356               	.LFE10:
 358               		.section	.text.lcdsecondrow,"ax",@progbits
 359               	.global	lcdsecondrow
 361               	lcdsecondrow:
GAS LISTING C:\Users\kenne\AppData\Local\Temp\cciKt14m.s 			page 12


 362               	.LFB11:
  67:src/LCD_program.c **** 
  68:src/LCD_program.c **** void lcdsecondrow()
  69:src/LCD_program.c **** {
 363               		.loc 1 69 1 is_stmt 1 view -0
 364               		.cfi_startproc
 365               	/* prologue: function */
 366               	/* frame size = 0 */
 367               	/* stack size = 0 */
 368               	.L__stack_usage = 0
  70:src/LCD_program.c **** 	lcdwrite(0xC0, CMD);
 369               		.loc 1 70 2 view .LVU88
 370 0000 60E0      		ldi r22,0
 371 0002 80EC      		ldi r24,lo8(-64)
 372 0004 0E94 0000 		call lcdwrite
 373               	.LVL26:
 374               	/* epilogue start */
  71:src/LCD_program.c **** }
 375               		.loc 1 71 1 is_stmt 0 view .LVU89
 376 0008 0895      		ret
 377               		.cfi_endproc
 378               	.LFE11:
 380               		.section	.rodata.lcdbegin.str1.1,"aMS",@progbits,1
 381               	.LC0:
 382 0000 0228 0E06 		.string	"\002(\016\006\001"
 382      0100 
 383               		.section	.text.lcdbegin,"ax",@progbits
 384               	.global	lcdbegin
 386               	lcdbegin:
 387               	.LFB12:
  72:src/LCD_program.c **** 
  73:src/LCD_program.c **** void lcdbegin()
  74:src/LCD_program.c **** {
 388               		.loc 1 74 1 is_stmt 1 view -0
 389               		.cfi_startproc
 390 0000 0F93      		push r16
 391               		.cfi_def_cfa_offset 3
 392               		.cfi_offset 16, -2
 393 0002 1F93      		push r17
 394               		.cfi_def_cfa_offset 4
 395               		.cfi_offset 17, -3
 396 0004 CF93      		push r28
 397               		.cfi_def_cfa_offset 5
 398               		.cfi_offset 28, -4
 399 0006 DF93      		push r29
 400               		.cfi_def_cfa_offset 6
 401               		.cfi_offset 29, -5
 402 0008 00D0      		rcall .
 403 000a 00D0      		rcall .
 404 000c 0F92      		push __tmp_reg__
 405               		.cfi_def_cfa_offset 11
 406 000e CDB7      		in r28,__SP_L__
 407 0010 DEB7      		in r29,__SP_H__
 408               		.cfi_def_cfa_register 28
 409               	/* prologue: function */
 410               	/* frame size = 5 */
 411               	/* stack size = 9 */
GAS LISTING C:\Users\kenne\AppData\Local\Temp\cciKt14m.s 			page 13


 412               	.L__stack_usage = 9
  75:src/LCD_program.c **** 	LCDPORTDIR	=	0xFF;
 413               		.loc 1 75 2 view .LVU91
 414               		.loc 1 75 13 is_stmt 0 view .LVU92
 415 0012 8FEF      		ldi r24,lo8(-1)
 416 0014 84B9      		out 0x4,r24
  76:src/LCD_program.c **** 	uchar lcdcmd[5]={0x02,0x28,0x0E,0x06,0x01};
 417               		.loc 1 76 2 is_stmt 1 view .LVU93
 418               		.loc 1 76 8 is_stmt 0 view .LVU94
 419 0016 85E0      		ldi r24,lo8(5)
 420 0018 E0E0      		ldi r30,lo8(.LC0)
 421 001a F0E0      		ldi r31,hi8(.LC0)
 422 001c DE01      		movw r26,r28
 423 001e 1196      		adiw r26,1
 424               		0:
 425 0020 0190      		ld r0,Z+
 426 0022 0D92      		st X+,r0
 427 0024 8A95      		dec r24
 428 0026 01F4      		brne 0b
  77:src/LCD_program.c **** 	uint i=0;
 429               		.loc 1 77 2 is_stmt 1 view .LVU95
 430               	.LVL27:
  78:src/LCD_program.c **** 	for(i=0;i<5;i++)
 431               		.loc 1 78 2 view .LVU96
 432               		.loc 1 78 7 is_stmt 0 view .LVU97
 433 0028 00E0      		ldi r16,0
 434 002a 10E0      		ldi r17,0
 435               		.loc 1 78 2 view .LVU98
 436 002c 00C0      		rjmp .L20
 437               	.LVL28:
 438               	.L21:
  79:src/LCD_program.c **** 	{
  80:src/LCD_program.c **** 		lcdwrite(lcdcmd[i], CMD);
 439               		.loc 1 80 3 is_stmt 1 discriminator 3 view .LVU99
 440               		.loc 1 80 18 is_stmt 0 discriminator 3 view .LVU100
 441 002e E1E0      		ldi r30,lo8(1)
 442 0030 F0E0      		ldi r31,0
 443 0032 EC0F      		add r30,r28
 444 0034 FD1F      		adc r31,r29
 445 0036 E00F      		add r30,r16
 446 0038 F11F      		adc r31,r17
 447               		.loc 1 80 3 discriminator 3 view .LVU101
 448 003a 60E0      		ldi r22,0
 449 003c 8081      		ld r24,Z
 450 003e 0E94 0000 		call lcdwrite
 451               	.LVL29:
  78:src/LCD_program.c **** 	for(i=0;i<5;i++)
 452               		.loc 1 78 15 is_stmt 1 discriminator 3 view .LVU102
 453 0042 0F5F      		subi r16,-1
 454 0044 1F4F      		sbci r17,-1
 455               	.LVL30:
 456               	.L20:
  78:src/LCD_program.c **** 	for(i=0;i<5;i++)
 457               		.loc 1 78 11 discriminator 1 view .LVU103
 458 0046 0530      		cpi r16,5
 459 0048 1105      		cpc r17,__zero_reg__
 460 004a 00F0      		brlo .L21
GAS LISTING C:\Users\kenne\AppData\Local\Temp\cciKt14m.s 			page 14


  81:src/LCD_program.c **** 	}
  82:src/LCD_program.c **** 	_delay_ms(200);
 461               		.loc 1 82 2 view .LVU104
 462               	.LVL31:
 463               	.LBB20:
 464               	.LBI20:
 166:c:\d\ifsc\vscodeleandro\ex\toolchains\avr-gcc\avr\include\util\delay.h **** {
 465               		.loc 2 166 1 view .LVU105
 466               	.LBB21:
 168:c:\d\ifsc\vscodeleandro\ex\toolchains\avr-gcc\avr\include\util\delay.h **** #if __HAS_DELAY_CYCLES && defined(__OPTIMIZE__) && \
 467               		.loc 2 168 2 view .LVU106
 172:c:\d\ifsc\vscodeleandro\ex\toolchains\avr-gcc\avr\include\util\delay.h **** 	extern void __builtin_avr_delay_cycles(unsigned long);
 468               		.loc 2 172 2 view .LVU107
 173:c:\d\ifsc\vscodeleandro\ex\toolchains\avr-gcc\avr\include\util\delay.h **** 	__tmp = ((F_CPU) / 1e3) * __ms;
 469               		.loc 2 173 2 view .LVU108
 174:c:\d\ifsc\vscodeleandro\ex\toolchains\avr-gcc\avr\include\util\delay.h **** 
 470               		.loc 2 174 2 view .LVU109
 184:c:\d\ifsc\vscodeleandro\ex\toolchains\avr-gcc\avr\include\util\delay.h **** 	#endif
 471               		.loc 2 184 3 view .LVU110
 472               		.loc 2 187 2 view .LVU111
 473 004c 8FE4      		ldi r24,lo8(-15537)
 474 004e 93EC      		ldi r25,hi8(-15537)
 475 0050 0197      	1:	sbiw r24,1
 476 0052 01F4      		brne 1b
 477 0054 00C0      		rjmp .
 478 0056 0000      		nop
 479               	.LVL32:
 480               	/* epilogue start */
 481               		.loc 2 187 2 is_stmt 0 view .LVU112
 482               	.LBE21:
 483               	.LBE20:
  83:src/LCD_program.c **** }...
 484               		.loc 1 83 1 view .LVU113
 485 0058 0F90      		pop __tmp_reg__
 486 005a 0F90      		pop __tmp_reg__
 487 005c 0F90      		pop __tmp_reg__
 488 005e 0F90      		pop __tmp_reg__
 489 0060 0F90      		pop __tmp_reg__
 490 0062 DF91      		pop r29
 491 0064 CF91      		pop r28
 492 0066 1F91      		pop r17
 493 0068 0F91      		pop r16
 494               	.LVL33:
 495               		.loc 1 83 1 view .LVU114
 496 006a 0895      		ret
 497               		.cfi_endproc
 498               	.LFE12:
 500               		.text
 501               	.Letext0:
 502               		.file 3 "c:\\d\\ifsc\\vscodeleandro\\ex\\toolchains\\avr-gcc\\avr\\include\\stdint.h"
 503               		.file 4 "src/../inc/LCD_interface.h"
 504               		.file 5 "c:\\d\\ifsc\\vscodeleandro\\ex\\toolchains\\avr-gcc\\avr\\include\\math.h"
GAS LISTING C:\Users\kenne\AppData\Local\Temp\cciKt14m.s 			page 15


DEFINED SYMBOLS
                            *ABS*:00000000 LCD_program.c
C:\Users\kenne\AppData\Local\Temp\cciKt14m.s:2      *ABS*:0000003e __SP_H__
C:\Users\kenne\AppData\Local\Temp\cciKt14m.s:3      *ABS*:0000003d __SP_L__
C:\Users\kenne\AppData\Local\Temp\cciKt14m.s:4      *ABS*:0000003f __SREG__
C:\Users\kenne\AppData\Local\Temp\cciKt14m.s:5      *ABS*:00000000 __tmp_reg__
C:\Users\kenne\AppData\Local\Temp\cciKt14m.s:6      *ABS*:00000001 __zero_reg__
C:\Users\kenne\AppData\Local\Temp\cciKt14m.s:14     .text.lcdwrite:00000000 lcdwrite
C:\Users\kenne\AppData\Local\Temp\cciKt14m.s:18     .text.lcdwrite:00000000 .Loc.0
C:\Users\kenne\AppData\Local\Temp\cciKt14m.s:19     .text.lcdwrite:00000000 L0
C:\Users\kenne\AppData\Local\Temp\cciKt14m.s:24     .text.lcdwrite:00000000 .Loc.1
C:\Users\kenne\AppData\Local\Temp\cciKt14m.s:25     .text.lcdwrite:00000000 .Loc.2
C:\Users\kenne\AppData\Local\Temp\cciKt14m.s:28     .text.lcdwrite:00000004 .Loc.3
C:\Users\kenne\AppData\Local\Temp\cciKt14m.s:30     .text.lcdwrite:00000006 .Loc.4
C:\Users\kenne\AppData\Local\Temp\cciKt14m.s:34     .text.lcdwrite:0000000c .Loc.5
C:\Users\kenne\AppData\Local\Temp\cciKt14m.s:35     .text.lcdwrite:0000000c .Loc.6
C:\Users\kenne\AppData\Local\Temp\cciKt14m.s:38     .text.lcdwrite:00000010 .Loc.7
C:\Users\kenne\AppData\Local\Temp\cciKt14m.s:43     .text.lcdwrite:00000016 .Loc.8
C:\Users\kenne\AppData\Local\Temp\cciKt14m.s:47     .text.lcdwrite:0000001c .Loc.9
C:\Users\kenne\AppData\Local\Temp\cciKt14m.s:52     .text.lcdwrite:0000001c .Loc.10
C:\Users\kenne\AppData\Local\Temp\cciKt14m.s:54     .text.lcdwrite:0000001c .Loc.11
C:\Users\kenne\AppData\Local\Temp\cciKt14m.s:55     .text.lcdwrite:0000001c .Loc.12
C:\Users\kenne\AppData\Local\Temp\cciKt14m.s:56     .text.lcdwrite:0000001c .Loc.13
C:\Users\kenne\AppData\Local\Temp\cciKt14m.s:57     .text.lcdwrite:0000001c .Loc.14
C:\Users\kenne\AppData\Local\Temp\cciKt14m.s:58     .text.lcdwrite:0000001c .Loc.15
C:\Users\kenne\AppData\Local\Temp\cciKt14m.s:59     .text.lcdwrite:0000001c .Loc.16
C:\Users\kenne\AppData\Local\Temp\cciKt14m.s:64     .text.lcdwrite:00000026 L0
C:\Users\kenne\AppData\Local\Temp\cciKt14m.s:67     .text.lcdwrite:00000028 .Loc.17
C:\Users\kenne\AppData\Local\Temp\cciKt14m.s:70     .text.lcdwrite:00000028 .Loc.18
C:\Users\kenne\AppData\Local\Temp\cciKt14m.s:74     .text.lcdwrite:0000002e .Loc.19
C:\Users\kenne\AppData\Local\Temp\cciKt14m.s:78     .text.lcdwrite:0000002e .Loc.20
C:\Users\kenne\AppData\Local\Temp\cciKt14m.s:80     .text.lcdwrite:0000002e .Loc.21
C:\Users\kenne\AppData\Local\Temp\cciKt14m.s:81     .text.lcdwrite:0000002e .Loc.22
C:\Users\kenne\AppData\Local\Temp\cciKt14m.s:82     .text.lcdwrite:0000002e .Loc.23
C:\Users\kenne\AppData\Local\Temp\cciKt14m.s:83     .text.lcdwrite:0000002e .Loc.24
C:\Users\kenne\AppData\Local\Temp\cciKt14m.s:84     .text.lcdwrite:0000002e .Loc.25
C:\Users\kenne\AppData\Local\Temp\cciKt14m.s:85     .text.lcdwrite:0000002e .Loc.26
C:\Users\kenne\AppData\Local\Temp\cciKt14m.s:90     .text.lcdwrite:00000038 L0
C:\Users\kenne\AppData\Local\Temp\cciKt14m.s:93     .text.lcdwrite:0000003a .Loc.27
C:\Users\kenne\AppData\Local\Temp\cciKt14m.s:96     .text.lcdwrite:0000003a .Loc.28
C:\Users\kenne\AppData\Local\Temp\cciKt14m.s:97     .text.lcdwrite:0000003a .Loc.29
C:\Users\kenne\AppData\Local\Temp\cciKt14m.s:103    .text.lcdwrite:00000042 .Loc.30
C:\Users\kenne\AppData\Local\Temp\cciKt14m.s:105    .text.lcdwrite:00000044 .Loc.31
C:\Users\kenne\AppData\Local\Temp\cciKt14m.s:109    .text.lcdwrite:0000004a .Loc.32
C:\Users\kenne\AppData\Local\Temp\cciKt14m.s:110    .text.lcdwrite:0000004a .Loc.33
C:\Users\kenne\AppData\Local\Temp\cciKt14m.s:113    .text.lcdwrite:0000004e .Loc.34
C:\Users\kenne\AppData\Local\Temp\cciKt14m.s:118    .text.lcdwrite:00000054 .Loc.35
C:\Users\kenne\AppData\Local\Temp\cciKt14m.s:122    .text.lcdwrite:0000005a .Loc.36
C:\Users\kenne\AppData\Local\Temp\cciKt14m.s:126    .text.lcdwrite:0000005a .Loc.37
C:\Users\kenne\AppData\Local\Temp\cciKt14m.s:128    .text.lcdwrite:0000005a .Loc.38
C:\Users\kenne\AppData\Local\Temp\cciKt14m.s:129    .text.lcdwrite:0000005a .Loc.39
C:\Users\kenne\AppData\Local\Temp\cciKt14m.s:130    .text.lcdwrite:0000005a .Loc.40
C:\Users\kenne\AppData\Local\Temp\cciKt14m.s:131    .text.lcdwrite:0000005a .Loc.41
C:\Users\kenne\AppData\Local\Temp\cciKt14m.s:132    .text.lcdwrite:0000005a .Loc.42
C:\Users\kenne\AppData\Local\Temp\cciKt14m.s:133    .text.lcdwrite:0000005a .Loc.43
C:\Users\kenne\AppData\Local\Temp\cciKt14m.s:138    .text.lcdwrite:00000064 L0
C:\Users\kenne\AppData\Local\Temp\cciKt14m.s:141    .text.lcdwrite:00000066 .Loc.44
GAS LISTING C:\Users\kenne\AppData\Local\Temp\cciKt14m.s 			page 16


C:\Users\kenne\AppData\Local\Temp\cciKt14m.s:144    .text.lcdwrite:00000066 .Loc.45
C:\Users\kenne\AppData\Local\Temp\cciKt14m.s:148    .text.lcdwrite:0000006c .Loc.46
C:\Users\kenne\AppData\Local\Temp\cciKt14m.s:152    .text.lcdwrite:0000006c .Loc.47
C:\Users\kenne\AppData\Local\Temp\cciKt14m.s:154    .text.lcdwrite:0000006c .Loc.48
C:\Users\kenne\AppData\Local\Temp\cciKt14m.s:155    .text.lcdwrite:0000006c .Loc.49
C:\Users\kenne\AppData\Local\Temp\cciKt14m.s:156    .text.lcdwrite:0000006c .Loc.50
C:\Users\kenne\AppData\Local\Temp\cciKt14m.s:157    .text.lcdwrite:0000006c .Loc.51
C:\Users\kenne\AppData\Local\Temp\cciKt14m.s:158    .text.lcdwrite:0000006c .Loc.52
C:\Users\kenne\AppData\Local\Temp\cciKt14m.s:159    .text.lcdwrite:0000006c .Loc.53
C:\Users\kenne\AppData\Local\Temp\cciKt14m.s:164    .text.lcdwrite:00000076 L0
C:\Users\kenne\AppData\Local\Temp\cciKt14m.s:168    .text.lcdwrite:00000078 .Loc.54
C:\Users\kenne\AppData\Local\Temp\cciKt14m.s:171    .text.lcdwrite:00000078 .Loc.55
C:\Users\kenne\AppData\Local\Temp\cciKt14m.s:175    .text.lcdwrite:0000007a .Loc.56
C:\Users\kenne\AppData\Local\Temp\cciKt14m.s:182    .text.lcdwrite:00000082 .Loc.57
C:\Users\kenne\AppData\Local\Temp\cciKt14m.s:187    .text.lcdwrite:0000008a L0
C:\Users\kenne\AppData\Local\Temp\cciKt14m.s:193    .text.lcdprint:00000000 lcdprint
C:\Users\kenne\AppData\Local\Temp\cciKt14m.s:196    .text.lcdprint:00000000 .Loc.58
C:\Users\kenne\AppData\Local\Temp\cciKt14m.s:197    .text.lcdprint:00000000 L0
C:\Users\kenne\AppData\Local\Temp\cciKt14m.s:198    .text.lcdprint:00000000 .Loc.59
C:\Users\kenne\AppData\Local\Temp\cciKt14m.s:211    .text.lcdprint:00000008 .Loc.60
C:\Users\kenne\AppData\Local\Temp\cciKt14m.s:212    .text.lcdprint:00000008 .Loc.61
C:\Users\kenne\AppData\Local\Temp\cciKt14m.s:216    .text.lcdprint:0000000a .Loc.62
C:\Users\kenne\AppData\Local\Temp\cciKt14m.s:217    .text.lcdprint:0000000a .Loc.63
C:\Users\kenne\AppData\Local\Temp\cciKt14m.s:220    .text.lcdprint:0000000c .Loc.64
C:\Users\kenne\AppData\Local\Temp\cciKt14m.s:225    .text.lcdprint:00000012 .Loc.65
C:\Users\kenne\AppData\Local\Temp\cciKt14m.s:230    .text.lcdprint:00000018 .Loc.66
C:\Users\kenne\AppData\Local\Temp\cciKt14m.s:234    .text.lcdprint:0000001c .Loc.67
C:\Users\kenne\AppData\Local\Temp\cciKt14m.s:236    .text.lcdprint:0000001e L0
C:\Users\kenne\AppData\Local\Temp\cciKt14m.s:242    .text.lcdgotoxy:00000000 lcdgotoxy
C:\Users\kenne\AppData\Local\Temp\cciKt14m.s:245    .text.lcdgotoxy:00000000 .Loc.68
C:\Users\kenne\AppData\Local\Temp\cciKt14m.s:246    .text.lcdgotoxy:00000000 L0
C:\Users\kenne\AppData\Local\Temp\cciKt14m.s:247    .text.lcdgotoxy:00000000 .Loc.69
C:\Users\kenne\AppData\Local\Temp\cciKt14m.s:266    .text.lcdgotoxy:0000000c .Loc.70
C:\Users\kenne\AppData\Local\Temp\cciKt14m.s:267    .text.lcdgotoxy:0000000c .Loc.71
C:\Users\kenne\AppData\Local\Temp\cciKt14m.s:272    .text.lcdgotoxy:00000012 .Loc.72
C:\Users\kenne\AppData\Local\Temp\cciKt14m.s:273    .text.lcdgotoxy:00000012 .Loc.73
C:\Users\kenne\AppData\Local\Temp\cciKt14m.s:279    .text.lcdgotoxy:00000018 .Loc.74
C:\Users\kenne\AppData\Local\Temp\cciKt14m.s:280    .text.lcdgotoxy:00000018 .Loc.75
C:\Users\kenne\AppData\Local\Temp\cciKt14m.s:285    .text.lcdgotoxy:0000001c .Loc.76
C:\Users\kenne\AppData\Local\Temp\cciKt14m.s:293    .text.lcdgotoxy:00000026 .Loc.77
C:\Users\kenne\AppData\Local\Temp\cciKt14m.s:297    .text.lcdgotoxy:0000002a .Loc.78
C:\Users\kenne\AppData\Local\Temp\cciKt14m.s:303    .text.lcdgotoxy:00000032 .Loc.79
C:\Users\kenne\AppData\Local\Temp\cciKt14m.s:309    .text.lcdgotoxy:0000003c .Loc.80
C:\Users\kenne\AppData\Local\Temp\cciKt14m.s:311    .text.lcdgotoxy:0000003e L0
C:\Users\kenne\AppData\Local\Temp\cciKt14m.s:317    .text.lcdclear:00000000 lcdclear
C:\Users\kenne\AppData\Local\Temp\cciKt14m.s:319    .text.lcdclear:00000000 .Loc.81
C:\Users\kenne\AppData\Local\Temp\cciKt14m.s:320    .text.lcdclear:00000000 L0
C:\Users\kenne\AppData\Local\Temp\cciKt14m.s:325    .text.lcdclear:00000000 .Loc.82
C:\Users\kenne\AppData\Local\Temp\cciKt14m.s:331    .text.lcdclear:00000008 .Loc.83
C:\Users\kenne\AppData\Local\Temp\cciKt14m.s:333    .text.lcdclear:0000000a L0
C:\Users\kenne\AppData\Local\Temp\cciKt14m.s:339    .text.lcdfirstrow:00000000 lcdfirstrow
C:\Users\kenne\AppData\Local\Temp\cciKt14m.s:341    .text.lcdfirstrow:00000000 .Loc.84
C:\Users\kenne\AppData\Local\Temp\cciKt14m.s:342    .text.lcdfirstrow:00000000 L0
C:\Users\kenne\AppData\Local\Temp\cciKt14m.s:347    .text.lcdfirstrow:00000000 .Loc.85
C:\Users\kenne\AppData\Local\Temp\cciKt14m.s:353    .text.lcdfirstrow:00000008 .Loc.86
C:\Users\kenne\AppData\Local\Temp\cciKt14m.s:355    .text.lcdfirstrow:0000000a L0
C:\Users\kenne\AppData\Local\Temp\cciKt14m.s:361    .text.lcdsecondrow:00000000 lcdsecondrow
GAS LISTING C:\Users\kenne\AppData\Local\Temp\cciKt14m.s 			page 17


C:\Users\kenne\AppData\Local\Temp\cciKt14m.s:363    .text.lcdsecondrow:00000000 .Loc.87
C:\Users\kenne\AppData\Local\Temp\cciKt14m.s:364    .text.lcdsecondrow:00000000 L0
C:\Users\kenne\AppData\Local\Temp\cciKt14m.s:369    .text.lcdsecondrow:00000000 .Loc.88
C:\Users\kenne\AppData\Local\Temp\cciKt14m.s:375    .text.lcdsecondrow:00000008 .Loc.89
C:\Users\kenne\AppData\Local\Temp\cciKt14m.s:377    .text.lcdsecondrow:0000000a L0
C:\Users\kenne\AppData\Local\Temp\cciKt14m.s:386    .text.lcdbegin:00000000 lcdbegin
C:\Users\kenne\AppData\Local\Temp\cciKt14m.s:388    .text.lcdbegin:00000000 .Loc.90
C:\Users\kenne\AppData\Local\Temp\cciKt14m.s:389    .text.lcdbegin:00000000 L0
C:\Users\kenne\AppData\Local\Temp\cciKt14m.s:402    .text.lcdbegin:0000000a L0
C:\Users\kenne\AppData\Local\Temp\cciKt14m.s:403    .text.lcdbegin:0000000c L0
C:\Users\kenne\AppData\Local\Temp\cciKt14m.s:413    .text.lcdbegin:00000012 .Loc.91
C:\Users\kenne\AppData\Local\Temp\cciKt14m.s:414    .text.lcdbegin:00000012 .Loc.92
C:\Users\kenne\AppData\Local\Temp\cciKt14m.s:417    .text.lcdbegin:00000016 .Loc.93
C:\Users\kenne\AppData\Local\Temp\cciKt14m.s:418    .text.lcdbegin:00000016 .Loc.94
C:\Users\kenne\AppData\Local\Temp\cciKt14m.s:429    .text.lcdbegin:00000028 .Loc.95
C:\Users\kenne\AppData\Local\Temp\cciKt14m.s:431    .text.lcdbegin:00000028 .Loc.96
C:\Users\kenne\AppData\Local\Temp\cciKt14m.s:432    .text.lcdbegin:00000028 .Loc.97
C:\Users\kenne\AppData\Local\Temp\cciKt14m.s:435    .text.lcdbegin:0000002c .Loc.98
C:\Users\kenne\AppData\Local\Temp\cciKt14m.s:439    .text.lcdbegin:0000002e .Loc.99
C:\Users\kenne\AppData\Local\Temp\cciKt14m.s:440    .text.lcdbegin:0000002e .Loc.100
C:\Users\kenne\AppData\Local\Temp\cciKt14m.s:447    .text.lcdbegin:0000003a .Loc.101
C:\Users\kenne\AppData\Local\Temp\cciKt14m.s:452    .text.lcdbegin:00000042 .Loc.102
C:\Users\kenne\AppData\Local\Temp\cciKt14m.s:457    .text.lcdbegin:00000046 .Loc.103
C:\Users\kenne\AppData\Local\Temp\cciKt14m.s:461    .text.lcdbegin:0000004c .Loc.104
C:\Users\kenne\AppData\Local\Temp\cciKt14m.s:465    .text.lcdbegin:0000004c .Loc.105
C:\Users\kenne\AppData\Local\Temp\cciKt14m.s:467    .text.lcdbegin:0000004c .Loc.106
C:\Users\kenne\AppData\Local\Temp\cciKt14m.s:468    .text.lcdbegin:0000004c .Loc.107
C:\Users\kenne\AppData\Local\Temp\cciKt14m.s:469    .text.lcdbegin:0000004c .Loc.108
C:\Users\kenne\AppData\Local\Temp\cciKt14m.s:470    .text.lcdbegin:0000004c .Loc.109
C:\Users\kenne\AppData\Local\Temp\cciKt14m.s:471    .text.lcdbegin:0000004c .Loc.110
C:\Users\kenne\AppData\Local\Temp\cciKt14m.s:472    .text.lcdbegin:0000004c .Loc.111
C:\Users\kenne\AppData\Local\Temp\cciKt14m.s:477    .text.lcdbegin:00000056 L0
C:\Users\kenne\AppData\Local\Temp\cciKt14m.s:481    .text.lcdbegin:00000058 .Loc.112
C:\Users\kenne\AppData\Local\Temp\cciKt14m.s:484    .text.lcdbegin:00000058 .Loc.113
C:\Users\kenne\AppData\Local\Temp\cciKt14m.s:495    .text.lcdbegin:0000006a .Loc.114
C:\Users\kenne\AppData\Local\Temp\cciKt14m.s:497    .text.lcdbegin:0000006c L0
C:\Users\kenne\AppData\Local\Temp\cciKt14m.s:190    .text.lcdwrite:0000008a L0
C:\Users\kenne\AppData\Local\Temp\cciKt14m.s:239    .text.lcdprint:0000001e L0
C:\Users\kenne\AppData\Local\Temp\cciKt14m.s:314    .text.lcdgotoxy:0000003e L0
C:\Users\kenne\AppData\Local\Temp\cciKt14m.s:336    .text.lcdclear:0000000a L0
C:\Users\kenne\AppData\Local\Temp\cciKt14m.s:358    .text.lcdfirstrow:0000000a L0
C:\Users\kenne\AppData\Local\Temp\cciKt14m.s:380    .text.lcdsecondrow:0000000a L0
C:\Users\kenne\AppData\Local\Temp\cciKt14m.s:500    .text.lcdbegin:0000006c L0
                     .debug_frame:00000000 L0
C:\Users\kenne\AppData\Local\Temp\cciKt14m.s:174    .text.lcdwrite:0000007a .L6
C:\Users\kenne\AppData\Local\Temp\cciKt14m.s:62     .text.lcdwrite:00000020 .L11
C:\Users\kenne\AppData\Local\Temp\cciKt14m.s:88     .text.lcdwrite:00000032 .L12
C:\Users\kenne\AppData\Local\Temp\cciKt14m.s:181    .text.lcdwrite:00000082 .L7
C:\Users\kenne\AppData\Local\Temp\cciKt14m.s:136    .text.lcdwrite:0000005e .L13
C:\Users\kenne\AppData\Local\Temp\cciKt14m.s:162    .text.lcdwrite:00000070 .L14
C:\Users\kenne\AppData\Local\Temp\cciKt14m.s:42     .text.lcdwrite:00000016 .L3
C:\Users\kenne\AppData\Local\Temp\cciKt14m.s:117    .text.lcdwrite:00000054 .L5
C:\Users\kenne\AppData\Local\Temp\cciKt14m.s:224    .text.lcdprint:00000012 .L9
C:\Users\kenne\AppData\Local\Temp\cciKt14m.s:215    .text.lcdprint:0000000a .L10
C:\Users\kenne\AppData\Local\Temp\cciKt14m.s:292    .text.lcdgotoxy:00000026 .L14
C:\Users\kenne\AppData\Local\Temp\cciKt14m.s:302    .text.lcdgotoxy:00000032 .L15
C:\Users\kenne\AppData\Local\Temp\cciKt14m.s:278    .text.lcdgotoxy:00000018 .L12
GAS LISTING C:\Users\kenne\AppData\Local\Temp\cciKt14m.s 			page 18


C:\Users\kenne\AppData\Local\Temp\cciKt14m.s:283    .text.lcdgotoxy:0000001c .L11
C:\Users\kenne\AppData\Local\Temp\cciKt14m.s:424    .text.lcdbegin:00000020 .L1
C:\Users\kenne\AppData\Local\Temp\cciKt14m.s:456    .text.lcdbegin:00000046 .L20
C:\Users\kenne\AppData\Local\Temp\cciKt14m.s:438    .text.lcdbegin:0000002e .L21
C:\Users\kenne\AppData\Local\Temp\cciKt14m.s:475    .text.lcdbegin:00000050 .L15
C:\Users\kenne\AppData\Local\Temp\cciKt14m.s:962    .debug_abbrev:00000000 .Ldebug_abbrev0
C:\Users\kenne\AppData\Local\Temp\cciKt14m.s:1815   .debug_rnglists:0000000c .LLRL20
C:\Users\kenne\AppData\Local\Temp\cciKt14m.s:1840   .debug_line:00000000 .Ldebug_line0
C:\Users\kenne\AppData\Local\Temp\cciKt14m.s:387    .text.lcdbegin:00000000 .LFB12
C:\Users\kenne\AppData\Local\Temp\cciKt14m.s:498    .text.lcdbegin:0000006c .LFE12
C:\Users\kenne\AppData\Local\Temp\cciKt14m.s:1450   .debug_loclists:00000010 .LLST16
C:\Users\kenne\AppData\Local\Temp\cciKt14m.s:1445   .debug_loclists:0000000c .LVUS16
C:\Users\kenne\AppData\Local\Temp\cciKt14m.s:464    .text.lcdbegin:0000004c .LBI20
C:\Users\kenne\AppData\Local\Temp\cciKt14m.s:463    .text.lcdbegin:0000004c .LBB20
C:\Users\kenne\AppData\Local\Temp\cciKt14m.s:483    .text.lcdbegin:00000058 .LBE20
C:\Users\kenne\AppData\Local\Temp\cciKt14m.s:1473   .debug_loclists:00000028 .LLST17
C:\Users\kenne\AppData\Local\Temp\cciKt14m.s:1470   .debug_loclists:00000026 .LVUS17
C:\Users\kenne\AppData\Local\Temp\cciKt14m.s:1485   .debug_loclists:00000038 .LLST18
C:\Users\kenne\AppData\Local\Temp\cciKt14m.s:1482   .debug_loclists:00000036 .LVUS18
C:\Users\kenne\AppData\Local\Temp\cciKt14m.s:1497   .debug_loclists:00000048 .LLST19
C:\Users\kenne\AppData\Local\Temp\cciKt14m.s:1494   .debug_loclists:00000046 .LVUS19
C:\Users\kenne\AppData\Local\Temp\cciKt14m.s:451    .text.lcdbegin:00000042 .LVL29
C:\Users\kenne\AppData\Local\Temp\cciKt14m.s:362    .text.lcdsecondrow:00000000 .LFB11
C:\Users\kenne\AppData\Local\Temp\cciKt14m.s:378    .text.lcdsecondrow:0000000a .LFE11
C:\Users\kenne\AppData\Local\Temp\cciKt14m.s:373    .text.lcdsecondrow:00000008 .LVL26
C:\Users\kenne\AppData\Local\Temp\cciKt14m.s:340    .text.lcdfirstrow:00000000 .LFB10
C:\Users\kenne\AppData\Local\Temp\cciKt14m.s:356    .text.lcdfirstrow:0000000a .LFE10
C:\Users\kenne\AppData\Local\Temp\cciKt14m.s:351    .text.lcdfirstrow:00000008 .LVL25
C:\Users\kenne\AppData\Local\Temp\cciKt14m.s:318    .text.lcdclear:00000000 .LFB9
C:\Users\kenne\AppData\Local\Temp\cciKt14m.s:334    .text.lcdclear:0000000a .LFE9
C:\Users\kenne\AppData\Local\Temp\cciKt14m.s:329    .text.lcdclear:00000008 .LVL24
C:\Users\kenne\AppData\Local\Temp\cciKt14m.s:244    .text.lcdgotoxy:00000000 .LFB8
C:\Users\kenne\AppData\Local\Temp\cciKt14m.s:312    .text.lcdgotoxy:0000003e .LFE8
C:\Users\kenne\AppData\Local\Temp\cciKt14m.s:1515   .debug_loclists:0000005e .LLST14
C:\Users\kenne\AppData\Local\Temp\cciKt14m.s:1506   .debug_loclists:00000056 .LVUS14
C:\Users\kenne\AppData\Local\Temp\cciKt14m.s:1558   .debug_loclists:0000008a .LLST15
C:\Users\kenne\AppData\Local\Temp\cciKt14m.s:1555   .debug_loclists:00000088 .LVUS15
C:\Users\kenne\AppData\Local\Temp\cciKt14m.s:300    .text.lcdgotoxy:00000030 .LVL22
C:\Users\kenne\AppData\Local\Temp\cciKt14m.s:308    .text.lcdgotoxy:0000003c .LVL23
C:\Users\kenne\AppData\Local\Temp\cciKt14m.s:195    .text.lcdprint:00000000 .LFB7
C:\Users\kenne\AppData\Local\Temp\cciKt14m.s:237    .text.lcdprint:0000001e .LFE7
C:\Users\kenne\AppData\Local\Temp\cciKt14m.s:1575   .debug_loclists:0000009c .LLST13
C:\Users\kenne\AppData\Local\Temp\cciKt14m.s:1570   .debug_loclists:00000098 .LVUS13
C:\Users\kenne\AppData\Local\Temp\cciKt14m.s:223    .text.lcdprint:00000012 .LVL15
C:\Users\kenne\AppData\Local\Temp\cciKt14m.s:16     .text.lcdwrite:00000000 .LFB6
C:\Users\kenne\AppData\Local\Temp\cciKt14m.s:188    .text.lcdwrite:0000008a .LFE6
C:\Users\kenne\AppData\Local\Temp\cciKt14m.s:1608   .debug_loclists:000000be .LLST0
C:\Users\kenne\AppData\Local\Temp\cciKt14m.s:1599   .debug_loclists:000000b6 .LVUS0
C:\Users\kenne\AppData\Local\Temp\cciKt14m.s:50     .text.lcdwrite:0000001c .LBI12
C:\Users\kenne\AppData\Local\Temp\cciKt14m.s:49     .text.lcdwrite:0000001c .LBB12
C:\Users\kenne\AppData\Local\Temp\cciKt14m.s:69     .text.lcdwrite:00000028 .LBE12
C:\Users\kenne\AppData\Local\Temp\cciKt14m.s:1641   .debug_loclists:000000e3 .LLST1
C:\Users\kenne\AppData\Local\Temp\cciKt14m.s:1638   .debug_loclists:000000e1 .LVUS1
C:\Users\kenne\AppData\Local\Temp\cciKt14m.s:1653   .debug_loclists:000000f3 .LLST2
C:\Users\kenne\AppData\Local\Temp\cciKt14m.s:1650   .debug_loclists:000000f1 .LVUS2
C:\Users\kenne\AppData\Local\Temp\cciKt14m.s:1665   .debug_loclists:00000103 .LLST3
C:\Users\kenne\AppData\Local\Temp\cciKt14m.s:1662   .debug_loclists:00000101 .LVUS3
GAS LISTING C:\Users\kenne\AppData\Local\Temp\cciKt14m.s 			page 19


C:\Users\kenne\AppData\Local\Temp\cciKt14m.s:77     .text.lcdwrite:0000002e .LBI14
C:\Users\kenne\AppData\Local\Temp\cciKt14m.s:76     .text.lcdwrite:0000002e .LBB14
C:\Users\kenne\AppData\Local\Temp\cciKt14m.s:95     .text.lcdwrite:0000003a .LBE14
C:\Users\kenne\AppData\Local\Temp\cciKt14m.s:1677   .debug_loclists:00000111 .LLST4
C:\Users\kenne\AppData\Local\Temp\cciKt14m.s:1674   .debug_loclists:0000010f .LVUS4
C:\Users\kenne\AppData\Local\Temp\cciKt14m.s:1689   .debug_loclists:00000121 .LLST5
C:\Users\kenne\AppData\Local\Temp\cciKt14m.s:1686   .debug_loclists:0000011f .LVUS5
C:\Users\kenne\AppData\Local\Temp\cciKt14m.s:1701   .debug_loclists:00000131 .LLST6
C:\Users\kenne\AppData\Local\Temp\cciKt14m.s:1698   .debug_loclists:0000012f .LVUS6
C:\Users\kenne\AppData\Local\Temp\cciKt14m.s:125    .text.lcdwrite:0000005a .LBI16
C:\Users\kenne\AppData\Local\Temp\cciKt14m.s:124    .text.lcdwrite:0000005a .LBB16
C:\Users\kenne\AppData\Local\Temp\cciKt14m.s:143    .text.lcdwrite:00000066 .LBE16
C:\Users\kenne\AppData\Local\Temp\cciKt14m.s:1713   .debug_loclists:0000013f .LLST7
C:\Users\kenne\AppData\Local\Temp\cciKt14m.s:1710   .debug_loclists:0000013d .LVUS7
C:\Users\kenne\AppData\Local\Temp\cciKt14m.s:1725   .debug_loclists:0000014f .LLST8
C:\Users\kenne\AppData\Local\Temp\cciKt14m.s:1722   .debug_loclists:0000014d .LVUS8
C:\Users\kenne\AppData\Local\Temp\cciKt14m.s:1737   .debug_loclists:0000015f .LLST9
C:\Users\kenne\AppData\Local\Temp\cciKt14m.s:1734   .debug_loclists:0000015d .LVUS9
C:\Users\kenne\AppData\Local\Temp\cciKt14m.s:151    .text.lcdwrite:0000006c .LBI18
C:\Users\kenne\AppData\Local\Temp\cciKt14m.s:150    .text.lcdwrite:0000006c .LBB18
C:\Users\kenne\AppData\Local\Temp\cciKt14m.s:170    .text.lcdwrite:00000078 .LBE18
C:\Users\kenne\AppData\Local\Temp\cciKt14m.s:1749   .debug_loclists:0000016d .LLST10
C:\Users\kenne\AppData\Local\Temp\cciKt14m.s:1746   .debug_loclists:0000016b .LVUS10
C:\Users\kenne\AppData\Local\Temp\cciKt14m.s:1761   .debug_loclists:0000017d .LLST11
C:\Users\kenne\AppData\Local\Temp\cciKt14m.s:1758   .debug_loclists:0000017b .LVUS11
C:\Users\kenne\AppData\Local\Temp\cciKt14m.s:1773   .debug_loclists:0000018d .LLST12
C:\Users\kenne\AppData\Local\Temp\cciKt14m.s:1770   .debug_loclists:0000018b .LVUS12
C:\Users\kenne\AppData\Local\Temp\cciKt14m.s:430    .text.lcdbegin:00000028 .LVL27
C:\Users\kenne\AppData\Local\Temp\cciKt14m.s:462    .text.lcdbegin:0000004c .LVL31
C:\Users\kenne\AppData\Local\Temp\cciKt14m.s:243    .text.lcdgotoxy:00000000 .LVL17
C:\Users\kenne\AppData\Local\Temp\cciKt14m.s:194    .text.lcdprint:00000000 .LVL12
C:\Users\kenne\AppData\Local\Temp\cciKt14m.s:15     .text.lcdwrite:00000000 .LVL0
C:\Users\kenne\AppData\Local\Temp\cciKt14m.s:48     .text.lcdwrite:0000001c .LVL1
C:\Users\kenne\AppData\Local\Temp\cciKt14m.s:75     .text.lcdwrite:0000002e .LVL3
C:\Users\kenne\AppData\Local\Temp\cciKt14m.s:123    .text.lcdwrite:0000005a .LVL6
C:\Users\kenne\AppData\Local\Temp\cciKt14m.s:149    .text.lcdwrite:0000006c .LVL8
C:\Users\kenne\AppData\Local\Temp\cciKt14m.s:506    .debug_info:00000000 .Ldebug_info0

UNDEFINED SYMBOLS
__do_copy_data
