GAS LISTING C:\Users\kenne\AppData\Local\Temp\cct6HZ25.s 			page 1


   1               		.file	"main.c"
   2               	__SP_H__ = 0x3e
   3               	__SP_L__ = 0x3d
   4               	__SREG__ = 0x3f
   5               	__tmp_reg__ = 0
   6               	__zero_reg__ = 1
   7               		.text
   8               	.Ltext0:
   9               		.cfi_sections	.debug_frame
  10               		.file 0 "C:\\D\\IFSC\\MCC\\projects\\mohamed" "main.c"
  11               		.section	.rodata.main.str1.1,"aMS",@progbits,1
  12               	.LC0:
  13 0000 4C6F 6164 		.string	"Loading.. "
  13      696E 672E 
  13      2E20 00
  14               	.LC1:
  15 000b 4F70 7469 		.string	"Options: "
  15      6F6E 733A 
  15      2000 
  16               	.LC2:
  17 0015 2D53 6361 		.string	"-Scan           "
  17      6E20 2020 
  17      2020 2020 
  17      2020 2020 
  17      00
  18               	.LC3:
  19 0026 2D45 6E72 		.string	"-Enroll         "
  19      6F6C 6C20 
  19      2020 2020 
  19      2020 2020 
  19      00
  20               	.LC4:
  21 0037 2D44 656C 		.string	"-Delete ID      "
  21      6574 6520 
  21      4944 2020 
  21      2020 2020 
  21      00
  22               	.LC5:
  23 0048 2D45 7261 		.string	"-Erase IDs      "
  23      7365 2049 
  23      4473 2020 
  23      2020 2020 
  23      00
  24               		.section	.text.main,"ax",@progbits
  25               	.global	main
  27               	main:
  28               	.LFB7:
  29               		.file 1 "main.c"
   1:main.c        **** /*
   2:main.c        ****  * main.c
   3:main.c        ****  *
   4:main.c        ****  * Created: 3/23/2022 8:09:16 PM
   5:main.c        ****  * last modification : 4/14/2022 1:49:16 AM
   6:main.c        ****  *  Author: Mohamed U3
   7:main.c        ****  */
   8:main.c        **** #define F_CPU 12000000UL
   9:main.c        **** // #include <xc.h>
GAS LISTING C:\Users\kenne\AppData\Local\Temp\cct6HZ25.s 			page 2


  10:main.c        **** #include<avr/io.h>
  11:main.c        **** #include <avr/interrupt.h>
  12:main.c        **** #include <util/delay.h>
  13:main.c        **** #include <stdio.h>
  14:main.c        **** #include "inc/LCD_interface.h"
  15:main.c        **** #include "inc/UART_interface.h"
  16:main.c        **** #include "inc/FP_interface.h"
  17:main.c        **** #include "inc/keys_interface.h"
  18:main.c        **** 
  19:main.c        **** int main()
  20:main.c        **** {
  30               		.loc 1 20 1 view -0
  31               		.cfi_startproc
  32               	/* prologue: function */
  33               	/* frame size = 0 */
  34               	/* stack size = 0 */
  35               	.L__stack_usage = 0
  21:main.c        **** 	UART_InterrptInit(57600);
  36               		.loc 1 21 2 view .LVU1
  37 0000 60E0      		ldi r22,0
  38 0002 71EE      		ldi r23,lo8(-31)
  39 0004 80E0      		ldi r24,0
  40 0006 90E0      		ldi r25,0
  41 0008 0E94 0000 		call UART_InterrptInit
  42               	.LVL0:
  22:main.c        **** 	lcdbegin();
  43               		.loc 1 22 2 view .LVU2
  44 000c 0E94 0000 		call lcdbegin
  45               	.LVL1:
  23:main.c        **** 	keys_init();
  46               		.loc 1 23 2 view .LVU3
  47 0010 0E94 0000 		call keys_init
  48               	.LVL2:
  24:main.c        **** 
  25:main.c        **** 
  26:main.c        **** 	lcdclear();
  49               		.loc 1 26 2 view .LVU4
  50 0014 0E94 0000 		call lcdclear
  51               	.LVL3:
  27:main.c        **** 	lcdprint("Loading.. ");
  52               		.loc 1 27 2 view .LVU5
  53 0018 80E0      		ldi r24,lo8(.LC0)
  54 001a 90E0      		ldi r25,hi8(.LC0)
  55 001c 0E94 0000 		call lcdprint
  56               	.LVL4:
  28:main.c        **** 	_delay_ms(500);
  57               		.loc 1 28 2 view .LVU6
  58               	.LBB8:
  59               	.LBI8:
  60               		.file 2 "c:\\d\\ifsc\\vscodeleandro\\ex\\toolchains\\avr-gcc\\avr\\include\\util\\delay.h"
   1:c:\d\ifsc\vscodeleandro\ex\toolchains\avr-gcc\avr\include\util\delay.h **** /* Copyright (c) 2002, Marek Michalkiewicz
   2:c:\d\ifsc\vscodeleandro\ex\toolchains\avr-gcc\avr\include\util\delay.h ****    Copyright (c) 2004,2005,2007 Joerg Wunsch
   3:c:\d\ifsc\vscodeleandro\ex\toolchains\avr-gcc\avr\include\util\delay.h ****    Copyright (c) 2007  Florin-Viorel Petrov
   4:c:\d\ifsc\vscodeleandro\ex\toolchains\avr-gcc\avr\include\util\delay.h ****    All rights reserved.
   5:c:\d\ifsc\vscodeleandro\ex\toolchains\avr-gcc\avr\include\util\delay.h **** 
   6:c:\d\ifsc\vscodeleandro\ex\toolchains\avr-gcc\avr\include\util\delay.h ****    Redistribution and use in source and binary forms, with or without
   7:c:\d\ifsc\vscodeleandro\ex\toolchains\avr-gcc\avr\include\util\delay.h ****    modification, are permitted provided that the following conditions are met:
GAS LISTING C:\Users\kenne\AppData\Local\Temp\cct6HZ25.s 			page 3


   8:c:\d\ifsc\vscodeleandro\ex\toolchains\avr-gcc\avr\include\util\delay.h **** 
   9:c:\d\ifsc\vscodeleandro\ex\toolchains\avr-gcc\avr\include\util\delay.h ****    * Redistributions of source code must retain the above copyright
  10:c:\d\ifsc\vscodeleandro\ex\toolchains\avr-gcc\avr\include\util\delay.h ****      notice, this list of conditions and the following disclaimer.
  11:c:\d\ifsc\vscodeleandro\ex\toolchains\avr-gcc\avr\include\util\delay.h **** 
  12:c:\d\ifsc\vscodeleandro\ex\toolchains\avr-gcc\avr\include\util\delay.h ****    * Redistributions in binary form must reproduce the above copyright
  13:c:\d\ifsc\vscodeleandro\ex\toolchains\avr-gcc\avr\include\util\delay.h ****      notice, this list of conditions and the following disclaimer in
  14:c:\d\ifsc\vscodeleandro\ex\toolchains\avr-gcc\avr\include\util\delay.h ****      the documentation and/or other materials provided with the
  15:c:\d\ifsc\vscodeleandro\ex\toolchains\avr-gcc\avr\include\util\delay.h ****      distribution.
  16:c:\d\ifsc\vscodeleandro\ex\toolchains\avr-gcc\avr\include\util\delay.h **** 
  17:c:\d\ifsc\vscodeleandro\ex\toolchains\avr-gcc\avr\include\util\delay.h ****    * Neither the name of the copyright holders nor the names of
  18:c:\d\ifsc\vscodeleandro\ex\toolchains\avr-gcc\avr\include\util\delay.h ****      contributors may be used to endorse or promote products derived
  19:c:\d\ifsc\vscodeleandro\ex\toolchains\avr-gcc\avr\include\util\delay.h ****      from this software without specific prior written permission.
  20:c:\d\ifsc\vscodeleandro\ex\toolchains\avr-gcc\avr\include\util\delay.h **** 
  21:c:\d\ifsc\vscodeleandro\ex\toolchains\avr-gcc\avr\include\util\delay.h ****   THIS SOFTWARE IS PROVIDED BY THE COPYRIGHT HOLDERS AND CONTRIBUTORS "AS IS"
  22:c:\d\ifsc\vscodeleandro\ex\toolchains\avr-gcc\avr\include\util\delay.h ****   AND ANY EXPRESS OR IMPLIED WARRANTIES, INCLUDING, BUT NOT LIMITED TO, THE
  23:c:\d\ifsc\vscodeleandro\ex\toolchains\avr-gcc\avr\include\util\delay.h ****   IMPLIED WARRANTIES OF MERCHANTABILITY AND FITNESS FOR A PARTICULAR PURPOSE
  24:c:\d\ifsc\vscodeleandro\ex\toolchains\avr-gcc\avr\include\util\delay.h ****   ARE DISCLAIMED. IN NO EVENT SHALL THE COPYRIGHT OWNER OR CONTRIBUTORS BE
  25:c:\d\ifsc\vscodeleandro\ex\toolchains\avr-gcc\avr\include\util\delay.h ****   LIABLE FOR ANY DIRECT, INDIRECT, INCIDENTAL, SPECIAL, EXEMPLARY, OR
  26:c:\d\ifsc\vscodeleandro\ex\toolchains\avr-gcc\avr\include\util\delay.h ****   CONSEQUENTIAL DAMAGES (INCLUDING, BUT NOT LIMITED TO, PROCUREMENT OF
  27:c:\d\ifsc\vscodeleandro\ex\toolchains\avr-gcc\avr\include\util\delay.h ****   SUBSTITUTE GOODS OR SERVICES; LOSS OF USE, DATA, OR PROFITS; OR BUSINESS
  28:c:\d\ifsc\vscodeleandro\ex\toolchains\avr-gcc\avr\include\util\delay.h ****   INTERRUPTION) HOWEVER CAUSED AND ON ANY THEORY OF LIABILITY, WHETHER IN
  29:c:\d\ifsc\vscodeleandro\ex\toolchains\avr-gcc\avr\include\util\delay.h ****   CONTRACT, STRICT LIABILITY, OR TORT (INCLUDING NEGLIGENCE OR OTHERWISE)
  30:c:\d\ifsc\vscodeleandro\ex\toolchains\avr-gcc\avr\include\util\delay.h ****   ARISING IN ANY WAY OUT OF THE USE OF THIS SOFTWARE, EVEN IF ADVISED OF THE
  31:c:\d\ifsc\vscodeleandro\ex\toolchains\avr-gcc\avr\include\util\delay.h ****   POSSIBILITY OF SUCH DAMAGE. */
  32:c:\d\ifsc\vscodeleandro\ex\toolchains\avr-gcc\avr\include\util\delay.h **** 
  33:c:\d\ifsc\vscodeleandro\ex\toolchains\avr-gcc\avr\include\util\delay.h **** /* $Id$ */
  34:c:\d\ifsc\vscodeleandro\ex\toolchains\avr-gcc\avr\include\util\delay.h **** 
  35:c:\d\ifsc\vscodeleandro\ex\toolchains\avr-gcc\avr\include\util\delay.h **** #ifndef _UTIL_DELAY_H_
  36:c:\d\ifsc\vscodeleandro\ex\toolchains\avr-gcc\avr\include\util\delay.h **** #define _UTIL_DELAY_H_ 1
  37:c:\d\ifsc\vscodeleandro\ex\toolchains\avr-gcc\avr\include\util\delay.h **** 
  38:c:\d\ifsc\vscodeleandro\ex\toolchains\avr-gcc\avr\include\util\delay.h **** #ifndef __DOXYGEN__
  39:c:\d\ifsc\vscodeleandro\ex\toolchains\avr-gcc\avr\include\util\delay.h **** #  ifndef __HAS_DELAY_CYCLES
  40:c:\d\ifsc\vscodeleandro\ex\toolchains\avr-gcc\avr\include\util\delay.h **** #    define __HAS_DELAY_CYCLES 1
  41:c:\d\ifsc\vscodeleandro\ex\toolchains\avr-gcc\avr\include\util\delay.h **** #  endif
  42:c:\d\ifsc\vscodeleandro\ex\toolchains\avr-gcc\avr\include\util\delay.h **** #endif  /* __DOXYGEN__ */
  43:c:\d\ifsc\vscodeleandro\ex\toolchains\avr-gcc\avr\include\util\delay.h **** 
  44:c:\d\ifsc\vscodeleandro\ex\toolchains\avr-gcc\avr\include\util\delay.h **** #include <inttypes.h>
  45:c:\d\ifsc\vscodeleandro\ex\toolchains\avr-gcc\avr\include\util\delay.h **** #include <util/delay_basic.h>
  46:c:\d\ifsc\vscodeleandro\ex\toolchains\avr-gcc\avr\include\util\delay.h **** #include <math.h>
  47:c:\d\ifsc\vscodeleandro\ex\toolchains\avr-gcc\avr\include\util\delay.h **** 
  48:c:\d\ifsc\vscodeleandro\ex\toolchains\avr-gcc\avr\include\util\delay.h **** /** \file */
  49:c:\d\ifsc\vscodeleandro\ex\toolchains\avr-gcc\avr\include\util\delay.h **** /** \defgroup util_delay <util/delay.h>: Convenience functions for busy-wait delay loops
  50:c:\d\ifsc\vscodeleandro\ex\toolchains\avr-gcc\avr\include\util\delay.h ****     \code
  51:c:\d\ifsc\vscodeleandro\ex\toolchains\avr-gcc\avr\include\util\delay.h ****     #define F_CPU 1000000UL  // 1 MHz
  52:c:\d\ifsc\vscodeleandro\ex\toolchains\avr-gcc\avr\include\util\delay.h ****     //#define F_CPU 14.7456E6
  53:c:\d\ifsc\vscodeleandro\ex\toolchains\avr-gcc\avr\include\util\delay.h ****     #include <util/delay.h>
  54:c:\d\ifsc\vscodeleandro\ex\toolchains\avr-gcc\avr\include\util\delay.h ****     \endcode
  55:c:\d\ifsc\vscodeleandro\ex\toolchains\avr-gcc\avr\include\util\delay.h **** 
  56:c:\d\ifsc\vscodeleandro\ex\toolchains\avr-gcc\avr\include\util\delay.h ****     \note As an alternative method, it is possible to pass the
  57:c:\d\ifsc\vscodeleandro\ex\toolchains\avr-gcc\avr\include\util\delay.h ****     F_CPU macro down to the compiler from the Makefile.
  58:c:\d\ifsc\vscodeleandro\ex\toolchains\avr-gcc\avr\include\util\delay.h ****     Obviously, in that case, no \c \#define statement should be
  59:c:\d\ifsc\vscodeleandro\ex\toolchains\avr-gcc\avr\include\util\delay.h ****     used.
  60:c:\d\ifsc\vscodeleandro\ex\toolchains\avr-gcc\avr\include\util\delay.h **** 
  61:c:\d\ifsc\vscodeleandro\ex\toolchains\avr-gcc\avr\include\util\delay.h ****     The functions in this header file are wrappers around the basic
  62:c:\d\ifsc\vscodeleandro\ex\toolchains\avr-gcc\avr\include\util\delay.h ****     busy-wait functions from <util/delay_basic.h>.  They are meant as
  63:c:\d\ifsc\vscodeleandro\ex\toolchains\avr-gcc\avr\include\util\delay.h ****     convenience functions where actual time values can be specified
  64:c:\d\ifsc\vscodeleandro\ex\toolchains\avr-gcc\avr\include\util\delay.h ****     rather than a number of cycles to wait for.  The idea behind is
GAS LISTING C:\Users\kenne\AppData\Local\Temp\cct6HZ25.s 			page 4


  65:c:\d\ifsc\vscodeleandro\ex\toolchains\avr-gcc\avr\include\util\delay.h ****     that compile-time constant expressions will be eliminated by
  66:c:\d\ifsc\vscodeleandro\ex\toolchains\avr-gcc\avr\include\util\delay.h ****     compiler optimization so floating-point expressions can be used
  67:c:\d\ifsc\vscodeleandro\ex\toolchains\avr-gcc\avr\include\util\delay.h ****     to calculate the number of delay cycles needed based on the CPU
  68:c:\d\ifsc\vscodeleandro\ex\toolchains\avr-gcc\avr\include\util\delay.h ****     frequency passed by the macro F_CPU.
  69:c:\d\ifsc\vscodeleandro\ex\toolchains\avr-gcc\avr\include\util\delay.h **** 
  70:c:\d\ifsc\vscodeleandro\ex\toolchains\avr-gcc\avr\include\util\delay.h ****     \note In order for these functions to work as intended, compiler
  71:c:\d\ifsc\vscodeleandro\ex\toolchains\avr-gcc\avr\include\util\delay.h ****     optimizations <em>must</em> be enabled, and the delay time
  72:c:\d\ifsc\vscodeleandro\ex\toolchains\avr-gcc\avr\include\util\delay.h ****     <em>must</em> be an expression that is a known constant at
  73:c:\d\ifsc\vscodeleandro\ex\toolchains\avr-gcc\avr\include\util\delay.h ****     compile-time.  If these requirements are not met, the resulting
  74:c:\d\ifsc\vscodeleandro\ex\toolchains\avr-gcc\avr\include\util\delay.h ****     delay will be much longer (and basically unpredictable), and
  75:c:\d\ifsc\vscodeleandro\ex\toolchains\avr-gcc\avr\include\util\delay.h ****     applications that otherwise do not use floating-point calculations
  76:c:\d\ifsc\vscodeleandro\ex\toolchains\avr-gcc\avr\include\util\delay.h ****     will experience severe code bloat by the floating-point library
  77:c:\d\ifsc\vscodeleandro\ex\toolchains\avr-gcc\avr\include\util\delay.h ****     routines linked into the application.
  78:c:\d\ifsc\vscodeleandro\ex\toolchains\avr-gcc\avr\include\util\delay.h **** 
  79:c:\d\ifsc\vscodeleandro\ex\toolchains\avr-gcc\avr\include\util\delay.h ****     The functions available allow the specification of microsecond, and
  80:c:\d\ifsc\vscodeleandro\ex\toolchains\avr-gcc\avr\include\util\delay.h ****     millisecond delays directly, using the application-supplied macro
  81:c:\d\ifsc\vscodeleandro\ex\toolchains\avr-gcc\avr\include\util\delay.h ****     F_CPU as the CPU clock frequency (in Hertz).
  82:c:\d\ifsc\vscodeleandro\ex\toolchains\avr-gcc\avr\include\util\delay.h **** 
  83:c:\d\ifsc\vscodeleandro\ex\toolchains\avr-gcc\avr\include\util\delay.h **** */
  84:c:\d\ifsc\vscodeleandro\ex\toolchains\avr-gcc\avr\include\util\delay.h **** 
  85:c:\d\ifsc\vscodeleandro\ex\toolchains\avr-gcc\avr\include\util\delay.h **** #if !defined(__DOXYGEN__)
  86:c:\d\ifsc\vscodeleandro\ex\toolchains\avr-gcc\avr\include\util\delay.h **** static __inline__ void _delay_us(double __us) __attribute__((__always_inline__));
  87:c:\d\ifsc\vscodeleandro\ex\toolchains\avr-gcc\avr\include\util\delay.h **** static __inline__ void _delay_ms(double __ms) __attribute__((__always_inline__));
  88:c:\d\ifsc\vscodeleandro\ex\toolchains\avr-gcc\avr\include\util\delay.h **** #endif
  89:c:\d\ifsc\vscodeleandro\ex\toolchains\avr-gcc\avr\include\util\delay.h **** 
  90:c:\d\ifsc\vscodeleandro\ex\toolchains\avr-gcc\avr\include\util\delay.h **** #ifndef F_CPU
  91:c:\d\ifsc\vscodeleandro\ex\toolchains\avr-gcc\avr\include\util\delay.h **** /* prevent compiler error by supplying a default */
  92:c:\d\ifsc\vscodeleandro\ex\toolchains\avr-gcc\avr\include\util\delay.h **** # warning "F_CPU not defined for <util/delay.h>"
  93:c:\d\ifsc\vscodeleandro\ex\toolchains\avr-gcc\avr\include\util\delay.h **** /** \ingroup util_delay
  94:c:\d\ifsc\vscodeleandro\ex\toolchains\avr-gcc\avr\include\util\delay.h ****     \def F_CPU
  95:c:\d\ifsc\vscodeleandro\ex\toolchains\avr-gcc\avr\include\util\delay.h ****     \brief CPU frequency in Hz
  96:c:\d\ifsc\vscodeleandro\ex\toolchains\avr-gcc\avr\include\util\delay.h **** 
  97:c:\d\ifsc\vscodeleandro\ex\toolchains\avr-gcc\avr\include\util\delay.h ****     The macro F_CPU specifies the CPU frequency to be considered by
  98:c:\d\ifsc\vscodeleandro\ex\toolchains\avr-gcc\avr\include\util\delay.h ****     the delay macros.  This macro is normally supplied by the
  99:c:\d\ifsc\vscodeleandro\ex\toolchains\avr-gcc\avr\include\util\delay.h ****     environment (e.g. from within a project header, or the project's
 100:c:\d\ifsc\vscodeleandro\ex\toolchains\avr-gcc\avr\include\util\delay.h ****     Makefile).  The value 1 MHz here is only provided as a "vanilla"
 101:c:\d\ifsc\vscodeleandro\ex\toolchains\avr-gcc\avr\include\util\delay.h ****     fallback if no such user-provided definition could be found.
 102:c:\d\ifsc\vscodeleandro\ex\toolchains\avr-gcc\avr\include\util\delay.h **** 
 103:c:\d\ifsc\vscodeleandro\ex\toolchains\avr-gcc\avr\include\util\delay.h ****     In terms of the delay functions, the CPU frequency can be given as
 104:c:\d\ifsc\vscodeleandro\ex\toolchains\avr-gcc\avr\include\util\delay.h ****     a floating-point constant (e.g. 3.6864E6 for 3.6864 MHz).
 105:c:\d\ifsc\vscodeleandro\ex\toolchains\avr-gcc\avr\include\util\delay.h ****     However, the macros in <util/setbaud.h> require it to be an
 106:c:\d\ifsc\vscodeleandro\ex\toolchains\avr-gcc\avr\include\util\delay.h ****     integer value.
 107:c:\d\ifsc\vscodeleandro\ex\toolchains\avr-gcc\avr\include\util\delay.h ****  */
 108:c:\d\ifsc\vscodeleandro\ex\toolchains\avr-gcc\avr\include\util\delay.h **** # define F_CPU 1000000UL
 109:c:\d\ifsc\vscodeleandro\ex\toolchains\avr-gcc\avr\include\util\delay.h **** #endif
 110:c:\d\ifsc\vscodeleandro\ex\toolchains\avr-gcc\avr\include\util\delay.h **** 
 111:c:\d\ifsc\vscodeleandro\ex\toolchains\avr-gcc\avr\include\util\delay.h **** #ifndef __OPTIMIZE__
 112:c:\d\ifsc\vscodeleandro\ex\toolchains\avr-gcc\avr\include\util\delay.h **** # warning "Compiler optimizations disabled; functions from <util/delay.h> won't work as designed"
 113:c:\d\ifsc\vscodeleandro\ex\toolchains\avr-gcc\avr\include\util\delay.h **** #endif
 114:c:\d\ifsc\vscodeleandro\ex\toolchains\avr-gcc\avr\include\util\delay.h **** 
 115:c:\d\ifsc\vscodeleandro\ex\toolchains\avr-gcc\avr\include\util\delay.h **** #if __HAS_DELAY_CYCLES && defined(__OPTIMIZE__) && \
 116:c:\d\ifsc\vscodeleandro\ex\toolchains\avr-gcc\avr\include\util\delay.h ****   !defined(__DELAY_BACKWARD_COMPATIBLE__) &&	   \
 117:c:\d\ifsc\vscodeleandro\ex\toolchains\avr-gcc\avr\include\util\delay.h ****   __STDC_HOSTED__
 118:c:\d\ifsc\vscodeleandro\ex\toolchains\avr-gcc\avr\include\util\delay.h **** #  include <math.h>
 119:c:\d\ifsc\vscodeleandro\ex\toolchains\avr-gcc\avr\include\util\delay.h **** #endif
 120:c:\d\ifsc\vscodeleandro\ex\toolchains\avr-gcc\avr\include\util\delay.h **** 
 121:c:\d\ifsc\vscodeleandro\ex\toolchains\avr-gcc\avr\include\util\delay.h **** /**
GAS LISTING C:\Users\kenne\AppData\Local\Temp\cct6HZ25.s 			page 5


 122:c:\d\ifsc\vscodeleandro\ex\toolchains\avr-gcc\avr\include\util\delay.h ****    \ingroup util_delay
 123:c:\d\ifsc\vscodeleandro\ex\toolchains\avr-gcc\avr\include\util\delay.h **** 
 124:c:\d\ifsc\vscodeleandro\ex\toolchains\avr-gcc\avr\include\util\delay.h ****    Perform a delay of \c __ms milliseconds, using _delay_loop_2().
 125:c:\d\ifsc\vscodeleandro\ex\toolchains\avr-gcc\avr\include\util\delay.h **** 
 126:c:\d\ifsc\vscodeleandro\ex\toolchains\avr-gcc\avr\include\util\delay.h ****    The macro F_CPU is supposed to be defined to a
 127:c:\d\ifsc\vscodeleandro\ex\toolchains\avr-gcc\avr\include\util\delay.h ****    constant defining the CPU clock frequency (in Hertz).
 128:c:\d\ifsc\vscodeleandro\ex\toolchains\avr-gcc\avr\include\util\delay.h **** 
 129:c:\d\ifsc\vscodeleandro\ex\toolchains\avr-gcc\avr\include\util\delay.h ****    The maximal possible delay is 262.14 ms / F_CPU in MHz.
 130:c:\d\ifsc\vscodeleandro\ex\toolchains\avr-gcc\avr\include\util\delay.h **** 
 131:c:\d\ifsc\vscodeleandro\ex\toolchains\avr-gcc\avr\include\util\delay.h ****    When the user request delay which exceed the maximum possible one,
 132:c:\d\ifsc\vscodeleandro\ex\toolchains\avr-gcc\avr\include\util\delay.h ****    _delay_ms() provides a decreased resolution functionality. In this
 133:c:\d\ifsc\vscodeleandro\ex\toolchains\avr-gcc\avr\include\util\delay.h ****    mode _delay_ms() will work with a resolution of 1/10 ms, providing
 134:c:\d\ifsc\vscodeleandro\ex\toolchains\avr-gcc\avr\include\util\delay.h ****    delays up to 6.5535 seconds (independent from CPU frequency).  The
 135:c:\d\ifsc\vscodeleandro\ex\toolchains\avr-gcc\avr\include\util\delay.h ****    user will not be informed about decreased resolution.
 136:c:\d\ifsc\vscodeleandro\ex\toolchains\avr-gcc\avr\include\util\delay.h **** 
 137:c:\d\ifsc\vscodeleandro\ex\toolchains\avr-gcc\avr\include\util\delay.h ****    If the avr-gcc toolchain has __builtin_avr_delay_cycles()
 138:c:\d\ifsc\vscodeleandro\ex\toolchains\avr-gcc\avr\include\util\delay.h ****    support, maximal possible delay is 4294967.295 ms/ F_CPU in MHz. For
 139:c:\d\ifsc\vscodeleandro\ex\toolchains\avr-gcc\avr\include\util\delay.h ****    values greater than the maximal possible delay, overflows results in
 140:c:\d\ifsc\vscodeleandro\ex\toolchains\avr-gcc\avr\include\util\delay.h ****    no delay i.e., 0ms.
 141:c:\d\ifsc\vscodeleandro\ex\toolchains\avr-gcc\avr\include\util\delay.h **** 
 142:c:\d\ifsc\vscodeleandro\ex\toolchains\avr-gcc\avr\include\util\delay.h ****    Conversion of \c __ms into clock cycles may not always result in
 143:c:\d\ifsc\vscodeleandro\ex\toolchains\avr-gcc\avr\include\util\delay.h ****    integer.  By default, the clock cycles rounded up to next
 144:c:\d\ifsc\vscodeleandro\ex\toolchains\avr-gcc\avr\include\util\delay.h ****    integer. This ensures that the user gets at least \c __ms
 145:c:\d\ifsc\vscodeleandro\ex\toolchains\avr-gcc\avr\include\util\delay.h ****    microseconds of delay.
 146:c:\d\ifsc\vscodeleandro\ex\toolchains\avr-gcc\avr\include\util\delay.h **** 
 147:c:\d\ifsc\vscodeleandro\ex\toolchains\avr-gcc\avr\include\util\delay.h ****    Alternatively, by defining the macro \c __DELAY_ROUND_DOWN__, or
 148:c:\d\ifsc\vscodeleandro\ex\toolchains\avr-gcc\avr\include\util\delay.h ****    \c __DELAY_ROUND_CLOSEST__, before including this header file, the
 149:c:\d\ifsc\vscodeleandro\ex\toolchains\avr-gcc\avr\include\util\delay.h ****    algorithm can be made to round down, or round to closest integer,
 150:c:\d\ifsc\vscodeleandro\ex\toolchains\avr-gcc\avr\include\util\delay.h ****    respectively.
 151:c:\d\ifsc\vscodeleandro\ex\toolchains\avr-gcc\avr\include\util\delay.h **** 
 152:c:\d\ifsc\vscodeleandro\ex\toolchains\avr-gcc\avr\include\util\delay.h ****    \note
 153:c:\d\ifsc\vscodeleandro\ex\toolchains\avr-gcc\avr\include\util\delay.h **** 
 154:c:\d\ifsc\vscodeleandro\ex\toolchains\avr-gcc\avr\include\util\delay.h ****    The implementation of _delay_ms() based on
 155:c:\d\ifsc\vscodeleandro\ex\toolchains\avr-gcc\avr\include\util\delay.h ****    __builtin_avr_delay_cycles() is not backward compatible with older
 156:c:\d\ifsc\vscodeleandro\ex\toolchains\avr-gcc\avr\include\util\delay.h ****    implementations.  In order to get functionality backward compatible
 157:c:\d\ifsc\vscodeleandro\ex\toolchains\avr-gcc\avr\include\util\delay.h ****    with previous versions, the macro \c "__DELAY_BACKWARD_COMPATIBLE__"
 158:c:\d\ifsc\vscodeleandro\ex\toolchains\avr-gcc\avr\include\util\delay.h ****    must be defined before including this header file. Also, the
 159:c:\d\ifsc\vscodeleandro\ex\toolchains\avr-gcc\avr\include\util\delay.h ****    backward compatible algorithm will be chosen if the code is
 160:c:\d\ifsc\vscodeleandro\ex\toolchains\avr-gcc\avr\include\util\delay.h ****    compiled in a <em>freestanding environment</em> (GCC option
 161:c:\d\ifsc\vscodeleandro\ex\toolchains\avr-gcc\avr\include\util\delay.h ****    \c -ffreestanding), as the math functions required for rounding are
 162:c:\d\ifsc\vscodeleandro\ex\toolchains\avr-gcc\avr\include\util\delay.h ****    not available to the compiler then.
 163:c:\d\ifsc\vscodeleandro\ex\toolchains\avr-gcc\avr\include\util\delay.h **** 
 164:c:\d\ifsc\vscodeleandro\ex\toolchains\avr-gcc\avr\include\util\delay.h ****  */
 165:c:\d\ifsc\vscodeleandro\ex\toolchains\avr-gcc\avr\include\util\delay.h **** void
 166:c:\d\ifsc\vscodeleandro\ex\toolchains\avr-gcc\avr\include\util\delay.h **** _delay_ms(double __ms)
  61               		.loc 2 166 1 view .LVU7
  62               	.LBB9:
 167:c:\d\ifsc\vscodeleandro\ex\toolchains\avr-gcc\avr\include\util\delay.h **** {
 168:c:\d\ifsc\vscodeleandro\ex\toolchains\avr-gcc\avr\include\util\delay.h **** 	double __tmp ;
  63               		.loc 2 168 2 view .LVU8
 169:c:\d\ifsc\vscodeleandro\ex\toolchains\avr-gcc\avr\include\util\delay.h **** #if __HAS_DELAY_CYCLES && defined(__OPTIMIZE__) && \
 170:c:\d\ifsc\vscodeleandro\ex\toolchains\avr-gcc\avr\include\util\delay.h ****   !defined(__DELAY_BACKWARD_COMPATIBLE__) &&	   \
 171:c:\d\ifsc\vscodeleandro\ex\toolchains\avr-gcc\avr\include\util\delay.h ****   __STDC_HOSTED__
 172:c:\d\ifsc\vscodeleandro\ex\toolchains\avr-gcc\avr\include\util\delay.h **** 	uint32_t __ticks_dc;
  64               		.loc 2 172 2 view .LVU9
 173:c:\d\ifsc\vscodeleandro\ex\toolchains\avr-gcc\avr\include\util\delay.h **** 	extern void __builtin_avr_delay_cycles(unsigned long);
  65               		.loc 2 173 2 view .LVU10
GAS LISTING C:\Users\kenne\AppData\Local\Temp\cct6HZ25.s 			page 6


 174:c:\d\ifsc\vscodeleandro\ex\toolchains\avr-gcc\avr\include\util\delay.h **** 	__tmp = ((F_CPU) / 1e3) * __ms;
  66               		.loc 2 174 2 view .LVU11
 175:c:\d\ifsc\vscodeleandro\ex\toolchains\avr-gcc\avr\include\util\delay.h **** 
 176:c:\d\ifsc\vscodeleandro\ex\toolchains\avr-gcc\avr\include\util\delay.h **** 	#if defined(__DELAY_ROUND_DOWN__)
 177:c:\d\ifsc\vscodeleandro\ex\toolchains\avr-gcc\avr\include\util\delay.h **** 		__ticks_dc = (uint32_t)fabs(__tmp);
 178:c:\d\ifsc\vscodeleandro\ex\toolchains\avr-gcc\avr\include\util\delay.h **** 
 179:c:\d\ifsc\vscodeleandro\ex\toolchains\avr-gcc\avr\include\util\delay.h **** 	#elif defined(__DELAY_ROUND_CLOSEST__)
 180:c:\d\ifsc\vscodeleandro\ex\toolchains\avr-gcc\avr\include\util\delay.h **** 		__ticks_dc = (uint32_t)(fabs(__tmp)+0.5);
 181:c:\d\ifsc\vscodeleandro\ex\toolchains\avr-gcc\avr\include\util\delay.h **** 
 182:c:\d\ifsc\vscodeleandro\ex\toolchains\avr-gcc\avr\include\util\delay.h **** 	#else
 183:c:\d\ifsc\vscodeleandro\ex\toolchains\avr-gcc\avr\include\util\delay.h **** 		//round up by default
 184:c:\d\ifsc\vscodeleandro\ex\toolchains\avr-gcc\avr\include\util\delay.h **** 		__ticks_dc = (uint32_t)(ceil(fabs(__tmp)));
  67               		.loc 2 184 3 view .LVU12
 185:c:\d\ifsc\vscodeleandro\ex\toolchains\avr-gcc\avr\include\util\delay.h **** 	#endif
 186:c:\d\ifsc\vscodeleandro\ex\toolchains\avr-gcc\avr\include\util\delay.h **** 
 187:c:\d\ifsc\vscodeleandro\ex\toolchains\avr-gcc\avr\include\util\delay.h **** 	__builtin_avr_delay_cycles(__ticks_dc);
  68               		.loc 2 187 2 view .LVU13
  69 0020 2FE7      		ldi r18,lo8(1199999)
  70 0022 8FE4      		ldi r24,hi8(1199999)
  71 0024 92E1      		ldi r25,hlo8(1199999)
  72 0026 2150      	1:	subi r18,1
  73 0028 8040      		sbci r24,0
  74 002a 9040      		sbci r25,0
  75 002c 01F4      		brne 1b
  76 002e 00C0      		rjmp .
  77 0030 0000      		nop
  78               	.LVL5:
  79               		.loc 2 187 2 is_stmt 0 view .LVU14
  80               	.LBE9:
  81               	.LBE8:
  29:main.c        **** 	sendcmd2fb(FB_connect);
  82               		.loc 1 29 2 is_stmt 1 view .LVU15
  83 0032 81E0      		ldi r24,lo8(1)
  84 0034 0E94 0000 		call sendcmd2fb
  85               	.LVL6:
  30:main.c        **** 	_delay_ms(500);
  86               		.loc 1 30 2 view .LVU16
  87               	.LBB10:
  88               	.LBI10:
 166:c:\d\ifsc\vscodeleandro\ex\toolchains\avr-gcc\avr\include\util\delay.h **** {
  89               		.loc 2 166 1 view .LVU17
  90               	.LBB11:
 168:c:\d\ifsc\vscodeleandro\ex\toolchains\avr-gcc\avr\include\util\delay.h **** #if __HAS_DELAY_CYCLES && defined(__OPTIMIZE__) && \
  91               		.loc 2 168 2 view .LVU18
 172:c:\d\ifsc\vscodeleandro\ex\toolchains\avr-gcc\avr\include\util\delay.h **** 	extern void __builtin_avr_delay_cycles(unsigned long);
  92               		.loc 2 172 2 view .LVU19
 173:c:\d\ifsc\vscodeleandro\ex\toolchains\avr-gcc\avr\include\util\delay.h **** 	__tmp = ((F_CPU) / 1e3) * __ms;
  93               		.loc 2 173 2 view .LVU20
 174:c:\d\ifsc\vscodeleandro\ex\toolchains\avr-gcc\avr\include\util\delay.h **** 
  94               		.loc 2 174 2 view .LVU21
 184:c:\d\ifsc\vscodeleandro\ex\toolchains\avr-gcc\avr\include\util\delay.h **** 	#endif
  95               		.loc 2 184 3 view .LVU22
  96               		.loc 2 187 2 view .LVU23
  97 0038 2FE7      		ldi r18,lo8(1199999)
  98 003a 8FE4      		ldi r24,hi8(1199999)
  99 003c 92E1      		ldi r25,hlo8(1199999)
 100 003e 2150      	1:	subi r18,1
GAS LISTING C:\Users\kenne\AppData\Local\Temp\cct6HZ25.s 			page 7


 101 0040 8040      		sbci r24,0
 102 0042 9040      		sbci r25,0
 103 0044 01F4      		brne 1b
 104 0046 00C0      		rjmp .
 105 0048 0000      		nop
 106               	.LVL7:
 107               		.loc 2 187 2 is_stmt 0 view .LVU24
 108               	.LBE11:
 109               	.LBE10:
  31:main.c        **** 	unsigned char options_conter = 0;
 110               		.loc 1 31 2 is_stmt 1 view .LVU25
  32:main.c        **** 	lcdclear();
 111               		.loc 1 32 2 view .LVU26
 112 004a 0E94 0000 		call lcdclear
 113               	.LVL8:
  31:main.c        **** 	unsigned char options_conter = 0;
 114               		.loc 1 31 16 is_stmt 0 view .LVU27
 115 004e C0E0      		ldi r28,0
 116 0050 00C0      		rjmp .L14
 117               	.LVL9:
 118               	.L2:
  33:main.c        **** 
  34:main.c        **** 	while(1)
  35:main.c        **** 	{
  36:main.c        **** 		lcdfirstrow();
  37:main.c        **** 		lcdprint("Options: ");
  38:main.c        **** 		lcdwrite(0x7f,DATA);
  39:main.c        **** 		lcdwrite(0x7e,DATA);
  40:main.c        **** 
  41:main.c        **** 		if(keys_Feedback() == keys_up)
  42:main.c        **** 		options_conter++;
  43:main.c        **** 		else if(keys_Feedback() == keys_down)
 119               		.loc 1 43 8 is_stmt 1 view .LVU28
 120               		.loc 1 43 11 is_stmt 0 view .LVU29
 121 0052 0E94 0000 		call keys_Feedback
 122               	.LVL10:
 123               		.loc 1 43 10 view .LVU30
 124 0056 8230      		cpi r24,lo8(2)
 125 0058 01F4      		brne .L4
  44:main.c        **** 		options_conter--;
 126               		.loc 1 44 3 is_stmt 1 view .LVU31
 127               		.loc 1 44 17 is_stmt 0 view .LVU32
 128 005a C150      		subi r28,lo8(-(-1))
 129               	.LVL11:
 130               		.loc 1 44 17 view .LVU33
 131 005c 00C0      		rjmp .L3
 132               	.L4:
  45:main.c        **** 		else if(keys_Feedback() == keys_ok)
 133               		.loc 1 45 8 is_stmt 1 view .LVU34
 134               		.loc 1 45 11 is_stmt 0 view .LVU35
 135 005e 0E94 0000 		call keys_Feedback
 136               	.LVL12:
 137               		.loc 1 45 10 view .LVU36
 138 0062 8330      		cpi r24,lo8(3)
 139 0064 01F4      		brne .L3
  46:main.c        **** 		{
  47:main.c        **** 			if(options_conter == 0)
GAS LISTING C:\Users\kenne\AppData\Local\Temp\cct6HZ25.s 			page 8


 140               		.loc 1 47 4 is_stmt 1 view .LVU37
 141               		.loc 1 47 6 is_stmt 0 view .LVU38
 142 0066 CC23      		tst r28
 143 0068 01F0      		breq .L15
  48:main.c        **** 			Search();
  49:main.c        **** 			else if(options_conter == 1)
 144               		.loc 1 49 9 is_stmt 1 view .LVU39
 145               		.loc 1 49 11 is_stmt 0 view .LVU40
 146 006a C130      		cpi r28,lo8(1)
 147 006c 01F0      		breq .L16
  50:main.c        **** 			enroll();
  51:main.c        **** 			else if(options_conter == 2)
 148               		.loc 1 51 9 is_stmt 1 view .LVU41
 149               		.loc 1 51 11 is_stmt 0 view .LVU42
 150 006e C230      		cpi r28,lo8(2)
 151 0070 01F0      		breq .L17
  52:main.c        **** 			sendcmd2fb(F_delete);
  53:main.c        **** 			else if(options_conter == 3)
 152               		.loc 1 53 9 is_stmt 1 view .LVU43
 153               		.loc 1 53 11 is_stmt 0 view .LVU44
 154 0072 C330      		cpi r28,lo8(3)
 155 0074 01F4      		brne .L3
  54:main.c        **** 			sendcmd2fb(FP_empty);
 156               		.loc 1 54 4 is_stmt 1 view .LVU45
 157 0076 88E0      		ldi r24,lo8(8)
 158 0078 0E94 0000 		call sendcmd2fb
 159               	.LVL13:
 160 007c 00C0      		rjmp .L3
 161               	.L15:
  48:main.c        **** 			else if(options_conter == 1)
 162               		.loc 1 48 4 view .LVU46
 163 007e 0E94 0000 		call Search
 164               	.LVL14:
  55:main.c        **** 		}
  56:main.c        **** 		if(options_conter > 3)
 165               		.loc 1 56 3 view .LVU47
 166 0082 00C0      		rjmp .L6
 167               	.L16:
  50:main.c        **** 			else if(options_conter == 2)
 168               		.loc 1 50 4 view .LVU48
 169 0084 0E94 0000 		call enroll
 170               	.LVL15:
 171               		.loc 1 56 3 view .LVU49
 172 0088 00C0      		rjmp .L6
 173               	.L17:
  52:main.c        **** 			else if(options_conter == 3)
 174               		.loc 1 52 4 view .LVU50
 175 008a 87E0      		ldi r24,lo8(7)
 176 008c 0E94 0000 		call sendcmd2fb
 177               	.LVL16:
 178 0090 00C0      		rjmp .L3
 179               	.L18:
  57:main.c        **** 		options_conter = 0;
 180               		.loc 1 57 3 view .LVU51
 181               	.LVL17:
  58:main.c        **** 
  59:main.c        **** 		lcdsecondrow();
GAS LISTING C:\Users\kenne\AppData\Local\Temp\cct6HZ25.s 			page 9


 182               		.loc 1 59 3 view .LVU52
 183 0092 0E94 0000 		call lcdsecondrow
 184               	.LVL18:
  60:main.c        **** 		if(options_conter == 0)
 185               		.loc 1 60 3 view .LVU53
  57:main.c        **** 		options_conter = 0;
 186               		.loc 1 57 18 is_stmt 0 view .LVU54
 187 0096 C0E0      		ldi r28,0
 188               	.LVL19:
 189               	.L9:
  61:main.c        **** 		lcdprint("-Scan           ");
 190               		.loc 1 61 3 is_stmt 1 view .LVU55
 191 0098 80E0      		ldi r24,lo8(.LC2)
 192 009a 90E0      		ldi r25,hi8(.LC2)
 193 009c 0E94 0000 		call lcdprint
 194               	.LVL20:
 195               	.L11:
  62:main.c        **** 		else if(options_conter == 1)
  63:main.c        **** 		lcdprint("-Enroll         ");
  64:main.c        **** 		else if(options_conter == 2)
  65:main.c        **** 		lcdprint("-Delete ID      ");
  66:main.c        **** 		else if(options_conter == 3)
  67:main.c        **** 		lcdprint("-Erase IDs      ");
  68:main.c        **** 
  69:main.c        **** 		_delay_ms(100);
 196               		.loc 1 69 3 view .LVU56
 197               	.LBB12:
 198               	.LBI12:
 166:c:\d\ifsc\vscodeleandro\ex\toolchains\avr-gcc\avr\include\util\delay.h **** {
 199               		.loc 2 166 1 view .LVU57
 200               	.LBB13:
 168:c:\d\ifsc\vscodeleandro\ex\toolchains\avr-gcc\avr\include\util\delay.h **** #if __HAS_DELAY_CYCLES && defined(__OPTIMIZE__) && \
 201               		.loc 2 168 2 view .LVU58
 172:c:\d\ifsc\vscodeleandro\ex\toolchains\avr-gcc\avr\include\util\delay.h **** 	extern void __builtin_avr_delay_cycles(unsigned long);
 202               		.loc 2 172 2 view .LVU59
 173:c:\d\ifsc\vscodeleandro\ex\toolchains\avr-gcc\avr\include\util\delay.h **** 	__tmp = ((F_CPU) / 1e3) * __ms;
 203               		.loc 2 173 2 view .LVU60
 174:c:\d\ifsc\vscodeleandro\ex\toolchains\avr-gcc\avr\include\util\delay.h **** 
 204               		.loc 2 174 2 view .LVU61
 184:c:\d\ifsc\vscodeleandro\ex\toolchains\avr-gcc\avr\include\util\delay.h **** 	#endif
 205               		.loc 2 184 3 view .LVU62
 206               		.loc 2 187 2 view .LVU63
 207 00a0 2FE7      		ldi r18,lo8(239999)
 208 00a2 89EA      		ldi r24,hi8(239999)
 209 00a4 93E0      		ldi r25,hlo8(239999)
 210 00a6 2150      	1:	subi r18,1
 211 00a8 8040      		sbci r24,0
 212 00aa 9040      		sbci r25,0
 213 00ac 01F4      		brne 1b
 214 00ae 00C0      		rjmp .
 215 00b0 0000      		nop
 216               	.LVL21:
 217               	.L14:
 218               		.loc 2 187 2 is_stmt 0 view .LVU64
 219               	.LBE13:
 220               	.LBE12:
  34:main.c        **** 	{
GAS LISTING C:\Users\kenne\AppData\Local\Temp\cct6HZ25.s 			page 10


 221               		.loc 1 34 2 is_stmt 1 view .LVU65
  36:main.c        **** 		lcdprint("Options: ");
 222               		.loc 1 36 3 view .LVU66
 223 00b2 0E94 0000 		call lcdfirstrow
 224               	.LVL22:
  37:main.c        **** 		lcdwrite(0x7f,DATA);
 225               		.loc 1 37 3 view .LVU67
 226 00b6 80E0      		ldi r24,lo8(.LC1)
 227 00b8 90E0      		ldi r25,hi8(.LC1)
 228 00ba 0E94 0000 		call lcdprint
 229               	.LVL23:
  38:main.c        **** 		lcdwrite(0x7e,DATA);
 230               		.loc 1 38 3 view .LVU68
 231 00be 61E0      		ldi r22,lo8(1)
 232 00c0 8FE7      		ldi r24,lo8(127)
 233 00c2 0E94 0000 		call lcdwrite
 234               	.LVL24:
  39:main.c        **** 
 235               		.loc 1 39 3 view .LVU69
 236 00c6 61E0      		ldi r22,lo8(1)
 237 00c8 8EE7      		ldi r24,lo8(126)
 238 00ca 0E94 0000 		call lcdwrite
 239               	.LVL25:
  41:main.c        **** 		options_conter++;
 240               		.loc 1 41 3 view .LVU70
  41:main.c        **** 		options_conter++;
 241               		.loc 1 41 6 is_stmt 0 view .LVU71
 242 00ce 0E94 0000 		call keys_Feedback
 243               	.LVL26:
  41:main.c        **** 		options_conter++;
 244               		.loc 1 41 5 view .LVU72
 245 00d2 8130      		cpi r24,lo8(1)
 246 00d4 01F0      		breq .+2
 247 00d6 00C0      		rjmp .L2
  42:main.c        **** 		else if(keys_Feedback() == keys_down)
 248               		.loc 1 42 3 is_stmt 1 view .LVU73
  42:main.c        **** 		else if(keys_Feedback() == keys_down)
 249               		.loc 1 42 17 is_stmt 0 view .LVU74
 250 00d8 CF5F      		subi r28,lo8(-(1))
 251               	.LVL27:
 252               	.L3:
  56:main.c        **** 		options_conter = 0;
 253               		.loc 1 56 3 is_stmt 1 view .LVU75
  56:main.c        **** 		options_conter = 0;
 254               		.loc 1 56 5 is_stmt 0 view .LVU76
 255 00da C430      		cpi r28,lo8(4)
 256 00dc 00F4      		brsh .L18
 257               	.L6:
  59:main.c        **** 		if(options_conter == 0)
 258               		.loc 1 59 3 is_stmt 1 view .LVU77
 259 00de 0E94 0000 		call lcdsecondrow
 260               	.LVL28:
  60:main.c        **** 		lcdprint("-Scan           ");
 261               		.loc 1 60 3 view .LVU78
  60:main.c        **** 		lcdprint("-Scan           ");
 262               		.loc 1 60 5 is_stmt 0 view .LVU79
 263 00e2 CC23      		tst r28
GAS LISTING C:\Users\kenne\AppData\Local\Temp\cct6HZ25.s 			page 11


 264 00e4 01F0      		breq .L9
  62:main.c        **** 		lcdprint("-Enroll         ");
 265               		.loc 1 62 8 is_stmt 1 view .LVU80
  62:main.c        **** 		lcdprint("-Enroll         ");
 266               		.loc 1 62 10 is_stmt 0 view .LVU81
 267 00e6 C130      		cpi r28,lo8(1)
 268 00e8 01F0      		breq .L19
  64:main.c        **** 		lcdprint("-Delete ID      ");
 269               		.loc 1 64 8 is_stmt 1 view .LVU82
  64:main.c        **** 		lcdprint("-Delete ID      ");
 270               		.loc 1 64 10 is_stmt 0 view .LVU83
 271 00ea C230      		cpi r28,lo8(2)
 272 00ec 01F0      		breq .L20
  66:main.c        **** 		lcdprint("-Erase IDs      ");
 273               		.loc 1 66 8 is_stmt 1 view .LVU84
  66:main.c        **** 		lcdprint("-Erase IDs      ");
 274               		.loc 1 66 10 is_stmt 0 view .LVU85
 275 00ee C330      		cpi r28,lo8(3)
 276 00f0 01F4      		brne .L11
  67:main.c        **** 
 277               		.loc 1 67 3 is_stmt 1 view .LVU86
 278 00f2 80E0      		ldi r24,lo8(.LC5)
 279 00f4 90E0      		ldi r25,hi8(.LC5)
 280 00f6 0E94 0000 		call lcdprint
 281               	.LVL29:
 282 00fa 00C0      		rjmp .L11
 283               	.L19:
  63:main.c        **** 		else if(options_conter == 2)
 284               		.loc 1 63 3 view .LVU87
 285 00fc 80E0      		ldi r24,lo8(.LC3)
 286 00fe 90E0      		ldi r25,hi8(.LC3)
 287 0100 0E94 0000 		call lcdprint
 288               	.LVL30:
 289 0104 00C0      		rjmp .L11
 290               	.L20:
  65:main.c        **** 		else if(options_conter == 3)
 291               		.loc 1 65 3 view .LVU88
 292 0106 80E0      		ldi r24,lo8(.LC4)
 293 0108 90E0      		ldi r25,hi8(.LC4)
 294 010a 0E94 0000 		call lcdprint
 295               	.LVL31:
 296 010e 00C0      		rjmp .L11
 297               		.cfi_endproc
 298               	.LFE7:
 300               	.global	rcvData
 301               		.section	.bss.rcvData,"aw",@nobits
 304               	rcvData:
 305 0000 0000 0000 		.zero	15
 305      0000 0000 
 305      0000 0000 
 305      0000 00
 306               	.global	cont
 307               		.section	.bss.cont,"aw",@nobits
 310               	cont:
 311 0000 00        		.zero	1
 312               		.text
 313               	.Letext0:
GAS LISTING C:\Users\kenne\AppData\Local\Temp\cct6HZ25.s 			page 12


 314               		.file 3 "inc/UART_interface.h"
 315               		.file 4 "inc/LCD_interface.h"
 316               		.file 5 "inc/FP_interface.h"
 317               		.file 6 "inc/keys_interface.h"
 318               		.file 7 "c:\\d\\ifsc\\vscodeleandro\\ex\\toolchains\\avr-gcc\\avr\\include\\math.h"
 319               		.file 8 "c:\\d\\ifsc\\vscodeleandro\\ex\\toolchains\\avr-gcc\\avr\\include\\stdint.h"
GAS LISTING C:\Users\kenne\AppData\Local\Temp\cct6HZ25.s 			page 13


DEFINED SYMBOLS
                            *ABS*:00000000 main.c
C:\Users\kenne\AppData\Local\Temp\cct6HZ25.s:2      *ABS*:0000003e __SP_H__
C:\Users\kenne\AppData\Local\Temp\cct6HZ25.s:3      *ABS*:0000003d __SP_L__
C:\Users\kenne\AppData\Local\Temp\cct6HZ25.s:4      *ABS*:0000003f __SREG__
C:\Users\kenne\AppData\Local\Temp\cct6HZ25.s:5      *ABS*:00000000 __tmp_reg__
C:\Users\kenne\AppData\Local\Temp\cct6HZ25.s:6      *ABS*:00000001 __zero_reg__
C:\Users\kenne\AppData\Local\Temp\cct6HZ25.s:27     .text.main:00000000 main
C:\Users\kenne\AppData\Local\Temp\cct6HZ25.s:30     .text.main:00000000 .Loc.0
C:\Users\kenne\AppData\Local\Temp\cct6HZ25.s:31     .text.main:00000000 L0
C:\Users\kenne\AppData\Local\Temp\cct6HZ25.s:36     .text.main:00000000 .Loc.1
C:\Users\kenne\AppData\Local\Temp\cct6HZ25.s:43     .text.main:0000000c .Loc.2
C:\Users\kenne\AppData\Local\Temp\cct6HZ25.s:46     .text.main:00000010 .Loc.3
C:\Users\kenne\AppData\Local\Temp\cct6HZ25.s:49     .text.main:00000014 .Loc.4
C:\Users\kenne\AppData\Local\Temp\cct6HZ25.s:52     .text.main:00000018 .Loc.5
C:\Users\kenne\AppData\Local\Temp\cct6HZ25.s:57     .text.main:00000020 .Loc.6
C:\Users\kenne\AppData\Local\Temp\cct6HZ25.s:61     .text.main:00000020 .Loc.7
C:\Users\kenne\AppData\Local\Temp\cct6HZ25.s:63     .text.main:00000020 .Loc.8
C:\Users\kenne\AppData\Local\Temp\cct6HZ25.s:64     .text.main:00000020 .Loc.9
C:\Users\kenne\AppData\Local\Temp\cct6HZ25.s:65     .text.main:00000020 .Loc.10
C:\Users\kenne\AppData\Local\Temp\cct6HZ25.s:66     .text.main:00000020 .Loc.11
C:\Users\kenne\AppData\Local\Temp\cct6HZ25.s:67     .text.main:00000020 .Loc.12
C:\Users\kenne\AppData\Local\Temp\cct6HZ25.s:68     .text.main:00000020 .Loc.13
C:\Users\kenne\AppData\Local\Temp\cct6HZ25.s:76     .text.main:00000030 L0
C:\Users\kenne\AppData\Local\Temp\cct6HZ25.s:79     .text.main:00000032 .Loc.14
C:\Users\kenne\AppData\Local\Temp\cct6HZ25.s:82     .text.main:00000032 .Loc.15
C:\Users\kenne\AppData\Local\Temp\cct6HZ25.s:86     .text.main:00000038 .Loc.16
C:\Users\kenne\AppData\Local\Temp\cct6HZ25.s:89     .text.main:00000038 .Loc.17
C:\Users\kenne\AppData\Local\Temp\cct6HZ25.s:91     .text.main:00000038 .Loc.18
C:\Users\kenne\AppData\Local\Temp\cct6HZ25.s:92     .text.main:00000038 .Loc.19
C:\Users\kenne\AppData\Local\Temp\cct6HZ25.s:93     .text.main:00000038 .Loc.20
C:\Users\kenne\AppData\Local\Temp\cct6HZ25.s:94     .text.main:00000038 .Loc.21
C:\Users\kenne\AppData\Local\Temp\cct6HZ25.s:95     .text.main:00000038 .Loc.22
C:\Users\kenne\AppData\Local\Temp\cct6HZ25.s:96     .text.main:00000038 .Loc.23
C:\Users\kenne\AppData\Local\Temp\cct6HZ25.s:104    .text.main:00000048 L0
C:\Users\kenne\AppData\Local\Temp\cct6HZ25.s:107    .text.main:0000004a .Loc.24
C:\Users\kenne\AppData\Local\Temp\cct6HZ25.s:110    .text.main:0000004a .Loc.25
C:\Users\kenne\AppData\Local\Temp\cct6HZ25.s:111    .text.main:0000004a .Loc.26
C:\Users\kenne\AppData\Local\Temp\cct6HZ25.s:114    .text.main:0000004e .Loc.27
C:\Users\kenne\AppData\Local\Temp\cct6HZ25.s:119    .text.main:00000052 .Loc.28
C:\Users\kenne\AppData\Local\Temp\cct6HZ25.s:120    .text.main:00000052 .Loc.29
C:\Users\kenne\AppData\Local\Temp\cct6HZ25.s:123    .text.main:00000056 .Loc.30
C:\Users\kenne\AppData\Local\Temp\cct6HZ25.s:126    .text.main:0000005a .Loc.31
C:\Users\kenne\AppData\Local\Temp\cct6HZ25.s:127    .text.main:0000005a .Loc.32
C:\Users\kenne\AppData\Local\Temp\cct6HZ25.s:130    .text.main:0000005c .Loc.33
C:\Users\kenne\AppData\Local\Temp\cct6HZ25.s:133    .text.main:0000005e .Loc.34
C:\Users\kenne\AppData\Local\Temp\cct6HZ25.s:134    .text.main:0000005e .Loc.35
C:\Users\kenne\AppData\Local\Temp\cct6HZ25.s:137    .text.main:00000062 .Loc.36
C:\Users\kenne\AppData\Local\Temp\cct6HZ25.s:140    .text.main:00000066 .Loc.37
C:\Users\kenne\AppData\Local\Temp\cct6HZ25.s:141    .text.main:00000066 .Loc.38
C:\Users\kenne\AppData\Local\Temp\cct6HZ25.s:144    .text.main:0000006a .Loc.39
C:\Users\kenne\AppData\Local\Temp\cct6HZ25.s:145    .text.main:0000006a .Loc.40
C:\Users\kenne\AppData\Local\Temp\cct6HZ25.s:148    .text.main:0000006e .Loc.41
C:\Users\kenne\AppData\Local\Temp\cct6HZ25.s:149    .text.main:0000006e .Loc.42
C:\Users\kenne\AppData\Local\Temp\cct6HZ25.s:152    .text.main:00000072 .Loc.43
C:\Users\kenne\AppData\Local\Temp\cct6HZ25.s:153    .text.main:00000072 .Loc.44
C:\Users\kenne\AppData\Local\Temp\cct6HZ25.s:156    .text.main:00000076 .Loc.45
GAS LISTING C:\Users\kenne\AppData\Local\Temp\cct6HZ25.s 			page 14


C:\Users\kenne\AppData\Local\Temp\cct6HZ25.s:162    .text.main:0000007e .Loc.46
C:\Users\kenne\AppData\Local\Temp\cct6HZ25.s:165    .text.main:00000082 .Loc.47
C:\Users\kenne\AppData\Local\Temp\cct6HZ25.s:168    .text.main:00000084 .Loc.48
C:\Users\kenne\AppData\Local\Temp\cct6HZ25.s:171    .text.main:00000088 .Loc.49
C:\Users\kenne\AppData\Local\Temp\cct6HZ25.s:174    .text.main:0000008a .Loc.50
C:\Users\kenne\AppData\Local\Temp\cct6HZ25.s:180    .text.main:00000092 .Loc.51
C:\Users\kenne\AppData\Local\Temp\cct6HZ25.s:182    .text.main:00000092 .Loc.52
C:\Users\kenne\AppData\Local\Temp\cct6HZ25.s:185    .text.main:00000096 .Loc.53
C:\Users\kenne\AppData\Local\Temp\cct6HZ25.s:186    .text.main:00000096 .Loc.54
C:\Users\kenne\AppData\Local\Temp\cct6HZ25.s:190    .text.main:00000098 .Loc.55
C:\Users\kenne\AppData\Local\Temp\cct6HZ25.s:196    .text.main:000000a0 .Loc.56
C:\Users\kenne\AppData\Local\Temp\cct6HZ25.s:199    .text.main:000000a0 .Loc.57
C:\Users\kenne\AppData\Local\Temp\cct6HZ25.s:201    .text.main:000000a0 .Loc.58
C:\Users\kenne\AppData\Local\Temp\cct6HZ25.s:202    .text.main:000000a0 .Loc.59
C:\Users\kenne\AppData\Local\Temp\cct6HZ25.s:203    .text.main:000000a0 .Loc.60
C:\Users\kenne\AppData\Local\Temp\cct6HZ25.s:204    .text.main:000000a0 .Loc.61
C:\Users\kenne\AppData\Local\Temp\cct6HZ25.s:205    .text.main:000000a0 .Loc.62
C:\Users\kenne\AppData\Local\Temp\cct6HZ25.s:206    .text.main:000000a0 .Loc.63
C:\Users\kenne\AppData\Local\Temp\cct6HZ25.s:214    .text.main:000000b0 L0
C:\Users\kenne\AppData\Local\Temp\cct6HZ25.s:218    .text.main:000000b2 .Loc.64
C:\Users\kenne\AppData\Local\Temp\cct6HZ25.s:221    .text.main:000000b2 .Loc.65
C:\Users\kenne\AppData\Local\Temp\cct6HZ25.s:222    .text.main:000000b2 .Loc.66
C:\Users\kenne\AppData\Local\Temp\cct6HZ25.s:225    .text.main:000000b6 .Loc.67
C:\Users\kenne\AppData\Local\Temp\cct6HZ25.s:230    .text.main:000000be .Loc.68
C:\Users\kenne\AppData\Local\Temp\cct6HZ25.s:235    .text.main:000000c6 .Loc.69
C:\Users\kenne\AppData\Local\Temp\cct6HZ25.s:240    .text.main:000000ce .Loc.70
C:\Users\kenne\AppData\Local\Temp\cct6HZ25.s:241    .text.main:000000ce .Loc.71
C:\Users\kenne\AppData\Local\Temp\cct6HZ25.s:244    .text.main:000000d2 .Loc.72
C:\Users\kenne\AppData\Local\Temp\cct6HZ25.s:246    .text.main:000000d6 L0
C:\Users\kenne\AppData\Local\Temp\cct6HZ25.s:248    .text.main:000000d8 .Loc.73
C:\Users\kenne\AppData\Local\Temp\cct6HZ25.s:249    .text.main:000000d8 .Loc.74
C:\Users\kenne\AppData\Local\Temp\cct6HZ25.s:253    .text.main:000000da .Loc.75
C:\Users\kenne\AppData\Local\Temp\cct6HZ25.s:254    .text.main:000000da .Loc.76
C:\Users\kenne\AppData\Local\Temp\cct6HZ25.s:258    .text.main:000000de .Loc.77
C:\Users\kenne\AppData\Local\Temp\cct6HZ25.s:261    .text.main:000000e2 .Loc.78
C:\Users\kenne\AppData\Local\Temp\cct6HZ25.s:262    .text.main:000000e2 .Loc.79
C:\Users\kenne\AppData\Local\Temp\cct6HZ25.s:265    .text.main:000000e6 .Loc.80
C:\Users\kenne\AppData\Local\Temp\cct6HZ25.s:266    .text.main:000000e6 .Loc.81
C:\Users\kenne\AppData\Local\Temp\cct6HZ25.s:269    .text.main:000000ea .Loc.82
C:\Users\kenne\AppData\Local\Temp\cct6HZ25.s:270    .text.main:000000ea .Loc.83
C:\Users\kenne\AppData\Local\Temp\cct6HZ25.s:273    .text.main:000000ee .Loc.84
C:\Users\kenne\AppData\Local\Temp\cct6HZ25.s:274    .text.main:000000ee .Loc.85
C:\Users\kenne\AppData\Local\Temp\cct6HZ25.s:277    .text.main:000000f2 .Loc.86
C:\Users\kenne\AppData\Local\Temp\cct6HZ25.s:284    .text.main:000000fc .Loc.87
C:\Users\kenne\AppData\Local\Temp\cct6HZ25.s:291    .text.main:00000106 .Loc.88
C:\Users\kenne\AppData\Local\Temp\cct6HZ25.s:297    .text.main:00000110 L0
C:\Users\kenne\AppData\Local\Temp\cct6HZ25.s:304    .bss.rcvData:00000000 rcvData
C:\Users\kenne\AppData\Local\Temp\cct6HZ25.s:310    .bss.cont:00000000 cont
C:\Users\kenne\AppData\Local\Temp\cct6HZ25.s:301    .text.main:00000110 L0
                     .debug_frame:00000000 L0
C:\Users\kenne\AppData\Local\Temp\cct6HZ25.s:72     .text.main:00000026 .L11
C:\Users\kenne\AppData\Local\Temp\cct6HZ25.s:100    .text.main:0000003e .L12
C:\Users\kenne\AppData\Local\Temp\cct6HZ25.s:217    .text.main:000000b2 .L14
C:\Users\kenne\AppData\Local\Temp\cct6HZ25.s:132    .text.main:0000005e .L4
C:\Users\kenne\AppData\Local\Temp\cct6HZ25.s:252    .text.main:000000da .L3
C:\Users\kenne\AppData\Local\Temp\cct6HZ25.s:161    .text.main:0000007e .L15
C:\Users\kenne\AppData\Local\Temp\cct6HZ25.s:167    .text.main:00000084 .L16
GAS LISTING C:\Users\kenne\AppData\Local\Temp\cct6HZ25.s 			page 15


C:\Users\kenne\AppData\Local\Temp\cct6HZ25.s:173    .text.main:0000008a .L17
C:\Users\kenne\AppData\Local\Temp\cct6HZ25.s:257    .text.main:000000de .L6
C:\Users\kenne\AppData\Local\Temp\cct6HZ25.s:210    .text.main:000000a6 .L13
C:\Users\kenne\AppData\Local\Temp\cct6HZ25.s:118    .text.main:00000052 .L2
C:\Users\kenne\AppData\Local\Temp\cct6HZ25.s:179    .text.main:00000092 .L18
C:\Users\kenne\AppData\Local\Temp\cct6HZ25.s:189    .text.main:00000098 .L9
C:\Users\kenne\AppData\Local\Temp\cct6HZ25.s:283    .text.main:000000fc .L19
C:\Users\kenne\AppData\Local\Temp\cct6HZ25.s:290    .text.main:00000106 .L20
C:\Users\kenne\AppData\Local\Temp\cct6HZ25.s:195    .text.main:000000a0 .L11
C:\Users\kenne\AppData\Local\Temp\cct6HZ25.s:873    .debug_abbrev:00000000 .Ldebug_abbrev0
C:\Users\kenne\AppData\Local\Temp\cct6HZ25.s:1518   .debug_rnglists:0000000c .LLRL10
C:\Users\kenne\AppData\Local\Temp\cct6HZ25.s:1525   .debug_line:00000000 .Ldebug_line0
C:\Users\kenne\AppData\Local\Temp\cct6HZ25.s:28     .text.main:00000000 .LFB7
C:\Users\kenne\AppData\Local\Temp\cct6HZ25.s:298    .text.main:00000110 .LFE7
C:\Users\kenne\AppData\Local\Temp\cct6HZ25.s:1363   .debug_loclists:00000014 .LLST0
C:\Users\kenne\AppData\Local\Temp\cct6HZ25.s:1354   .debug_loclists:0000000c .LVUS0
C:\Users\kenne\AppData\Local\Temp\cct6HZ25.s:59     .text.main:00000020 .LBI8
C:\Users\kenne\AppData\Local\Temp\cct6HZ25.s:58     .text.main:00000020 .LBB8
C:\Users\kenne\AppData\Local\Temp\cct6HZ25.s:81     .text.main:00000032 .LBE8
C:\Users\kenne\AppData\Local\Temp\cct6HZ25.s:1392   .debug_loclists:00000033 .LLST1
C:\Users\kenne\AppData\Local\Temp\cct6HZ25.s:1389   .debug_loclists:00000031 .LVUS1
C:\Users\kenne\AppData\Local\Temp\cct6HZ25.s:1404   .debug_loclists:00000043 .LLST2
C:\Users\kenne\AppData\Local\Temp\cct6HZ25.s:1401   .debug_loclists:00000041 .LVUS2
C:\Users\kenne\AppData\Local\Temp\cct6HZ25.s:1416   .debug_loclists:00000053 .LLST3
C:\Users\kenne\AppData\Local\Temp\cct6HZ25.s:1413   .debug_loclists:00000051 .LVUS3
C:\Users\kenne\AppData\Local\Temp\cct6HZ25.s:88     .text.main:00000038 .LBI10
C:\Users\kenne\AppData\Local\Temp\cct6HZ25.s:87     .text.main:00000038 .LBB10
C:\Users\kenne\AppData\Local\Temp\cct6HZ25.s:109    .text.main:0000004a .LBE10
C:\Users\kenne\AppData\Local\Temp\cct6HZ25.s:1428   .debug_loclists:00000063 .LLST4
C:\Users\kenne\AppData\Local\Temp\cct6HZ25.s:1425   .debug_loclists:00000061 .LVUS4
C:\Users\kenne\AppData\Local\Temp\cct6HZ25.s:1440   .debug_loclists:00000073 .LLST5
C:\Users\kenne\AppData\Local\Temp\cct6HZ25.s:1437   .debug_loclists:00000071 .LVUS5
C:\Users\kenne\AppData\Local\Temp\cct6HZ25.s:1452   .debug_loclists:00000083 .LLST6
C:\Users\kenne\AppData\Local\Temp\cct6HZ25.s:1449   .debug_loclists:00000081 .LVUS6
C:\Users\kenne\AppData\Local\Temp\cct6HZ25.s:198    .text.main:000000a0 .LBI12
C:\Users\kenne\AppData\Local\Temp\cct6HZ25.s:197    .text.main:000000a0 .LBB12
C:\Users\kenne\AppData\Local\Temp\cct6HZ25.s:220    .text.main:000000b2 .LBE12
C:\Users\kenne\AppData\Local\Temp\cct6HZ25.s:1464   .debug_loclists:00000093 .LLST7
C:\Users\kenne\AppData\Local\Temp\cct6HZ25.s:1461   .debug_loclists:00000091 .LVUS7
C:\Users\kenne\AppData\Local\Temp\cct6HZ25.s:1476   .debug_loclists:000000a3 .LLST8
C:\Users\kenne\AppData\Local\Temp\cct6HZ25.s:1473   .debug_loclists:000000a1 .LVUS8
C:\Users\kenne\AppData\Local\Temp\cct6HZ25.s:1488   .debug_loclists:000000b3 .LLST9
C:\Users\kenne\AppData\Local\Temp\cct6HZ25.s:1485   .debug_loclists:000000b1 .LVUS9
C:\Users\kenne\AppData\Local\Temp\cct6HZ25.s:42     .text.main:0000000c .LVL0
C:\Users\kenne\AppData\Local\Temp\cct6HZ25.s:45     .text.main:00000010 .LVL1
C:\Users\kenne\AppData\Local\Temp\cct6HZ25.s:48     .text.main:00000014 .LVL2
C:\Users\kenne\AppData\Local\Temp\cct6HZ25.s:51     .text.main:00000018 .LVL3
C:\Users\kenne\AppData\Local\Temp\cct6HZ25.s:56     .text.main:00000020 .LVL4
C:\Users\kenne\AppData\Local\Temp\cct6HZ25.s:85     .text.main:00000038 .LVL6
C:\Users\kenne\AppData\Local\Temp\cct6HZ25.s:113    .text.main:0000004e .LVL8
C:\Users\kenne\AppData\Local\Temp\cct6HZ25.s:122    .text.main:00000056 .LVL10
C:\Users\kenne\AppData\Local\Temp\cct6HZ25.s:136    .text.main:00000062 .LVL12
C:\Users\kenne\AppData\Local\Temp\cct6HZ25.s:159    .text.main:0000007c .LVL13
C:\Users\kenne\AppData\Local\Temp\cct6HZ25.s:164    .text.main:00000082 .LVL14
C:\Users\kenne\AppData\Local\Temp\cct6HZ25.s:170    .text.main:00000088 .LVL15
C:\Users\kenne\AppData\Local\Temp\cct6HZ25.s:177    .text.main:00000090 .LVL16
C:\Users\kenne\AppData\Local\Temp\cct6HZ25.s:184    .text.main:00000096 .LVL18
GAS LISTING C:\Users\kenne\AppData\Local\Temp\cct6HZ25.s 			page 16


C:\Users\kenne\AppData\Local\Temp\cct6HZ25.s:194    .text.main:000000a0 .LVL20
C:\Users\kenne\AppData\Local\Temp\cct6HZ25.s:224    .text.main:000000b6 .LVL22
C:\Users\kenne\AppData\Local\Temp\cct6HZ25.s:229    .text.main:000000be .LVL23
C:\Users\kenne\AppData\Local\Temp\cct6HZ25.s:234    .text.main:000000c6 .LVL24
C:\Users\kenne\AppData\Local\Temp\cct6HZ25.s:239    .text.main:000000ce .LVL25
C:\Users\kenne\AppData\Local\Temp\cct6HZ25.s:243    .text.main:000000d2 .LVL26
C:\Users\kenne\AppData\Local\Temp\cct6HZ25.s:260    .text.main:000000e2 .LVL28
C:\Users\kenne\AppData\Local\Temp\cct6HZ25.s:281    .text.main:000000fa .LVL29
C:\Users\kenne\AppData\Local\Temp\cct6HZ25.s:288    .text.main:00000104 .LVL30
C:\Users\kenne\AppData\Local\Temp\cct6HZ25.s:295    .text.main:0000010e .LVL31
C:\Users\kenne\AppData\Local\Temp\cct6HZ25.s:106    .text.main:0000004a .LVL7
C:\Users\kenne\AppData\Local\Temp\cct6HZ25.s:321    .debug_info:00000000 .Ldebug_info0

UNDEFINED SYMBOLS
UART_InterrptInit
lcdbegin
keys_init
lcdclear
lcdprint
sendcmd2fb
keys_Feedback
Search
enroll
lcdsecondrow
lcdfirstrow
lcdwrite
__do_copy_data
__do_clear_bss
