GAS LISTING C:\Users\kenne\AppData\Local\Temp\ccWcPaTf.s 			page 1


   1               		.file	"sevenSegments.cpp"
   2               	__SP_H__ = 0x3e
   3               	__SP_L__ = 0x3d
   4               	__SREG__ = 0x3f
   5               	__tmp_reg__ = 0
   6               	__zero_reg__ = 1
   7               		.text
   8               	.Ltext0:
   9               		.cfi_sections	.debug_frame
  10               		.file 0 "F:\\IMPORTANTE\\Faculdade\\MCC\\MCC-AVR-Projects\\projects\\2_push_leds_c" "sevenSegments
  11               		.section	.text._Z17hex2SevenSegmentsh13displayType_th,"ax",@progbits
  12               	.global	_Z17hex2SevenSegmentsh13displayType_th
  14               	_Z17hex2SevenSegmentsh13displayType_th:
  15               	.LVL0:
  16               	.LFB0:
  17               		.file 1 "sevenSegments.cpp"
   1:sevenSegments.cpp **** /* -----------------------------------------------------------------------------
   2:sevenSegments.cpp ****  * Project:      GPDSE AVR8 Library
   3:sevenSegments.cpp ****  * File:      sevenSegments.c
   4:sevenSegments.cpp ****  * Module:      Seven segments display controller
   5:sevenSegments.cpp ****  * Author:      Leandro Schwarz
   6:sevenSegments.cpp ****  * Version:      1.2
   7:sevenSegments.cpp ****  * Last edition:  2016-01-15
   8:sevenSegments.cpp ****  * Purpose:      Seven segments display controller with support to common
   9:sevenSegments.cpp ****  *          anode and common cathode displays. Special characters dash
  10:sevenSegments.cpp ****  *          (0xFD), U (0xFE) and display off (0xFF) were also implented
  11:sevenSegments.cpp ****  * -------------------------------------------------------------------------- */
  12:sevenSegments.cpp **** 
  13:sevenSegments.cpp **** // -----------------------------------------------------------------------------
  14:sevenSegments.cpp **** // Header files ----------------------------------------------------------------
  15:sevenSegments.cpp **** 
  16:sevenSegments.cpp **** #include "sevenSegments.h"
  17:sevenSegments.cpp **** 
  18:sevenSegments.cpp **** 
  19:sevenSegments.cpp **** /* -----------------------------------------------------------------------------
  20:sevenSegments.cpp ****  * Function:  hex2SevenSegments
  21:sevenSegments.cpp ****  * Purpose:    Seven segments display decoder
  22:sevenSegments.cpp ****  * Arguments:  hexValue    hex number or special character value
  23:sevenSegments.cpp ****  *        displayType    Display type (use enumerations at displayType_t)
  24:sevenSegments.cpp ****  *        point      ON or OFF
  25:sevenSegments.cpp ****  * Returns:    decoded data value
  26:sevenSegments.cpp ****  * -------------------------------------------------------------------------- */
  27:sevenSegments.cpp **** 
  28:sevenSegments.cpp **** uint8_t hex2SevenSegments(uint8_t hexValue, displayType_t displayType, uint8_t point)
  29:sevenSegments.cpp **** {
  18               		.loc 1 29 1 view -0
  19               		.cfi_startproc
  20               	/* prologue: function */
  21               	/* frame size = 0 */
  22               	/* stack size = 0 */
  23               	.L__stack_usage = 0
  24               		.loc 1 29 1 is_stmt 0 view .LVU1
  25 0000 262F      		mov r18,r22
  26 0002 372F      		mov r19,r23
  30:sevenSegments.cpp ****     uint8_t data = 0;
  27               		.loc 1 30 5 is_stmt 1 view .LVU2
  28               	.LVL1:
GAS LISTING C:\Users\kenne\AppData\Local\Temp\ccWcPaTf.s 			page 2


  31:sevenSegments.cpp **** 
  32:sevenSegments.cpp ****     switch(hexValue) { // PGFEDCBA
  29               		.loc 1 32 5 view .LVU3
  30 0004 8031      		cpi r24,lo8(16)
  31 0006 00F4      		brsh .L2
  32 0008 8031      		cpi r24,lo8(16)
  33 000a 00F4      		brsh .L3
  34 000c E82F      		mov r30,r24
  35 000e F0E0      		ldi r31,0
  36 0010 E050      		subi r30,lo8(-(gs(.L5)))
  37 0012 F040      		sbci r31,hi8(-(gs(.L5)))
  38 0014 0C94 0000 		jmp __tablejump2__
  39               		.section	.jumptables.gcc._Z17hex2SevenSegmentsh13displayType_th,"a",@progbits
  40               		.p2align	1
  41               	.L5:
  42 0000 0000      		.word gs(.L23)
  43 0002 0000      		.word gs(.L19)
  44 0004 0000      		.word gs(.L18)
  45 0006 0000      		.word gs(.L17)
  46 0008 0000      		.word gs(.L16)
  47 000a 0000      		.word gs(.L15)
  48 000c 0000      		.word gs(.L14)
  49 000e 0000      		.word gs(.L20)
  50 0010 0000      		.word gs(.L12)
  51 0012 0000      		.word gs(.L11)
  52 0014 0000      		.word gs(.L10)
  53 0016 0000      		.word gs(.L9)
  54 0018 0000      		.word gs(.L8)
  55 001a 0000      		.word gs(.L7)
  56 001c 0000      		.word gs(.L6)
  57 001e 0000      		.word gs(.L4)
  58               		.section	.text._Z17hex2SevenSegmentsh13displayType_th
  59               	.L3:
  60 0018 80E0      		ldi r24,0
  61               	.LVL2:
  62               		.loc 1 32 5 is_stmt 0 view .LVU4
  63 001a 00C0      		rjmp .L20
  64               	.LVL3:
  65               	.L2:
  66               		.loc 1 32 5 view .LVU5
  67 001c 8D3F      		cpi r24,lo8(-3)
  68 001e 01F0      		breq .L24
  69 0020 8E3F      		cpi r24,lo8(-2)
  70 0022 01F4      		brne .L25
  33:sevenSegments.cpp ****     case 0x00:  data = 0b00111111;  break;
  34:sevenSegments.cpp ****     case 0x01:  data = 0b00000110;  break;
  35:sevenSegments.cpp ****     case 0x02:  data = 0b01011011;  break;
  36:sevenSegments.cpp ****     case 0x03:  data = 0b01001111;  break;
  37:sevenSegments.cpp ****     case 0x04:  data = 0b01100110;  break;
  38:sevenSegments.cpp ****     case 0x05:  data = 0b01101101;  break;
  39:sevenSegments.cpp ****     case 0x06:  data = 0b01111101;  break;
  40:sevenSegments.cpp ****     case 0x07:  data = 0b00000111;  break;
  41:sevenSegments.cpp ****     case 0x08:  data = 0b01111111;  break;
  42:sevenSegments.cpp ****     case 0x09:  data = 0b01101111;  break;
  43:sevenSegments.cpp ****     case 0x0A:  data = 0b01110111;  break;
  44:sevenSegments.cpp ****     case 0x0B:  data = 0b01111100;  break;
  45:sevenSegments.cpp ****     case 0x0C:  data = 0b00111001;  break;
GAS LISTING C:\Users\kenne\AppData\Local\Temp\ccWcPaTf.s 			page 3


  46:sevenSegments.cpp ****     case 0x0D:  data = 0b01011110;  break;
  47:sevenSegments.cpp ****     case 0x0E:  data = 0b01111001;  break;
  48:sevenSegments.cpp ****     case 0x0F:  data = 0b01110001;  break;
  49:sevenSegments.cpp ****     case DISPLAY_DASH:  data = 0b01000000;  break;  // Dash
  50:sevenSegments.cpp ****     case DISPLAY_U:    data = 0b00111110;  break;  // U
  71               		.loc 1 50 29 view .LVU6
  72 0024 8EE3      		ldi r24,lo8(62)
  73               	.LVL4:
  74               	.L20:
  51:sevenSegments.cpp ****     case DISPLAY_OFF:  data = 0b00000000;  break;  // OFF
  52:sevenSegments.cpp ****     }
  53:sevenSegments.cpp ****     if(point) {
  75               		.loc 1 53 5 is_stmt 1 view .LVU7
  76 0026 4111      		cpse r20,__zero_reg__
  54:sevenSegments.cpp ****         data |= (1 << 7);
  77               		.loc 1 54 9 view .LVU8
  78               		.loc 1 54 14 is_stmt 0 view .LVU9
  79 0028 8068      		ori r24,lo8(-128)
  80               	.LVL5:
  81               	.L21:
  55:sevenSegments.cpp ****     }
  56:sevenSegments.cpp ****     data = (displayType == DISPLAY_COMMON_CATHODE) ? data : (~data);
  82               		.loc 1 56 5 is_stmt 1 view .LVU10
  83               		.loc 1 56 10 is_stmt 0 view .LVU11
  84 002a 2130      		cpi r18,1
  85 002c 3105      		cpc r19,__zero_reg__
  86 002e 01F0      		breq .L1
  87               		.loc 1 56 10 discriminator 1 view .LVU12
  88 0030 8095      		com r24
  89               	.LVL6:
  57:sevenSegments.cpp **** 
  58:sevenSegments.cpp ****     return data;
  90               		.loc 1 58 5 is_stmt 1 discriminator 1 view .LVU13
  91               	.L1:
  92               	/* epilogue start */
  59:sevenSegments.cpp **** }
  93               		.loc 1 59 1 is_stmt 0 view .LVU14
  94 0032 0895      		ret
  95               	.LVL7:
  96               	.L19:
  34:sevenSegments.cpp ****     case 0x02:  data = 0b01011011;  break;
  97               		.loc 1 34 5 is_stmt 1 view .LVU15
  34:sevenSegments.cpp ****     case 0x02:  data = 0b01011011;  break;
  98               		.loc 1 34 17 view .LVU16
  34:sevenSegments.cpp ****     case 0x02:  data = 0b01011011;  break;
  99               		.loc 1 34 37 view .LVU17
  34:sevenSegments.cpp ****     case 0x02:  data = 0b01011011;  break;
 100               		.loc 1 34 22 is_stmt 0 view .LVU18
 101 0034 86E0      		ldi r24,lo8(6)
 102               	.LVL8:
  34:sevenSegments.cpp ****     case 0x02:  data = 0b01011011;  break;
 103               		.loc 1 34 37 view .LVU19
 104 0036 00C0      		rjmp .L20
 105               	.LVL9:
 106               	.L18:
  35:sevenSegments.cpp ****     case 0x03:  data = 0b01001111;  break;
 107               		.loc 1 35 5 is_stmt 1 view .LVU20
GAS LISTING C:\Users\kenne\AppData\Local\Temp\ccWcPaTf.s 			page 4


  35:sevenSegments.cpp ****     case 0x03:  data = 0b01001111;  break;
 108               		.loc 1 35 17 view .LVU21
  35:sevenSegments.cpp ****     case 0x03:  data = 0b01001111;  break;
 109               		.loc 1 35 37 view .LVU22
  35:sevenSegments.cpp ****     case 0x03:  data = 0b01001111;  break;
 110               		.loc 1 35 22 is_stmt 0 view .LVU23
 111 0038 8BE5      		ldi r24,lo8(91)
 112               	.LVL10:
  35:sevenSegments.cpp ****     case 0x03:  data = 0b01001111;  break;
 113               		.loc 1 35 37 view .LVU24
 114 003a 00C0      		rjmp .L20
 115               	.LVL11:
 116               	.L17:
  36:sevenSegments.cpp ****     case 0x04:  data = 0b01100110;  break;
 117               		.loc 1 36 5 is_stmt 1 view .LVU25
  36:sevenSegments.cpp ****     case 0x04:  data = 0b01100110;  break;
 118               		.loc 1 36 17 view .LVU26
  36:sevenSegments.cpp ****     case 0x04:  data = 0b01100110;  break;
 119               		.loc 1 36 37 view .LVU27
  36:sevenSegments.cpp ****     case 0x04:  data = 0b01100110;  break;
 120               		.loc 1 36 22 is_stmt 0 view .LVU28
 121 003c 8FE4      		ldi r24,lo8(79)
 122               	.LVL12:
  36:sevenSegments.cpp ****     case 0x04:  data = 0b01100110;  break;
 123               		.loc 1 36 37 view .LVU29
 124 003e 00C0      		rjmp .L20
 125               	.LVL13:
 126               	.L16:
  37:sevenSegments.cpp ****     case 0x05:  data = 0b01101101;  break;
 127               		.loc 1 37 5 is_stmt 1 view .LVU30
  37:sevenSegments.cpp ****     case 0x05:  data = 0b01101101;  break;
 128               		.loc 1 37 17 view .LVU31
  37:sevenSegments.cpp ****     case 0x05:  data = 0b01101101;  break;
 129               		.loc 1 37 37 view .LVU32
  37:sevenSegments.cpp ****     case 0x05:  data = 0b01101101;  break;
 130               		.loc 1 37 22 is_stmt 0 view .LVU33
 131 0040 86E6      		ldi r24,lo8(102)
 132               	.LVL14:
  37:sevenSegments.cpp ****     case 0x05:  data = 0b01101101;  break;
 133               		.loc 1 37 37 view .LVU34
 134 0042 00C0      		rjmp .L20
 135               	.LVL15:
 136               	.L15:
  38:sevenSegments.cpp ****     case 0x06:  data = 0b01111101;  break;
 137               		.loc 1 38 5 is_stmt 1 view .LVU35
  38:sevenSegments.cpp ****     case 0x06:  data = 0b01111101;  break;
 138               		.loc 1 38 17 view .LVU36
  38:sevenSegments.cpp ****     case 0x06:  data = 0b01111101;  break;
 139               		.loc 1 38 37 view .LVU37
  38:sevenSegments.cpp ****     case 0x06:  data = 0b01111101;  break;
 140               		.loc 1 38 22 is_stmt 0 view .LVU38
 141 0044 8DE6      		ldi r24,lo8(109)
 142               	.LVL16:
  38:sevenSegments.cpp ****     case 0x06:  data = 0b01111101;  break;
 143               		.loc 1 38 37 view .LVU39
 144 0046 00C0      		rjmp .L20
 145               	.LVL17:
GAS LISTING C:\Users\kenne\AppData\Local\Temp\ccWcPaTf.s 			page 5


 146               	.L14:
  39:sevenSegments.cpp ****     case 0x07:  data = 0b00000111;  break;
 147               		.loc 1 39 5 is_stmt 1 view .LVU40
  39:sevenSegments.cpp ****     case 0x07:  data = 0b00000111;  break;
 148               		.loc 1 39 17 view .LVU41
  39:sevenSegments.cpp ****     case 0x07:  data = 0b00000111;  break;
 149               		.loc 1 39 37 view .LVU42
  39:sevenSegments.cpp ****     case 0x07:  data = 0b00000111;  break;
 150               		.loc 1 39 22 is_stmt 0 view .LVU43
 151 0048 8DE7      		ldi r24,lo8(125)
 152               	.LVL18:
  39:sevenSegments.cpp ****     case 0x07:  data = 0b00000111;  break;
 153               		.loc 1 39 37 view .LVU44
 154 004a 00C0      		rjmp .L20
 155               	.LVL19:
 156               	.L12:
  41:sevenSegments.cpp ****     case 0x09:  data = 0b01101111;  break;
 157               		.loc 1 41 5 is_stmt 1 view .LVU45
  41:sevenSegments.cpp ****     case 0x09:  data = 0b01101111;  break;
 158               		.loc 1 41 17 view .LVU46
  41:sevenSegments.cpp ****     case 0x09:  data = 0b01101111;  break;
 159               		.loc 1 41 37 view .LVU47
  41:sevenSegments.cpp ****     case 0x09:  data = 0b01101111;  break;
 160               		.loc 1 41 22 is_stmt 0 view .LVU48
 161 004c 8FE7      		ldi r24,lo8(127)
 162               	.LVL20:
  41:sevenSegments.cpp ****     case 0x09:  data = 0b01101111;  break;
 163               		.loc 1 41 37 view .LVU49
 164 004e 00C0      		rjmp .L20
 165               	.LVL21:
 166               	.L11:
  42:sevenSegments.cpp ****     case 0x0A:  data = 0b01110111;  break;
 167               		.loc 1 42 5 is_stmt 1 view .LVU50
  42:sevenSegments.cpp ****     case 0x0A:  data = 0b01110111;  break;
 168               		.loc 1 42 17 view .LVU51
  42:sevenSegments.cpp ****     case 0x0A:  data = 0b01110111;  break;
 169               		.loc 1 42 37 view .LVU52
  42:sevenSegments.cpp ****     case 0x0A:  data = 0b01110111;  break;
 170               		.loc 1 42 22 is_stmt 0 view .LVU53
 171 0050 8FE6      		ldi r24,lo8(111)
 172               	.LVL22:
  42:sevenSegments.cpp ****     case 0x0A:  data = 0b01110111;  break;
 173               		.loc 1 42 37 view .LVU54
 174 0052 00C0      		rjmp .L20
 175               	.LVL23:
 176               	.L10:
  43:sevenSegments.cpp ****     case 0x0B:  data = 0b01111100;  break;
 177               		.loc 1 43 5 is_stmt 1 view .LVU55
  43:sevenSegments.cpp ****     case 0x0B:  data = 0b01111100;  break;
 178               		.loc 1 43 17 view .LVU56
  43:sevenSegments.cpp ****     case 0x0B:  data = 0b01111100;  break;
 179               		.loc 1 43 37 view .LVU57
  43:sevenSegments.cpp ****     case 0x0B:  data = 0b01111100;  break;
 180               		.loc 1 43 22 is_stmt 0 view .LVU58
 181 0054 87E7      		ldi r24,lo8(119)
 182               	.LVL24:
  43:sevenSegments.cpp ****     case 0x0B:  data = 0b01111100;  break;
GAS LISTING C:\Users\kenne\AppData\Local\Temp\ccWcPaTf.s 			page 6


 183               		.loc 1 43 37 view .LVU59
 184 0056 00C0      		rjmp .L20
 185               	.LVL25:
 186               	.L9:
  44:sevenSegments.cpp ****     case 0x0C:  data = 0b00111001;  break;
 187               		.loc 1 44 5 is_stmt 1 view .LVU60
  44:sevenSegments.cpp ****     case 0x0C:  data = 0b00111001;  break;
 188               		.loc 1 44 17 view .LVU61
  44:sevenSegments.cpp ****     case 0x0C:  data = 0b00111001;  break;
 189               		.loc 1 44 37 view .LVU62
  44:sevenSegments.cpp ****     case 0x0C:  data = 0b00111001;  break;
 190               		.loc 1 44 22 is_stmt 0 view .LVU63
 191 0058 8CE7      		ldi r24,lo8(124)
 192               	.LVL26:
  44:sevenSegments.cpp ****     case 0x0C:  data = 0b00111001;  break;
 193               		.loc 1 44 37 view .LVU64
 194 005a 00C0      		rjmp .L20
 195               	.LVL27:
 196               	.L8:
  45:sevenSegments.cpp ****     case 0x0D:  data = 0b01011110;  break;
 197               		.loc 1 45 5 is_stmt 1 view .LVU65
  45:sevenSegments.cpp ****     case 0x0D:  data = 0b01011110;  break;
 198               		.loc 1 45 17 view .LVU66
  45:sevenSegments.cpp ****     case 0x0D:  data = 0b01011110;  break;
 199               		.loc 1 45 37 view .LVU67
  45:sevenSegments.cpp ****     case 0x0D:  data = 0b01011110;  break;
 200               		.loc 1 45 22 is_stmt 0 view .LVU68
 201 005c 89E3      		ldi r24,lo8(57)
 202               	.LVL28:
  45:sevenSegments.cpp ****     case 0x0D:  data = 0b01011110;  break;
 203               		.loc 1 45 37 view .LVU69
 204 005e 00C0      		rjmp .L20
 205               	.LVL29:
 206               	.L7:
  46:sevenSegments.cpp ****     case 0x0E:  data = 0b01111001;  break;
 207               		.loc 1 46 5 is_stmt 1 view .LVU70
  46:sevenSegments.cpp ****     case 0x0E:  data = 0b01111001;  break;
 208               		.loc 1 46 17 view .LVU71
  46:sevenSegments.cpp ****     case 0x0E:  data = 0b01111001;  break;
 209               		.loc 1 46 37 view .LVU72
  46:sevenSegments.cpp ****     case 0x0E:  data = 0b01111001;  break;
 210               		.loc 1 46 22 is_stmt 0 view .LVU73
 211 0060 8EE5      		ldi r24,lo8(94)
 212               	.LVL30:
  46:sevenSegments.cpp ****     case 0x0E:  data = 0b01111001;  break;
 213               		.loc 1 46 37 view .LVU74
 214 0062 00C0      		rjmp .L20
 215               	.LVL31:
 216               	.L6:
  47:sevenSegments.cpp ****     case 0x0F:  data = 0b01110001;  break;
 217               		.loc 1 47 5 is_stmt 1 view .LVU75
  47:sevenSegments.cpp ****     case 0x0F:  data = 0b01110001;  break;
 218               		.loc 1 47 17 view .LVU76
  47:sevenSegments.cpp ****     case 0x0F:  data = 0b01110001;  break;
 219               		.loc 1 47 37 view .LVU77
  47:sevenSegments.cpp ****     case 0x0F:  data = 0b01110001;  break;
 220               		.loc 1 47 22 is_stmt 0 view .LVU78
GAS LISTING C:\Users\kenne\AppData\Local\Temp\ccWcPaTf.s 			page 7


 221 0064 89E7      		ldi r24,lo8(121)
 222               	.LVL32:
  47:sevenSegments.cpp ****     case 0x0F:  data = 0b01110001;  break;
 223               		.loc 1 47 37 view .LVU79
 224 0066 00C0      		rjmp .L20
 225               	.LVL33:
 226               	.L4:
  48:sevenSegments.cpp ****     case DISPLAY_DASH:  data = 0b01000000;  break;  // Dash
 227               		.loc 1 48 5 is_stmt 1 view .LVU80
  48:sevenSegments.cpp ****     case DISPLAY_DASH:  data = 0b01000000;  break;  // Dash
 228               		.loc 1 48 17 view .LVU81
  48:sevenSegments.cpp ****     case DISPLAY_DASH:  data = 0b01000000;  break;  // Dash
 229               		.loc 1 48 37 view .LVU82
  48:sevenSegments.cpp ****     case DISPLAY_DASH:  data = 0b01000000;  break;  // Dash
 230               		.loc 1 48 22 is_stmt 0 view .LVU83
 231 0068 81E7      		ldi r24,lo8(113)
 232               	.LVL34:
  48:sevenSegments.cpp ****     case DISPLAY_DASH:  data = 0b01000000;  break;  // Dash
 233               		.loc 1 48 37 view .LVU84
 234 006a 00C0      		rjmp .L20
 235               	.LVL35:
 236               	.L23:
  33:sevenSegments.cpp ****     case 0x01:  data = 0b00000110;  break;
 237               		.loc 1 33 22 view .LVU85
 238 006c 8FE3      		ldi r24,lo8(63)
 239               	.LVL36:
  33:sevenSegments.cpp ****     case 0x01:  data = 0b00000110;  break;
 240               		.loc 1 33 22 view .LVU86
 241 006e 00C0      		rjmp .L20
 242               	.LVL37:
 243               	.L24:
  49:sevenSegments.cpp ****     case DISPLAY_U:    data = 0b00111110;  break;  // U
 244               		.loc 1 49 30 view .LVU87
 245 0070 80E4      		ldi r24,lo8(64)
 246               	.LVL38:
  49:sevenSegments.cpp ****     case DISPLAY_U:    data = 0b00111110;  break;  // U
 247               		.loc 1 49 30 view .LVU88
 248 0072 00C0      		rjmp .L20
 249               	.LVL39:
 250               	.L25:
  32:sevenSegments.cpp ****     case 0x00:  data = 0b00111111;  break;
 251               		.loc 1 32 5 view .LVU89
 252 0074 80E0      		ldi r24,0
 253               	.LVL40:
  32:sevenSegments.cpp ****     case 0x00:  data = 0b00111111;  break;
 254               		.loc 1 32 5 view .LVU90
 255 0076 00C0      		rjmp .L20
 256               		.cfi_endproc
 257               	.LFE0:
 259               		.text
 260               	.Letext0:
 261               		.file 2 "f:\\importante\\faculdade\\mcc\\vscode-avr-win\\toolchains\\avr-gcc\\avr\\include\\stdint
 262               		.file 3 "sevenSegments.h"
GAS LISTING C:\Users\kenne\AppData\Local\Temp\ccWcPaTf.s 			page 8


DEFINED SYMBOLS
                            *ABS*:0000000000000000 sevenSegments.cpp
C:\Users\kenne\AppData\Local\Temp\ccWcPaTf.s:2      *ABS*:000000000000003e __SP_H__
C:\Users\kenne\AppData\Local\Temp\ccWcPaTf.s:3      *ABS*:000000000000003d __SP_L__
C:\Users\kenne\AppData\Local\Temp\ccWcPaTf.s:4      *ABS*:000000000000003f __SREG__
C:\Users\kenne\AppData\Local\Temp\ccWcPaTf.s:5      *ABS*:0000000000000000 __tmp_reg__
C:\Users\kenne\AppData\Local\Temp\ccWcPaTf.s:6      *ABS*:0000000000000001 __zero_reg__
C:\Users\kenne\AppData\Local\Temp\ccWcPaTf.s:14     .text._Z17hex2SevenSegmentsh13displayType_th:0000000000000000 _Z17hex2SevenSegmentsh13displayType_th
C:\Users\kenne\AppData\Local\Temp\ccWcPaTf.s:18     .text._Z17hex2SevenSegmentsh13displayType_th:0000000000000000 .Loc.0
C:\Users\kenne\AppData\Local\Temp\ccWcPaTf.s:19     .text._Z17hex2SevenSegmentsh13displayType_th:0000000000000000 L0
C:\Users\kenne\AppData\Local\Temp\ccWcPaTf.s:24     .text._Z17hex2SevenSegmentsh13displayType_th:0000000000000000 .Loc.1
C:\Users\kenne\AppData\Local\Temp\ccWcPaTf.s:27     .text._Z17hex2SevenSegmentsh13displayType_th:0000000000000004 .Loc.2
C:\Users\kenne\AppData\Local\Temp\ccWcPaTf.s:29     .text._Z17hex2SevenSegmentsh13displayType_th:0000000000000004 .Loc.3
C:\Users\kenne\AppData\Local\Temp\ccWcPaTf.s:62     .text._Z17hex2SevenSegmentsh13displayType_th:000000000000001a .Loc.4
C:\Users\kenne\AppData\Local\Temp\ccWcPaTf.s:66     .text._Z17hex2SevenSegmentsh13displayType_th:000000000000001c .Loc.5
C:\Users\kenne\AppData\Local\Temp\ccWcPaTf.s:71     .text._Z17hex2SevenSegmentsh13displayType_th:0000000000000024 .Loc.6
C:\Users\kenne\AppData\Local\Temp\ccWcPaTf.s:75     .text._Z17hex2SevenSegmentsh13displayType_th:0000000000000026 .Loc.7
C:\Users\kenne\AppData\Local\Temp\ccWcPaTf.s:77     .text._Z17hex2SevenSegmentsh13displayType_th:0000000000000028 .Loc.8
C:\Users\kenne\AppData\Local\Temp\ccWcPaTf.s:78     .text._Z17hex2SevenSegmentsh13displayType_th:0000000000000028 .Loc.9
C:\Users\kenne\AppData\Local\Temp\ccWcPaTf.s:82     .text._Z17hex2SevenSegmentsh13displayType_th:000000000000002a .Loc.10
C:\Users\kenne\AppData\Local\Temp\ccWcPaTf.s:83     .text._Z17hex2SevenSegmentsh13displayType_th:000000000000002a .Loc.11
C:\Users\kenne\AppData\Local\Temp\ccWcPaTf.s:87     .text._Z17hex2SevenSegmentsh13displayType_th:0000000000000030 .Loc.12
C:\Users\kenne\AppData\Local\Temp\ccWcPaTf.s:90     .text._Z17hex2SevenSegmentsh13displayType_th:0000000000000032 .Loc.13
C:\Users\kenne\AppData\Local\Temp\ccWcPaTf.s:93     .text._Z17hex2SevenSegmentsh13displayType_th:0000000000000032 .Loc.14
C:\Users\kenne\AppData\Local\Temp\ccWcPaTf.s:97     .text._Z17hex2SevenSegmentsh13displayType_th:0000000000000034 .Loc.15
C:\Users\kenne\AppData\Local\Temp\ccWcPaTf.s:98     .text._Z17hex2SevenSegmentsh13displayType_th:0000000000000034 .Loc.16
C:\Users\kenne\AppData\Local\Temp\ccWcPaTf.s:99     .text._Z17hex2SevenSegmentsh13displayType_th:0000000000000034 .Loc.17
C:\Users\kenne\AppData\Local\Temp\ccWcPaTf.s:100    .text._Z17hex2SevenSegmentsh13displayType_th:0000000000000034 .Loc.18
C:\Users\kenne\AppData\Local\Temp\ccWcPaTf.s:103    .text._Z17hex2SevenSegmentsh13displayType_th:0000000000000036 .Loc.19
C:\Users\kenne\AppData\Local\Temp\ccWcPaTf.s:107    .text._Z17hex2SevenSegmentsh13displayType_th:0000000000000038 .Loc.20
C:\Users\kenne\AppData\Local\Temp\ccWcPaTf.s:108    .text._Z17hex2SevenSegmentsh13displayType_th:0000000000000038 .Loc.21
C:\Users\kenne\AppData\Local\Temp\ccWcPaTf.s:109    .text._Z17hex2SevenSegmentsh13displayType_th:0000000000000038 .Loc.22
C:\Users\kenne\AppData\Local\Temp\ccWcPaTf.s:110    .text._Z17hex2SevenSegmentsh13displayType_th:0000000000000038 .Loc.23
C:\Users\kenne\AppData\Local\Temp\ccWcPaTf.s:113    .text._Z17hex2SevenSegmentsh13displayType_th:000000000000003a .Loc.24
C:\Users\kenne\AppData\Local\Temp\ccWcPaTf.s:117    .text._Z17hex2SevenSegmentsh13displayType_th:000000000000003c .Loc.25
C:\Users\kenne\AppData\Local\Temp\ccWcPaTf.s:118    .text._Z17hex2SevenSegmentsh13displayType_th:000000000000003c .Loc.26
C:\Users\kenne\AppData\Local\Temp\ccWcPaTf.s:119    .text._Z17hex2SevenSegmentsh13displayType_th:000000000000003c .Loc.27
C:\Users\kenne\AppData\Local\Temp\ccWcPaTf.s:120    .text._Z17hex2SevenSegmentsh13displayType_th:000000000000003c .Loc.28
C:\Users\kenne\AppData\Local\Temp\ccWcPaTf.s:123    .text._Z17hex2SevenSegmentsh13displayType_th:000000000000003e .Loc.29
C:\Users\kenne\AppData\Local\Temp\ccWcPaTf.s:127    .text._Z17hex2SevenSegmentsh13displayType_th:0000000000000040 .Loc.30
C:\Users\kenne\AppData\Local\Temp\ccWcPaTf.s:128    .text._Z17hex2SevenSegmentsh13displayType_th:0000000000000040 .Loc.31
C:\Users\kenne\AppData\Local\Temp\ccWcPaTf.s:129    .text._Z17hex2SevenSegmentsh13displayType_th:0000000000000040 .Loc.32
C:\Users\kenne\AppData\Local\Temp\ccWcPaTf.s:130    .text._Z17hex2SevenSegmentsh13displayType_th:0000000000000040 .Loc.33
C:\Users\kenne\AppData\Local\Temp\ccWcPaTf.s:133    .text._Z17hex2SevenSegmentsh13displayType_th:0000000000000042 .Loc.34
C:\Users\kenne\AppData\Local\Temp\ccWcPaTf.s:137    .text._Z17hex2SevenSegmentsh13displayType_th:0000000000000044 .Loc.35
C:\Users\kenne\AppData\Local\Temp\ccWcPaTf.s:138    .text._Z17hex2SevenSegmentsh13displayType_th:0000000000000044 .Loc.36
C:\Users\kenne\AppData\Local\Temp\ccWcPaTf.s:139    .text._Z17hex2SevenSegmentsh13displayType_th:0000000000000044 .Loc.37
C:\Users\kenne\AppData\Local\Temp\ccWcPaTf.s:140    .text._Z17hex2SevenSegmentsh13displayType_th:0000000000000044 .Loc.38
C:\Users\kenne\AppData\Local\Temp\ccWcPaTf.s:143    .text._Z17hex2SevenSegmentsh13displayType_th:0000000000000046 .Loc.39
C:\Users\kenne\AppData\Local\Temp\ccWcPaTf.s:147    .text._Z17hex2SevenSegmentsh13displayType_th:0000000000000048 .Loc.40
C:\Users\kenne\AppData\Local\Temp\ccWcPaTf.s:148    .text._Z17hex2SevenSegmentsh13displayType_th:0000000000000048 .Loc.41
C:\Users\kenne\AppData\Local\Temp\ccWcPaTf.s:149    .text._Z17hex2SevenSegmentsh13displayType_th:0000000000000048 .Loc.42
C:\Users\kenne\AppData\Local\Temp\ccWcPaTf.s:150    .text._Z17hex2SevenSegmentsh13displayType_th:0000000000000048 .Loc.43
C:\Users\kenne\AppData\Local\Temp\ccWcPaTf.s:153    .text._Z17hex2SevenSegmentsh13displayType_th:000000000000004a .Loc.44
C:\Users\kenne\AppData\Local\Temp\ccWcPaTf.s:157    .text._Z17hex2SevenSegmentsh13displayType_th:000000000000004c .Loc.45
C:\Users\kenne\AppData\Local\Temp\ccWcPaTf.s:158    .text._Z17hex2SevenSegmentsh13displayType_th:000000000000004c .Loc.46
C:\Users\kenne\AppData\Local\Temp\ccWcPaTf.s:159    .text._Z17hex2SevenSegmentsh13displayType_th:000000000000004c .Loc.47
GAS LISTING C:\Users\kenne\AppData\Local\Temp\ccWcPaTf.s 			page 9


C:\Users\kenne\AppData\Local\Temp\ccWcPaTf.s:160    .text._Z17hex2SevenSegmentsh13displayType_th:000000000000004c .Loc.48
C:\Users\kenne\AppData\Local\Temp\ccWcPaTf.s:163    .text._Z17hex2SevenSegmentsh13displayType_th:000000000000004e .Loc.49
C:\Users\kenne\AppData\Local\Temp\ccWcPaTf.s:167    .text._Z17hex2SevenSegmentsh13displayType_th:0000000000000050 .Loc.50
C:\Users\kenne\AppData\Local\Temp\ccWcPaTf.s:168    .text._Z17hex2SevenSegmentsh13displayType_th:0000000000000050 .Loc.51
C:\Users\kenne\AppData\Local\Temp\ccWcPaTf.s:169    .text._Z17hex2SevenSegmentsh13displayType_th:0000000000000050 .Loc.52
C:\Users\kenne\AppData\Local\Temp\ccWcPaTf.s:170    .text._Z17hex2SevenSegmentsh13displayType_th:0000000000000050 .Loc.53
C:\Users\kenne\AppData\Local\Temp\ccWcPaTf.s:173    .text._Z17hex2SevenSegmentsh13displayType_th:0000000000000052 .Loc.54
C:\Users\kenne\AppData\Local\Temp\ccWcPaTf.s:177    .text._Z17hex2SevenSegmentsh13displayType_th:0000000000000054 .Loc.55
C:\Users\kenne\AppData\Local\Temp\ccWcPaTf.s:178    .text._Z17hex2SevenSegmentsh13displayType_th:0000000000000054 .Loc.56
C:\Users\kenne\AppData\Local\Temp\ccWcPaTf.s:179    .text._Z17hex2SevenSegmentsh13displayType_th:0000000000000054 .Loc.57
C:\Users\kenne\AppData\Local\Temp\ccWcPaTf.s:180    .text._Z17hex2SevenSegmentsh13displayType_th:0000000000000054 .Loc.58
C:\Users\kenne\AppData\Local\Temp\ccWcPaTf.s:183    .text._Z17hex2SevenSegmentsh13displayType_th:0000000000000056 .Loc.59
C:\Users\kenne\AppData\Local\Temp\ccWcPaTf.s:187    .text._Z17hex2SevenSegmentsh13displayType_th:0000000000000058 .Loc.60
C:\Users\kenne\AppData\Local\Temp\ccWcPaTf.s:188    .text._Z17hex2SevenSegmentsh13displayType_th:0000000000000058 .Loc.61
C:\Users\kenne\AppData\Local\Temp\ccWcPaTf.s:189    .text._Z17hex2SevenSegmentsh13displayType_th:0000000000000058 .Loc.62
C:\Users\kenne\AppData\Local\Temp\ccWcPaTf.s:190    .text._Z17hex2SevenSegmentsh13displayType_th:0000000000000058 .Loc.63
C:\Users\kenne\AppData\Local\Temp\ccWcPaTf.s:193    .text._Z17hex2SevenSegmentsh13displayType_th:000000000000005a .Loc.64
C:\Users\kenne\AppData\Local\Temp\ccWcPaTf.s:197    .text._Z17hex2SevenSegmentsh13displayType_th:000000000000005c .Loc.65
C:\Users\kenne\AppData\Local\Temp\ccWcPaTf.s:198    .text._Z17hex2SevenSegmentsh13displayType_th:000000000000005c .Loc.66
C:\Users\kenne\AppData\Local\Temp\ccWcPaTf.s:199    .text._Z17hex2SevenSegmentsh13displayType_th:000000000000005c .Loc.67
C:\Users\kenne\AppData\Local\Temp\ccWcPaTf.s:200    .text._Z17hex2SevenSegmentsh13displayType_th:000000000000005c .Loc.68
C:\Users\kenne\AppData\Local\Temp\ccWcPaTf.s:203    .text._Z17hex2SevenSegmentsh13displayType_th:000000000000005e .Loc.69
C:\Users\kenne\AppData\Local\Temp\ccWcPaTf.s:207    .text._Z17hex2SevenSegmentsh13displayType_th:0000000000000060 .Loc.70
C:\Users\kenne\AppData\Local\Temp\ccWcPaTf.s:208    .text._Z17hex2SevenSegmentsh13displayType_th:0000000000000060 .Loc.71
C:\Users\kenne\AppData\Local\Temp\ccWcPaTf.s:209    .text._Z17hex2SevenSegmentsh13displayType_th:0000000000000060 .Loc.72
C:\Users\kenne\AppData\Local\Temp\ccWcPaTf.s:210    .text._Z17hex2SevenSegmentsh13displayType_th:0000000000000060 .Loc.73
C:\Users\kenne\AppData\Local\Temp\ccWcPaTf.s:213    .text._Z17hex2SevenSegmentsh13displayType_th:0000000000000062 .Loc.74
C:\Users\kenne\AppData\Local\Temp\ccWcPaTf.s:217    .text._Z17hex2SevenSegmentsh13displayType_th:0000000000000064 .Loc.75
C:\Users\kenne\AppData\Local\Temp\ccWcPaTf.s:218    .text._Z17hex2SevenSegmentsh13displayType_th:0000000000000064 .Loc.76
C:\Users\kenne\AppData\Local\Temp\ccWcPaTf.s:219    .text._Z17hex2SevenSegmentsh13displayType_th:0000000000000064 .Loc.77
C:\Users\kenne\AppData\Local\Temp\ccWcPaTf.s:220    .text._Z17hex2SevenSegmentsh13displayType_th:0000000000000064 .Loc.78
C:\Users\kenne\AppData\Local\Temp\ccWcPaTf.s:223    .text._Z17hex2SevenSegmentsh13displayType_th:0000000000000066 .Loc.79
C:\Users\kenne\AppData\Local\Temp\ccWcPaTf.s:227    .text._Z17hex2SevenSegmentsh13displayType_th:0000000000000068 .Loc.80
C:\Users\kenne\AppData\Local\Temp\ccWcPaTf.s:228    .text._Z17hex2SevenSegmentsh13displayType_th:0000000000000068 .Loc.81
C:\Users\kenne\AppData\Local\Temp\ccWcPaTf.s:229    .text._Z17hex2SevenSegmentsh13displayType_th:0000000000000068 .Loc.82
C:\Users\kenne\AppData\Local\Temp\ccWcPaTf.s:230    .text._Z17hex2SevenSegmentsh13displayType_th:0000000000000068 .Loc.83
C:\Users\kenne\AppData\Local\Temp\ccWcPaTf.s:233    .text._Z17hex2SevenSegmentsh13displayType_th:000000000000006a .Loc.84
C:\Users\kenne\AppData\Local\Temp\ccWcPaTf.s:237    .text._Z17hex2SevenSegmentsh13displayType_th:000000000000006c .Loc.85
C:\Users\kenne\AppData\Local\Temp\ccWcPaTf.s:240    .text._Z17hex2SevenSegmentsh13displayType_th:000000000000006e .Loc.86
C:\Users\kenne\AppData\Local\Temp\ccWcPaTf.s:244    .text._Z17hex2SevenSegmentsh13displayType_th:0000000000000070 .Loc.87
C:\Users\kenne\AppData\Local\Temp\ccWcPaTf.s:247    .text._Z17hex2SevenSegmentsh13displayType_th:0000000000000072 .Loc.88
C:\Users\kenne\AppData\Local\Temp\ccWcPaTf.s:251    .text._Z17hex2SevenSegmentsh13displayType_th:0000000000000074 .Loc.89
C:\Users\kenne\AppData\Local\Temp\ccWcPaTf.s:254    .text._Z17hex2SevenSegmentsh13displayType_th:0000000000000076 .Loc.90
C:\Users\kenne\AppData\Local\Temp\ccWcPaTf.s:256    .text._Z17hex2SevenSegmentsh13displayType_th:0000000000000078 L0
C:\Users\kenne\AppData\Local\Temp\ccWcPaTf.s:259    .text._Z17hex2SevenSegmentsh13displayType_th:0000000000000078 L0
                     .debug_frame:0000000000000000 L0
C:\Users\kenne\AppData\Local\Temp\ccWcPaTf.s:65     .text._Z17hex2SevenSegmentsh13displayType_th:000000000000001c .L2
C:\Users\kenne\AppData\Local\Temp\ccWcPaTf.s:59     .text._Z17hex2SevenSegmentsh13displayType_th:0000000000000018 .L3
C:\Users\kenne\AppData\Local\Temp\ccWcPaTf.s:41     .jumptables.gcc._Z17hex2SevenSegmentsh13displayType_th:0000000000000000 .L5
C:\Users\kenne\AppData\Local\Temp\ccWcPaTf.s:74     .text._Z17hex2SevenSegmentsh13displayType_th:0000000000000026 .L20
C:\Users\kenne\AppData\Local\Temp\ccWcPaTf.s:243    .text._Z17hex2SevenSegmentsh13displayType_th:0000000000000070 .L24
C:\Users\kenne\AppData\Local\Temp\ccWcPaTf.s:250    .text._Z17hex2SevenSegmentsh13displayType_th:0000000000000074 .L25
C:\Users\kenne\AppData\Local\Temp\ccWcPaTf.s:91     .text._Z17hex2SevenSegmentsh13displayType_th:0000000000000032 .L1
C:\Users\kenne\AppData\Local\Temp\ccWcPaTf.s:236    .text._Z17hex2SevenSegmentsh13displayType_th:000000000000006c .L23
C:\Users\kenne\AppData\Local\Temp\ccWcPaTf.s:96     .text._Z17hex2SevenSegmentsh13displayType_th:0000000000000034 .L19
C:\Users\kenne\AppData\Local\Temp\ccWcPaTf.s:106    .text._Z17hex2SevenSegmentsh13displayType_th:0000000000000038 .L18
C:\Users\kenne\AppData\Local\Temp\ccWcPaTf.s:116    .text._Z17hex2SevenSegmentsh13displayType_th:000000000000003c .L17
GAS LISTING C:\Users\kenne\AppData\Local\Temp\ccWcPaTf.s 			page 10


C:\Users\kenne\AppData\Local\Temp\ccWcPaTf.s:126    .text._Z17hex2SevenSegmentsh13displayType_th:0000000000000040 .L16
C:\Users\kenne\AppData\Local\Temp\ccWcPaTf.s:136    .text._Z17hex2SevenSegmentsh13displayType_th:0000000000000044 .L15
C:\Users\kenne\AppData\Local\Temp\ccWcPaTf.s:146    .text._Z17hex2SevenSegmentsh13displayType_th:0000000000000048 .L14
C:\Users\kenne\AppData\Local\Temp\ccWcPaTf.s:156    .text._Z17hex2SevenSegmentsh13displayType_th:000000000000004c .L12
C:\Users\kenne\AppData\Local\Temp\ccWcPaTf.s:166    .text._Z17hex2SevenSegmentsh13displayType_th:0000000000000050 .L11
C:\Users\kenne\AppData\Local\Temp\ccWcPaTf.s:176    .text._Z17hex2SevenSegmentsh13displayType_th:0000000000000054 .L10
C:\Users\kenne\AppData\Local\Temp\ccWcPaTf.s:186    .text._Z17hex2SevenSegmentsh13displayType_th:0000000000000058 .L9
C:\Users\kenne\AppData\Local\Temp\ccWcPaTf.s:196    .text._Z17hex2SevenSegmentsh13displayType_th:000000000000005c .L8
C:\Users\kenne\AppData\Local\Temp\ccWcPaTf.s:206    .text._Z17hex2SevenSegmentsh13displayType_th:0000000000000060 .L7
C:\Users\kenne\AppData\Local\Temp\ccWcPaTf.s:216    .text._Z17hex2SevenSegmentsh13displayType_th:0000000000000064 .L6
C:\Users\kenne\AppData\Local\Temp\ccWcPaTf.s:226    .text._Z17hex2SevenSegmentsh13displayType_th:0000000000000068 .L4
C:\Users\kenne\AppData\Local\Temp\ccWcPaTf.s:385    .debug_abbrev:0000000000000000 .Ldebug_abbrev0
C:\Users\kenne\AppData\Local\Temp\ccWcPaTf.s:1179   .debug_rnglists:000000000000000c .LLRL2
C:\Users\kenne\AppData\Local\Temp\ccWcPaTf.s:1186   .debug_line:0000000000000000 .Ldebug_line0
C:\Users\kenne\AppData\Local\Temp\ccWcPaTf.s:16     .text._Z17hex2SevenSegmentsh13displayType_th:0000000000000000 .LFB0
C:\Users\kenne\AppData\Local\Temp\ccWcPaTf.s:257    .text._Z17hex2SevenSegmentsh13displayType_th:0000000000000078 .LFE0
C:\Users\kenne\AppData\Local\Temp\ccWcPaTf.s:642    .debug_loclists:0000000000000058 .LLST0
C:\Users\kenne\AppData\Local\Temp\ccWcPaTf.s:565    .debug_loclists:000000000000000c .LVUS0
C:\Users\kenne\AppData\Local\Temp\ccWcPaTf.s:956    .debug_loclists:0000000000000193 .LLST1
C:\Users\kenne\AppData\Local\Temp\ccWcPaTf.s:893    .debug_loclists:0000000000000155 .LVUS1
C:\Users\kenne\AppData\Local\Temp\ccWcPaTf.s:15     .text._Z17hex2SevenSegmentsh13displayType_th:0000000000000000 .LVL0
C:\Users\kenne\AppData\Local\Temp\ccWcPaTf.s:28     .text._Z17hex2SevenSegmentsh13displayType_th:0000000000000004 .LVL1
C:\Users\kenne\AppData\Local\Temp\ccWcPaTf.s:264    .debug_info:0000000000000000 .Ldebug_info0

UNDEFINED SYMBOLS
__tablejump2__
